[2022-06-01 10:18:36,231] {taskinstance.py:1032} INFO - Dependencies all met for <TaskInstance: PostgresIngestionDAG.ingest scheduled__2022-05-24T16:00:00+00:00 [queued]>
[2022-06-01 10:18:38,275] {taskinstance.py:1032} INFO - Dependencies all met for <TaskInstance: PostgresIngestionDAG.ingest scheduled__2022-05-24T16:00:00+00:00 [queued]>
[2022-06-01 10:18:38,275] {taskinstance.py:1238} INFO - 
--------------------------------------------------------------------------------
[2022-06-01 10:18:38,275] {taskinstance.py:1239} INFO - Starting attempt 1 of 1
[2022-06-01 10:18:38,276] {taskinstance.py:1240} INFO - 
--------------------------------------------------------------------------------
[2022-06-01 10:18:39,506] {taskinstance.py:1259} INFO - Executing <Task(BashOperator): ingest> on 2022-05-24 16:00:00+00:00
[2022-06-01 10:18:39,771] {standard_task_runner.py:52} INFO - Started process 914 to run task
[2022-06-01 10:18:40,134] {standard_task_runner.py:76} INFO - Running: ['***', 'tasks', 'run', 'PostgresIngestionDAG', 'ingest', 'scheduled__2022-05-24T16:00:00+00:00', '--job-id', '62', '--raw', '--subdir', 'DAGS_FOLDER/ingest_to_postgres.py', '--cfg-path', '/tmp/tmp2m8j4nsu', '--error-file', '/tmp/tmpcl28_lgt']
[2022-06-01 10:18:40,270] {standard_task_runner.py:77} INFO - Job 62: Subtask ingest
[2022-06-01 10:18:45,745] {logging_mixin.py:109} INFO - Running <TaskInstance: PostgresIngestionDAG.ingest scheduled__2022-05-24T16:00:00+00:00 [running]> on host 5b72bd51239c
[2022-06-01 10:18:51,493] {taskinstance.py:1426} INFO - Exporting the following env vars:
AIRFLOW_CTX_DAG_OWNER=***
AIRFLOW_CTX_DAG_ID=PostgresIngestionDAG
AIRFLOW_CTX_TASK_ID=ingest
AIRFLOW_CTX_EXECUTION_DATE=2022-05-24T16:00:00+00:00
AIRFLOW_CTX_DAG_RUN_ID=scheduled__2022-05-24T16:00:00+00:00
[2022-06-01 10:18:51,529] {subprocess.py:62} INFO - Tmp dir root location: 
 /tmp
[2022-06-01 10:18:51,563] {subprocess.py:74} INFO - Running command: ['bash', '-c', 'pwd']
[2022-06-01 10:18:52,069] {subprocess.py:85} INFO - Output:
[2022-06-01 10:18:52,089] {subprocess.py:89} INFO - /tmp/***tmpwe_dcg0b
[2022-06-01 10:18:52,255] {subprocess.py:93} INFO - Command exited with return code 0
[2022-06-01 10:18:53,215] {taskinstance.py:1277} INFO - Marking task as SUCCESS. dag_id=PostgresIngestionDAG, task_id=ingest, execution_date=20220524T160000, start_date=20220601T101836, end_date=20220601T101853
[2022-06-01 10:18:54,722] {local_task_job.py:154} INFO - Task exited with return code 0
[2022-06-01 10:18:56,485] {local_task_job.py:264} INFO - 0 downstream tasks scheduled from follow-on schedule check
