[2022-06-01 10:15:12,755] {taskinstance.py:1032} INFO - Dependencies all met for <TaskInstance: PostgresIngestionDAG.wget manual__2022-06-01T10:15:06.595067+00:00 [queued]>
[2022-06-01 10:15:12,928] {taskinstance.py:1032} INFO - Dependencies all met for <TaskInstance: PostgresIngestionDAG.wget manual__2022-06-01T10:15:06.595067+00:00 [queued]>
[2022-06-01 10:15:12,946] {taskinstance.py:1238} INFO - 
--------------------------------------------------------------------------------
[2022-06-01 10:15:12,948] {taskinstance.py:1239} INFO - Starting attempt 1 of 1
[2022-06-01 10:15:12,960] {taskinstance.py:1240} INFO - 
--------------------------------------------------------------------------------
[2022-06-01 10:15:13,122] {taskinstance.py:1259} INFO - Executing <Task(BashOperator): wget> on 2022-06-01 10:15:06.595067+00:00
[2022-06-01 10:15:13,191] {standard_task_runner.py:52} INFO - Started process 672 to run task
[2022-06-01 10:15:13,346] {standard_task_runner.py:76} INFO - Running: ['***', 'tasks', 'run', 'PostgresIngestionDAG', 'wget', 'manual__2022-06-01T10:15:06.595067+00:00', '--job-id', '9', '--raw', '--subdir', 'DAGS_FOLDER/ingest_to_postgres.py', '--cfg-path', '/tmp/tmp9m6e0fwd', '--error-file', '/tmp/tmpy814d9mx']
[2022-06-01 10:15:13,364] {standard_task_runner.py:77} INFO - Job 9: Subtask wget
[2022-06-01 10:15:15,172] {logging_mixin.py:109} INFO - Running <TaskInstance: PostgresIngestionDAG.wget manual__2022-06-01T10:15:06.595067+00:00 [running]> on host 5b72bd51239c
[2022-06-01 10:15:18,631] {taskinstance.py:1426} INFO - Exporting the following env vars:
AIRFLOW_CTX_DAG_OWNER=***
AIRFLOW_CTX_DAG_ID=PostgresIngestionDAG
AIRFLOW_CTX_TASK_ID=wget
AIRFLOW_CTX_EXECUTION_DATE=2022-06-01T10:15:06.595067+00:00
AIRFLOW_CTX_DAG_RUN_ID=manual__2022-06-01T10:15:06.595067+00:00
[2022-06-01 10:15:18,720] {subprocess.py:62} INFO - Tmp dir root location: 
 /tmp
[2022-06-01 10:15:18,755] {subprocess.py:74} INFO - Running command: ['bash', '-c', 'echo "hello world!"']
[2022-06-01 10:15:19,841] {subprocess.py:85} INFO - Output:
[2022-06-01 10:15:20,355] {subprocess.py:89} INFO - hello world!
[2022-06-01 10:15:20,429] {subprocess.py:93} INFO - Command exited with return code 0
[2022-06-01 10:15:22,666] {taskinstance.py:1277} INFO - Marking task as SUCCESS. dag_id=PostgresIngestionDAG, task_id=wget, execution_date=20220601T101506, start_date=20220601T101512, end_date=20220601T101522
[2022-06-01 10:15:24,120] {local_task_job.py:154} INFO - Task exited with return code 0
[2022-06-01 10:15:25,603] {local_task_job.py:264} INFO - 1 downstream tasks scheduled from follow-on schedule check
