[2022-06-01 19:06:46,708] {taskinstance.py:1032} INFO - Dependencies all met for <TaskInstance: PostgresIngestionDAG.wget scheduled__2022-01-28T16:00:00+00:00 [queued]>
[2022-06-01 19:06:47,007] {taskinstance.py:1032} INFO - Dependencies all met for <TaskInstance: PostgresIngestionDAG.wget scheduled__2022-01-28T16:00:00+00:00 [queued]>
[2022-06-01 19:06:47,007] {taskinstance.py:1238} INFO - 
--------------------------------------------------------------------------------
[2022-06-01 19:06:47,007] {taskinstance.py:1239} INFO - Starting attempt 1 of 1
[2022-06-01 19:06:47,008] {taskinstance.py:1240} INFO - 
--------------------------------------------------------------------------------
[2022-06-01 19:06:47,268] {taskinstance.py:1259} INFO - Executing <Task(BashOperator): wget> on 2022-01-28 16:00:00+00:00
[2022-06-01 19:06:47,390] {standard_task_runner.py:52} INFO - Started process 375 to run task
[2022-06-01 19:06:47,664] {standard_task_runner.py:76} INFO - Running: ['***', 'tasks', 'run', 'PostgresIngestionDAG', 'wget', 'scheduled__2022-01-28T16:00:00+00:00', '--job-id', '110', '--raw', '--subdir', 'DAGS_FOLDER/ingest_to_postgres.py', '--cfg-path', '/tmp/tmpfo91qcda', '--error-file', '/tmp/tmprcsmu5rr']
[2022-06-01 19:06:47,711] {standard_task_runner.py:77} INFO - Job 110: Subtask wget
[2022-06-01 19:06:49,879] {logging_mixin.py:109} INFO - Running <TaskInstance: PostgresIngestionDAG.wget scheduled__2022-01-28T16:00:00+00:00 [running]> on host 45f40c91492d
[2022-06-01 19:06:51,216] {warnings.py:110} WARNING - /home/***/.local/lib/python3.7/site-packages/***/utils/context.py:152: AirflowContextDeprecationWarning: Accessing 'execution_date' from the template is deprecated and will be removed in a future version. Please use 'data_interval_start' or 'logical_date' instead.
  warnings.warn(_create_deprecation_warning(key, self._deprecation_replacements[key]))

[2022-06-01 19:06:51,507] {taskinstance.py:1426} INFO - Exporting the following env vars:
AIRFLOW_CTX_DAG_OWNER=***
AIRFLOW_CTX_DAG_ID=PostgresIngestionDAG
AIRFLOW_CTX_TASK_ID=wget
AIRFLOW_CTX_EXECUTION_DATE=2022-01-28T16:00:00+00:00
AIRFLOW_CTX_DAG_RUN_ID=scheduled__2022-01-28T16:00:00+00:00
[2022-06-01 19:06:51,525] {subprocess.py:62} INFO - Tmp dir root location: 
 /tmp
[2022-06-01 19:06:51,538] {subprocess.py:74} INFO - Running command: ['bash', '-c', 'curl -sSL https://nyc-tlc.s3.amazonaws.com/trip+data/fhv_tripdata_2022-01.parquet > /opt/***/file_2022-01.parquet']
[2022-06-01 19:06:52,054] {subprocess.py:85} INFO - Output:
[2022-06-01 19:06:53,916] {subprocess.py:93} INFO - Command exited with return code 0
[2022-06-01 19:06:54,248] {taskinstance.py:1277} INFO - Marking task as SUCCESS. dag_id=PostgresIngestionDAG, task_id=wget, execution_date=20220128T160000, start_date=20220601T190646, end_date=20220601T190654
[2022-06-01 19:06:54,741] {local_task_job.py:154} INFO - Task exited with return code 0
[2022-06-01 19:06:55,189] {local_task_job.py:264} INFO - 1 downstream tasks scheduled from follow-on schedule check
