[2022-06-01 10:18:52,859] {taskinstance.py:1032} INFO - Dependencies all met for <TaskInstance: PostgresIngestionDAG.ingest scheduled__2022-05-27T16:00:00+00:00 [queued]>
[2022-06-01 10:18:53,710] {taskinstance.py:1032} INFO - Dependencies all met for <TaskInstance: PostgresIngestionDAG.ingest scheduled__2022-05-27T16:00:00+00:00 [queued]>
[2022-06-01 10:18:53,710] {taskinstance.py:1238} INFO - 
--------------------------------------------------------------------------------
[2022-06-01 10:18:53,710] {taskinstance.py:1239} INFO - Starting attempt 1 of 1
[2022-06-01 10:18:53,710] {taskinstance.py:1240} INFO - 
--------------------------------------------------------------------------------
[2022-06-01 10:18:55,017] {taskinstance.py:1259} INFO - Executing <Task(BashOperator): ingest> on 2022-05-27 16:00:00+00:00
[2022-06-01 10:18:55,456] {standard_task_runner.py:52} INFO - Started process 931 to run task
[2022-06-01 10:18:55,778] {standard_task_runner.py:76} INFO - Running: ['***', 'tasks', 'run', 'PostgresIngestionDAG', 'ingest', 'scheduled__2022-05-27T16:00:00+00:00', '--job-id', '65', '--raw', '--subdir', 'DAGS_FOLDER/ingest_to_postgres.py', '--cfg-path', '/tmp/tmpx1pqnzc3', '--error-file', '/tmp/tmppln0_gu6']
[2022-06-01 10:18:55,810] {standard_task_runner.py:77} INFO - Job 65: Subtask ingest
[2022-06-01 10:19:00,867] {logging_mixin.py:109} INFO - Running <TaskInstance: PostgresIngestionDAG.ingest scheduled__2022-05-27T16:00:00+00:00 [running]> on host 5b72bd51239c
[2022-06-01 10:19:04,249] {taskinstance.py:1426} INFO - Exporting the following env vars:
AIRFLOW_CTX_DAG_OWNER=***
AIRFLOW_CTX_DAG_ID=PostgresIngestionDAG
AIRFLOW_CTX_TASK_ID=ingest
AIRFLOW_CTX_EXECUTION_DATE=2022-05-27T16:00:00+00:00
AIRFLOW_CTX_DAG_RUN_ID=scheduled__2022-05-27T16:00:00+00:00
[2022-06-01 10:19:04,289] {subprocess.py:62} INFO - Tmp dir root location: 
 /tmp
[2022-06-01 10:19:04,353] {subprocess.py:74} INFO - Running command: ['bash', '-c', 'pwd']
[2022-06-01 10:19:05,076] {subprocess.py:85} INFO - Output:
[2022-06-01 10:19:05,142] {subprocess.py:89} INFO - /tmp/***tmpimtep6j_
[2022-06-01 10:19:05,256] {subprocess.py:93} INFO - Command exited with return code 0
[2022-06-01 10:19:06,314] {taskinstance.py:1277} INFO - Marking task as SUCCESS. dag_id=PostgresIngestionDAG, task_id=ingest, execution_date=20220527T160000, start_date=20220601T101852, end_date=20220601T101906
[2022-06-01 10:19:08,055] {local_task_job.py:154} INFO - Task exited with return code 0
[2022-06-01 10:19:09,040] {local_task_job.py:264} INFO - 0 downstream tasks scheduled from follow-on schedule check
