[2022-06-01 10:18:57,008] {taskinstance.py:1032} INFO - Dependencies all met for <TaskInstance: PostgresIngestionDAG.ingest scheduled__2022-05-28T16:00:00+00:00 [queued]>
[2022-06-01 10:18:58,880] {taskinstance.py:1032} INFO - Dependencies all met for <TaskInstance: PostgresIngestionDAG.ingest scheduled__2022-05-28T16:00:00+00:00 [queued]>
[2022-06-01 10:18:59,000] {taskinstance.py:1238} INFO - 
--------------------------------------------------------------------------------
[2022-06-01 10:18:59,016] {taskinstance.py:1239} INFO - Starting attempt 1 of 1
[2022-06-01 10:18:59,028] {taskinstance.py:1240} INFO - 
--------------------------------------------------------------------------------
[2022-06-01 10:19:00,023] {taskinstance.py:1259} INFO - Executing <Task(BashOperator): ingest> on 2022-05-28 16:00:00+00:00
[2022-06-01 10:19:00,364] {standard_task_runner.py:52} INFO - Started process 933 to run task
[2022-06-01 10:19:00,792] {standard_task_runner.py:76} INFO - Running: ['***', 'tasks', 'run', 'PostgresIngestionDAG', 'ingest', 'scheduled__2022-05-28T16:00:00+00:00', '--job-id', '66', '--raw', '--subdir', 'DAGS_FOLDER/ingest_to_postgres.py', '--cfg-path', '/tmp/tmpefj2e691', '--error-file', '/tmp/tmpv4anc2a_']
[2022-06-01 10:19:00,888] {standard_task_runner.py:77} INFO - Job 66: Subtask ingest
[2022-06-01 10:19:04,256] {logging_mixin.py:109} INFO - Running <TaskInstance: PostgresIngestionDAG.ingest scheduled__2022-05-28T16:00:00+00:00 [running]> on host 5b72bd51239c
[2022-06-01 10:19:08,107] {taskinstance.py:1426} INFO - Exporting the following env vars:
AIRFLOW_CTX_DAG_OWNER=***
AIRFLOW_CTX_DAG_ID=PostgresIngestionDAG
AIRFLOW_CTX_TASK_ID=ingest
AIRFLOW_CTX_EXECUTION_DATE=2022-05-28T16:00:00+00:00
AIRFLOW_CTX_DAG_RUN_ID=scheduled__2022-05-28T16:00:00+00:00
[2022-06-01 10:19:08,135] {subprocess.py:62} INFO - Tmp dir root location: 
 /tmp
[2022-06-01 10:19:08,214] {subprocess.py:74} INFO - Running command: ['bash', '-c', 'pwd']
[2022-06-01 10:19:08,801] {subprocess.py:85} INFO - Output:
[2022-06-01 10:19:08,807] {subprocess.py:89} INFO - /tmp/***tmpmiidswet
[2022-06-01 10:19:08,848] {subprocess.py:93} INFO - Command exited with return code 0
[2022-06-01 10:19:09,610] {taskinstance.py:1277} INFO - Marking task as SUCCESS. dag_id=PostgresIngestionDAG, task_id=ingest, execution_date=20220528T160000, start_date=20220601T101857, end_date=20220601T101909
[2022-06-01 10:19:10,295] {local_task_job.py:154} INFO - Task exited with return code 0
[2022-06-01 10:19:10,876] {local_task_job.py:264} INFO - 0 downstream tasks scheduled from follow-on schedule check
