[2022-06-01 10:18:13,592] {taskinstance.py:1032} INFO - Dependencies all met for <TaskInstance: PostgresIngestionDAG.ingest scheduled__2022-05-21T16:00:00+00:00 [queued]>
[2022-06-01 10:18:15,103] {taskinstance.py:1032} INFO - Dependencies all met for <TaskInstance: PostgresIngestionDAG.ingest scheduled__2022-05-21T16:00:00+00:00 [queued]>
[2022-06-01 10:18:15,218] {taskinstance.py:1238} INFO - 
--------------------------------------------------------------------------------
[2022-06-01 10:18:15,228] {taskinstance.py:1239} INFO - Starting attempt 1 of 1
[2022-06-01 10:18:15,240] {taskinstance.py:1240} INFO - 
--------------------------------------------------------------------------------
[2022-06-01 10:18:15,779] {taskinstance.py:1259} INFO - Executing <Task(BashOperator): ingest> on 2022-05-21 16:00:00+00:00
[2022-06-01 10:18:16,376] {standard_task_runner.py:52} INFO - Started process 891 to run task
[2022-06-01 10:18:17,125] {standard_task_runner.py:76} INFO - Running: ['***', 'tasks', 'run', 'PostgresIngestionDAG', 'ingest', 'scheduled__2022-05-21T16:00:00+00:00', '--job-id', '58', '--raw', '--subdir', 'DAGS_FOLDER/ingest_to_postgres.py', '--cfg-path', '/tmp/tmph_u3j51a', '--error-file', '/tmp/tmpmqjpqndg']
[2022-06-01 10:18:17,175] {standard_task_runner.py:77} INFO - Job 58: Subtask ingest
[2022-06-01 10:18:23,954] {logging_mixin.py:109} INFO - Running <TaskInstance: PostgresIngestionDAG.ingest scheduled__2022-05-21T16:00:00+00:00 [running]> on host 5b72bd51239c
[2022-06-01 10:18:32,257] {taskinstance.py:1426} INFO - Exporting the following env vars:
AIRFLOW_CTX_DAG_OWNER=***
AIRFLOW_CTX_DAG_ID=PostgresIngestionDAG
AIRFLOW_CTX_TASK_ID=ingest
AIRFLOW_CTX_EXECUTION_DATE=2022-05-21T16:00:00+00:00
AIRFLOW_CTX_DAG_RUN_ID=scheduled__2022-05-21T16:00:00+00:00
[2022-06-01 10:18:32,319] {subprocess.py:62} INFO - Tmp dir root location: 
 /tmp
[2022-06-01 10:18:32,377] {subprocess.py:74} INFO - Running command: ['bash', '-c', 'pwd']
[2022-06-01 10:18:33,349] {subprocess.py:85} INFO - Output:
[2022-06-01 10:18:33,398] {subprocess.py:89} INFO - /tmp/***tmp4ye29hfg
[2022-06-01 10:18:33,518] {subprocess.py:93} INFO - Command exited with return code 0
[2022-06-01 10:18:34,451] {taskinstance.py:1277} INFO - Marking task as SUCCESS. dag_id=PostgresIngestionDAG, task_id=ingest, execution_date=20220521T160000, start_date=20220601T101813, end_date=20220601T101834
[2022-06-01 10:18:35,333] {local_task_job.py:154} INFO - Task exited with return code 0
[2022-06-01 10:18:37,658] {local_task_job.py:264} INFO - 0 downstream tasks scheduled from follow-on schedule check
