[2022-06-01 10:16:10,970] {taskinstance.py:1032} INFO - Dependencies all met for <TaskInstance: PostgresIngestionDAG.ingest scheduled__2022-05-05T16:00:00+00:00 [queued]>
[2022-06-01 10:16:13,655] {taskinstance.py:1032} INFO - Dependencies all met for <TaskInstance: PostgresIngestionDAG.ingest scheduled__2022-05-05T16:00:00+00:00 [queued]>
[2022-06-01 10:16:13,655] {taskinstance.py:1238} INFO - 
--------------------------------------------------------------------------------
[2022-06-01 10:16:13,655] {taskinstance.py:1239} INFO - Starting attempt 1 of 1
[2022-06-01 10:16:13,656] {taskinstance.py:1240} INFO - 
--------------------------------------------------------------------------------
[2022-06-01 10:16:15,023] {taskinstance.py:1259} INFO - Executing <Task(BashOperator): ingest> on 2022-05-05 16:00:00+00:00
[2022-06-01 10:16:15,605] {standard_task_runner.py:52} INFO - Started process 755 to run task
[2022-06-01 10:16:16,153] {standard_task_runner.py:76} INFO - Running: ['***', 'tasks', 'run', 'PostgresIngestionDAG', 'ingest', 'scheduled__2022-05-05T16:00:00+00:00', '--job-id', '30', '--raw', '--subdir', 'DAGS_FOLDER/ingest_to_postgres.py', '--cfg-path', '/tmp/tmpgipn5mlr', '--error-file', '/tmp/tmpqs7etw34']
[2022-06-01 10:16:16,193] {standard_task_runner.py:77} INFO - Job 30: Subtask ingest
[2022-06-01 10:16:19,873] {logging_mixin.py:109} INFO - Running <TaskInstance: PostgresIngestionDAG.ingest scheduled__2022-05-05T16:00:00+00:00 [running]> on host 5b72bd51239c
[2022-06-01 10:16:25,187] {taskinstance.py:1426} INFO - Exporting the following env vars:
AIRFLOW_CTX_DAG_OWNER=***
AIRFLOW_CTX_DAG_ID=PostgresIngestionDAG
AIRFLOW_CTX_TASK_ID=ingest
AIRFLOW_CTX_EXECUTION_DATE=2022-05-05T16:00:00+00:00
AIRFLOW_CTX_DAG_RUN_ID=scheduled__2022-05-05T16:00:00+00:00
[2022-06-01 10:16:25,425] {subprocess.py:62} INFO - Tmp dir root location: 
 /tmp
[2022-06-01 10:16:25,426] {subprocess.py:74} INFO - Running command: ['bash', '-c', 'pwd']
[2022-06-01 10:16:27,471] {subprocess.py:85} INFO - Output:
[2022-06-01 10:16:27,753] {subprocess.py:89} INFO - /tmp/***tmpxt2l_lbw
[2022-06-01 10:16:27,758] {subprocess.py:93} INFO - Command exited with return code 0
[2022-06-01 10:16:30,558] {taskinstance.py:1277} INFO - Marking task as SUCCESS. dag_id=PostgresIngestionDAG, task_id=ingest, execution_date=20220505T160000, start_date=20220601T101610, end_date=20220601T101630
[2022-06-01 10:16:33,101] {local_task_job.py:154} INFO - Task exited with return code 0
[2022-06-01 10:16:34,970] {local_task_job.py:264} INFO - 0 downstream tasks scheduled from follow-on schedule check
