[2022-06-01 10:15:51,287] {taskinstance.py:1032} INFO - Dependencies all met for <TaskInstance: PostgresIngestionDAG.wget scheduled__2022-05-11T16:00:00+00:00 [queued]>
[2022-06-01 10:15:52,977] {taskinstance.py:1032} INFO - Dependencies all met for <TaskInstance: PostgresIngestionDAG.wget scheduled__2022-05-11T16:00:00+00:00 [queued]>
[2022-06-01 10:15:52,994] {taskinstance.py:1238} INFO - 
--------------------------------------------------------------------------------
[2022-06-01 10:15:53,004] {taskinstance.py:1239} INFO - Starting attempt 1 of 1
[2022-06-01 10:15:53,005] {taskinstance.py:1240} INFO - 
--------------------------------------------------------------------------------
[2022-06-01 10:15:53,767] {taskinstance.py:1259} INFO - Executing <Task(BashOperator): wget> on 2022-05-11 16:00:00+00:00
[2022-06-01 10:15:54,011] {standard_task_runner.py:52} INFO - Started process 723 to run task
[2022-06-01 10:15:54,230] {standard_task_runner.py:76} INFO - Running: ['***', 'tasks', 'run', 'PostgresIngestionDAG', 'wget', 'scheduled__2022-05-11T16:00:00+00:00', '--job-id', '23', '--raw', '--subdir', 'DAGS_FOLDER/ingest_to_postgres.py', '--cfg-path', '/tmp/tmpazdvrq30', '--error-file', '/tmp/tmp4ax_ptp3']
[2022-06-01 10:15:54,356] {standard_task_runner.py:77} INFO - Job 23: Subtask wget
[2022-06-01 10:15:58,295] {logging_mixin.py:109} INFO - Running <TaskInstance: PostgresIngestionDAG.wget scheduled__2022-05-11T16:00:00+00:00 [running]> on host 5b72bd51239c
[2022-06-01 10:16:02,754] {taskinstance.py:1426} INFO - Exporting the following env vars:
AIRFLOW_CTX_DAG_OWNER=***
AIRFLOW_CTX_DAG_ID=PostgresIngestionDAG
AIRFLOW_CTX_TASK_ID=wget
AIRFLOW_CTX_EXECUTION_DATE=2022-05-11T16:00:00+00:00
AIRFLOW_CTX_DAG_RUN_ID=scheduled__2022-05-11T16:00:00+00:00
[2022-06-01 10:16:02,777] {subprocess.py:62} INFO - Tmp dir root location: 
 /tmp
[2022-06-01 10:16:02,837] {subprocess.py:74} INFO - Running command: ['bash', '-c', 'echo "hello world!"']
[2022-06-01 10:16:03,545] {subprocess.py:85} INFO - Output:
[2022-06-01 10:16:03,870] {subprocess.py:89} INFO - hello world!
[2022-06-01 10:16:03,969] {subprocess.py:93} INFO - Command exited with return code 0
[2022-06-01 10:16:05,379] {taskinstance.py:1277} INFO - Marking task as SUCCESS. dag_id=PostgresIngestionDAG, task_id=wget, execution_date=20220511T160000, start_date=20220601T101551, end_date=20220601T101605
[2022-06-01 10:16:07,970] {local_task_job.py:154} INFO - Task exited with return code 0
[2022-06-01 10:16:11,309] {local_task_job.py:264} INFO - 0 downstream tasks scheduled from follow-on schedule check
