[2022-06-01 10:17:40,754] {taskinstance.py:1032} INFO - Dependencies all met for <TaskInstance: PostgresIngestionDAG.wget scheduled__2022-05-22T16:00:00+00:00 [queued]>
[2022-06-01 10:17:41,681] {taskinstance.py:1032} INFO - Dependencies all met for <TaskInstance: PostgresIngestionDAG.wget scheduled__2022-05-22T16:00:00+00:00 [queued]>
[2022-06-01 10:17:41,760] {taskinstance.py:1238} INFO - 
--------------------------------------------------------------------------------
[2022-06-01 10:17:41,768] {taskinstance.py:1239} INFO - Starting attempt 1 of 1
[2022-06-01 10:17:41,768] {taskinstance.py:1240} INFO - 
--------------------------------------------------------------------------------
[2022-06-01 10:17:42,673] {taskinstance.py:1259} INFO - Executing <Task(BashOperator): wget> on 2022-05-22 16:00:00+00:00
[2022-06-01 10:17:43,389] {standard_task_runner.py:52} INFO - Started process 858 to run task
[2022-06-01 10:17:44,059] {standard_task_runner.py:76} INFO - Running: ['***', 'tasks', 'run', 'PostgresIngestionDAG', 'wget', 'scheduled__2022-05-22T16:00:00+00:00', '--job-id', '49', '--raw', '--subdir', 'DAGS_FOLDER/ingest_to_postgres.py', '--cfg-path', '/tmp/tmpdkis7kax', '--error-file', '/tmp/tmp5l1retwk']
[2022-06-01 10:17:44,199] {standard_task_runner.py:77} INFO - Job 49: Subtask wget
[2022-06-01 10:17:48,729] {logging_mixin.py:109} INFO - Running <TaskInstance: PostgresIngestionDAG.wget scheduled__2022-05-22T16:00:00+00:00 [running]> on host 5b72bd51239c
[2022-06-01 10:17:53,045] {taskinstance.py:1426} INFO - Exporting the following env vars:
AIRFLOW_CTX_DAG_OWNER=***
AIRFLOW_CTX_DAG_ID=PostgresIngestionDAG
AIRFLOW_CTX_TASK_ID=wget
AIRFLOW_CTX_EXECUTION_DATE=2022-05-22T16:00:00+00:00
AIRFLOW_CTX_DAG_RUN_ID=scheduled__2022-05-22T16:00:00+00:00
[2022-06-01 10:17:53,065] {subprocess.py:62} INFO - Tmp dir root location: 
 /tmp
[2022-06-01 10:17:53,127] {subprocess.py:74} INFO - Running command: ['bash', '-c', 'echo "hello world!"']
[2022-06-01 10:17:53,642] {subprocess.py:85} INFO - Output:
[2022-06-01 10:17:53,861] {subprocess.py:89} INFO - hello world!
[2022-06-01 10:17:53,861] {subprocess.py:93} INFO - Command exited with return code 0
[2022-06-01 10:17:55,064] {taskinstance.py:1277} INFO - Marking task as SUCCESS. dag_id=PostgresIngestionDAG, task_id=wget, execution_date=20220522T160000, start_date=20220601T101740, end_date=20220601T101755
[2022-06-01 10:17:57,857] {local_task_job.py:154} INFO - Task exited with return code 0
[2022-06-01 10:17:59,673] {local_task_job.py:264} INFO - 1 downstream tasks scheduled from follow-on schedule check
