[2022-06-01 10:15:47,730] {taskinstance.py:1032} INFO - Dependencies all met for <TaskInstance: PostgresIngestionDAG.ingest scheduled__2022-05-02T16:00:00+00:00 [queued]>
[2022-06-01 10:15:49,742] {taskinstance.py:1032} INFO - Dependencies all met for <TaskInstance: PostgresIngestionDAG.ingest scheduled__2022-05-02T16:00:00+00:00 [queued]>
[2022-06-01 10:15:49,742] {taskinstance.py:1238} INFO - 
--------------------------------------------------------------------------------
[2022-06-01 10:15:49,742] {taskinstance.py:1239} INFO - Starting attempt 1 of 1
[2022-06-01 10:15:49,742] {taskinstance.py:1240} INFO - 
--------------------------------------------------------------------------------
[2022-06-01 10:15:51,180] {taskinstance.py:1259} INFO - Executing <Task(BashOperator): ingest> on 2022-05-02 16:00:00+00:00
[2022-06-01 10:15:52,026] {standard_task_runner.py:52} INFO - Started process 721 to run task
[2022-06-01 10:15:52,539] {standard_task_runner.py:76} INFO - Running: ['***', 'tasks', 'run', 'PostgresIngestionDAG', 'ingest', 'scheduled__2022-05-02T16:00:00+00:00', '--job-id', '21', '--raw', '--subdir', 'DAGS_FOLDER/ingest_to_postgres.py', '--cfg-path', '/tmp/tmph7_r0xtv', '--error-file', '/tmp/tmp4cqgifmu']
[2022-06-01 10:15:52,539] {standard_task_runner.py:77} INFO - Job 21: Subtask ingest
[2022-06-01 10:15:55,623] {logging_mixin.py:109} INFO - Running <TaskInstance: PostgresIngestionDAG.ingest scheduled__2022-05-02T16:00:00+00:00 [running]> on host 5b72bd51239c
[2022-06-01 10:16:01,321] {taskinstance.py:1426} INFO - Exporting the following env vars:
AIRFLOW_CTX_DAG_OWNER=***
AIRFLOW_CTX_DAG_ID=PostgresIngestionDAG
AIRFLOW_CTX_TASK_ID=ingest
AIRFLOW_CTX_EXECUTION_DATE=2022-05-02T16:00:00+00:00
AIRFLOW_CTX_DAG_RUN_ID=scheduled__2022-05-02T16:00:00+00:00
[2022-06-01 10:16:01,401] {subprocess.py:62} INFO - Tmp dir root location: 
 /tmp
[2022-06-01 10:16:01,493] {subprocess.py:74} INFO - Running command: ['bash', '-c', 'pwd']
[2022-06-01 10:16:01,948] {subprocess.py:85} INFO - Output:
[2022-06-01 10:16:02,112] {subprocess.py:89} INFO - /tmp/***tmphevwiz1e
[2022-06-01 10:16:02,270] {subprocess.py:93} INFO - Command exited with return code 0
[2022-06-01 10:16:04,850] {taskinstance.py:1277} INFO - Marking task as SUCCESS. dag_id=PostgresIngestionDAG, task_id=ingest, execution_date=20220502T160000, start_date=20220601T101548, end_date=20220601T101604
[2022-06-01 10:16:07,732] {local_task_job.py:154} INFO - Task exited with return code 0
[2022-06-01 10:16:11,166] {local_task_job.py:264} INFO - 0 downstream tasks scheduled from follow-on schedule check
