[2022-06-01 10:17:54,930] {taskinstance.py:1032} INFO - Dependencies all met for <TaskInstance: PostgresIngestionDAG.wget scheduled__2022-05-25T16:00:00+00:00 [queued]>
[2022-06-01 10:17:56,977] {taskinstance.py:1032} INFO - Dependencies all met for <TaskInstance: PostgresIngestionDAG.wget scheduled__2022-05-25T16:00:00+00:00 [queued]>
[2022-06-01 10:17:57,087] {taskinstance.py:1238} INFO - 
--------------------------------------------------------------------------------
[2022-06-01 10:17:57,170] {taskinstance.py:1239} INFO - Starting attempt 1 of 1
[2022-06-01 10:17:57,244] {taskinstance.py:1240} INFO - 
--------------------------------------------------------------------------------
[2022-06-01 10:17:58,517] {taskinstance.py:1259} INFO - Executing <Task(BashOperator): wget> on 2022-05-25 16:00:00+00:00
[2022-06-01 10:17:58,707] {standard_task_runner.py:52} INFO - Started process 873 to run task
[2022-06-01 10:17:59,193] {standard_task_runner.py:76} INFO - Running: ['***', 'tasks', 'run', 'PostgresIngestionDAG', 'wget', 'scheduled__2022-05-25T16:00:00+00:00', '--job-id', '52', '--raw', '--subdir', 'DAGS_FOLDER/ingest_to_postgres.py', '--cfg-path', '/tmp/tmpx2va_1xd', '--error-file', '/tmp/tmpg9qe7xxx']
[2022-06-01 10:17:59,276] {standard_task_runner.py:77} INFO - Job 52: Subtask wget
[2022-06-01 10:18:05,886] {logging_mixin.py:109} INFO - Running <TaskInstance: PostgresIngestionDAG.wget scheduled__2022-05-25T16:00:00+00:00 [running]> on host 5b72bd51239c
[2022-06-01 10:18:12,621] {taskinstance.py:1426} INFO - Exporting the following env vars:
AIRFLOW_CTX_DAG_OWNER=***
AIRFLOW_CTX_DAG_ID=PostgresIngestionDAG
AIRFLOW_CTX_TASK_ID=wget
AIRFLOW_CTX_EXECUTION_DATE=2022-05-25T16:00:00+00:00
AIRFLOW_CTX_DAG_RUN_ID=scheduled__2022-05-25T16:00:00+00:00
[2022-06-01 10:18:12,654] {subprocess.py:62} INFO - Tmp dir root location: 
 /tmp
[2022-06-01 10:18:12,734] {subprocess.py:74} INFO - Running command: ['bash', '-c', 'echo "hello world!"']
[2022-06-01 10:18:13,423] {subprocess.py:85} INFO - Output:
[2022-06-01 10:18:13,459] {subprocess.py:89} INFO - hello world!
[2022-06-01 10:18:13,644] {subprocess.py:93} INFO - Command exited with return code 0
[2022-06-01 10:18:16,053] {taskinstance.py:1277} INFO - Marking task as SUCCESS. dag_id=PostgresIngestionDAG, task_id=wget, execution_date=20220525T160000, start_date=20220601T101754, end_date=20220601T101816
[2022-06-01 10:18:19,151] {local_task_job.py:154} INFO - Task exited with return code 0
[2022-06-01 10:18:21,688] {local_task_job.py:264} INFO - 0 downstream tasks scheduled from follow-on schedule check
