[2022-06-01 10:18:02,458] {taskinstance.py:1032} INFO - Dependencies all met for <TaskInstance: PostgresIngestionDAG.ingest scheduled__2022-05-19T16:00:00+00:00 [queued]>
[2022-06-01 10:18:04,266] {taskinstance.py:1032} INFO - Dependencies all met for <TaskInstance: PostgresIngestionDAG.ingest scheduled__2022-05-19T16:00:00+00:00 [queued]>
[2022-06-01 10:18:04,342] {taskinstance.py:1238} INFO - 
--------------------------------------------------------------------------------
[2022-06-01 10:18:04,369] {taskinstance.py:1239} INFO - Starting attempt 1 of 1
[2022-06-01 10:18:04,381] {taskinstance.py:1240} INFO - 
--------------------------------------------------------------------------------
[2022-06-01 10:18:05,697] {taskinstance.py:1259} INFO - Executing <Task(BashOperator): ingest> on 2022-05-19 16:00:00+00:00
[2022-06-01 10:18:06,256] {standard_task_runner.py:52} INFO - Started process 884 to run task
[2022-06-01 10:18:06,662] {standard_task_runner.py:76} INFO - Running: ['***', 'tasks', 'run', 'PostgresIngestionDAG', 'ingest', 'scheduled__2022-05-19T16:00:00+00:00', '--job-id', '55', '--raw', '--subdir', 'DAGS_FOLDER/ingest_to_postgres.py', '--cfg-path', '/tmp/tmp5e9rv995', '--error-file', '/tmp/tmpra1zyun7']
[2022-06-01 10:18:06,794] {standard_task_runner.py:77} INFO - Job 55: Subtask ingest
[2022-06-01 10:18:12,319] {logging_mixin.py:109} INFO - Running <TaskInstance: PostgresIngestionDAG.ingest scheduled__2022-05-19T16:00:00+00:00 [running]> on host 5b72bd51239c
[2022-06-01 10:18:16,467] {taskinstance.py:1426} INFO - Exporting the following env vars:
AIRFLOW_CTX_DAG_OWNER=***
AIRFLOW_CTX_DAG_ID=PostgresIngestionDAG
AIRFLOW_CTX_TASK_ID=ingest
AIRFLOW_CTX_EXECUTION_DATE=2022-05-19T16:00:00+00:00
AIRFLOW_CTX_DAG_RUN_ID=scheduled__2022-05-19T16:00:00+00:00
[2022-06-01 10:18:16,468] {subprocess.py:62} INFO - Tmp dir root location: 
 /tmp
[2022-06-01 10:18:16,751] {subprocess.py:74} INFO - Running command: ['bash', '-c', 'pwd']
[2022-06-01 10:18:17,898] {subprocess.py:85} INFO - Output:
[2022-06-01 10:18:18,085] {subprocess.py:89} INFO - /tmp/***tmp_chn_qm1
[2022-06-01 10:18:18,332] {subprocess.py:93} INFO - Command exited with return code 0
[2022-06-01 10:18:20,900] {taskinstance.py:1277} INFO - Marking task as SUCCESS. dag_id=PostgresIngestionDAG, task_id=ingest, execution_date=20220519T160000, start_date=20220601T101802, end_date=20220601T101820
[2022-06-01 10:18:23,670] {local_task_job.py:154} INFO - Task exited with return code 0
[2022-06-01 10:18:28,985] {local_task_job.py:264} INFO - 0 downstream tasks scheduled from follow-on schedule check
