[2022-06-01 19:04:00,005] {taskinstance.py:1032} INFO - Dependencies all met for <TaskInstance: PostgresIngestionDAG.wget manual__2022-06-01T19:03:57.387351+00:00 [queued]>
[2022-06-01 19:04:00,019] {taskinstance.py:1032} INFO - Dependencies all met for <TaskInstance: PostgresIngestionDAG.wget manual__2022-06-01T19:03:57.387351+00:00 [queued]>
[2022-06-01 19:04:00,019] {taskinstance.py:1238} INFO - 
--------------------------------------------------------------------------------
[2022-06-01 19:04:00,019] {taskinstance.py:1239} INFO - Starting attempt 1 of 1
[2022-06-01 19:04:00,019] {taskinstance.py:1240} INFO - 
--------------------------------------------------------------------------------
[2022-06-01 19:04:00,035] {taskinstance.py:1259} INFO - Executing <Task(BashOperator): wget> on 2022-06-01 19:03:57.387351+00:00
[2022-06-01 19:04:00,041] {standard_task_runner.py:52} INFO - Started process 271 to run task
[2022-06-01 19:04:00,051] {standard_task_runner.py:76} INFO - Running: ['***', 'tasks', 'run', 'PostgresIngestionDAG', 'wget', 'manual__2022-06-01T19:03:57.387351+00:00', '--job-id', '108', '--raw', '--subdir', 'DAGS_FOLDER/ingest_to_postgres.py', '--cfg-path', '/tmp/tmplnuiltas', '--error-file', '/tmp/tmp3mz4wy61']
[2022-06-01 19:04:00,053] {standard_task_runner.py:77} INFO - Job 108: Subtask wget
[2022-06-01 19:04:00,127] {logging_mixin.py:109} INFO - Running <TaskInstance: PostgresIngestionDAG.wget manual__2022-06-01T19:03:57.387351+00:00 [running]> on host 45f40c91492d
[2022-06-01 19:04:00,179] {warnings.py:110} WARNING - /home/***/.local/lib/python3.7/site-packages/***/utils/context.py:152: AirflowContextDeprecationWarning: Accessing 'execution_date' from the template is deprecated and will be removed in a future version. Please use 'data_interval_start' or 'logical_date' instead.
  warnings.warn(_create_deprecation_warning(key, self._deprecation_replacements[key]))

[2022-06-01 19:04:00,209] {taskinstance.py:1426} INFO - Exporting the following env vars:
AIRFLOW_CTX_DAG_OWNER=***
AIRFLOW_CTX_DAG_ID=PostgresIngestionDAG
AIRFLOW_CTX_TASK_ID=wget
AIRFLOW_CTX_EXECUTION_DATE=2022-06-01T19:03:57.387351+00:00
AIRFLOW_CTX_DAG_RUN_ID=manual__2022-06-01T19:03:57.387351+00:00
[2022-06-01 19:04:00,212] {subprocess.py:62} INFO - Tmp dir root location: 
 /tmp
[2022-06-01 19:04:00,212] {subprocess.py:74} INFO - Running command: ['bash', '-c', 'curl -sSL https://nyc-tlc.s3.amazonaws.com/trip+data/fhv_tripdata_2022-06.parquet > /opt/***/file_2022-06.parquet']
[2022-06-01 19:04:00,226] {subprocess.py:85} INFO - Output:
[2022-06-01 19:04:00,627] {subprocess.py:93} INFO - Command exited with return code 0
[2022-06-01 19:04:00,664] {taskinstance.py:1277} INFO - Marking task as SUCCESS. dag_id=PostgresIngestionDAG, task_id=wget, execution_date=20220601T190357, start_date=20220601T190400, end_date=20220601T190400
[2022-06-01 19:04:00,709] {local_task_job.py:154} INFO - Task exited with return code 0
[2022-06-01 19:04:00,754] {local_task_job.py:264} INFO - 1 downstream tasks scheduled from follow-on schedule check
