[2022-06-01 10:16:50,160] {taskinstance.py:1032} INFO - Dependencies all met for <TaskInstance: PostgresIngestionDAG.ingest scheduled__2022-05-14T16:00:00+00:00 [queued]>
[2022-06-01 10:16:51,470] {taskinstance.py:1032} INFO - Dependencies all met for <TaskInstance: PostgresIngestionDAG.ingest scheduled__2022-05-14T16:00:00+00:00 [queued]>
[2022-06-01 10:16:51,470] {taskinstance.py:1238} INFO - 
--------------------------------------------------------------------------------
[2022-06-01 10:16:51,470] {taskinstance.py:1239} INFO - Starting attempt 1 of 1
[2022-06-01 10:16:51,470] {taskinstance.py:1240} INFO - 
--------------------------------------------------------------------------------
[2022-06-01 10:16:52,054] {taskinstance.py:1259} INFO - Executing <Task(BashOperator): ingest> on 2022-05-14 16:00:00+00:00
[2022-06-01 10:16:52,207] {standard_task_runner.py:52} INFO - Started process 802 to run task
[2022-06-01 10:16:52,348] {standard_task_runner.py:76} INFO - Running: ['***', 'tasks', 'run', 'PostgresIngestionDAG', 'ingest', 'scheduled__2022-05-14T16:00:00+00:00', '--job-id', '40', '--raw', '--subdir', 'DAGS_FOLDER/ingest_to_postgres.py', '--cfg-path', '/tmp/tmp7y1u254u', '--error-file', '/tmp/tmpujrgdt0e']
[2022-06-01 10:16:52,368] {standard_task_runner.py:77} INFO - Job 40: Subtask ingest
[2022-06-01 10:16:54,156] {logging_mixin.py:109} INFO - Running <TaskInstance: PostgresIngestionDAG.ingest scheduled__2022-05-14T16:00:00+00:00 [running]> on host 5b72bd51239c
[2022-06-01 10:16:55,564] {taskinstance.py:1426} INFO - Exporting the following env vars:
AIRFLOW_CTX_DAG_OWNER=***
AIRFLOW_CTX_DAG_ID=PostgresIngestionDAG
AIRFLOW_CTX_TASK_ID=ingest
AIRFLOW_CTX_EXECUTION_DATE=2022-05-14T16:00:00+00:00
AIRFLOW_CTX_DAG_RUN_ID=scheduled__2022-05-14T16:00:00+00:00
[2022-06-01 10:16:55,568] {subprocess.py:62} INFO - Tmp dir root location: 
 /tmp
[2022-06-01 10:16:55,573] {subprocess.py:74} INFO - Running command: ['bash', '-c', 'pwd']
[2022-06-01 10:16:55,846] {subprocess.py:85} INFO - Output:
[2022-06-01 10:16:55,969] {subprocess.py:89} INFO - /tmp/***tmpr_inqcd0
[2022-06-01 10:16:55,972] {subprocess.py:93} INFO - Command exited with return code 0
[2022-06-01 10:16:56,498] {taskinstance.py:1277} INFO - Marking task as SUCCESS. dag_id=PostgresIngestionDAG, task_id=ingest, execution_date=20220514T160000, start_date=20220601T101650, end_date=20220601T101656
[2022-06-01 10:16:57,156] {local_task_job.py:154} INFO - Task exited with return code 0
[2022-06-01 10:16:58,463] {local_task_job.py:264} INFO - 0 downstream tasks scheduled from follow-on schedule check
