[2022-06-01 10:16:32,329] {taskinstance.py:1032} INFO - Dependencies all met for <TaskInstance: PostgresIngestionDAG.ingest scheduled__2022-05-11T16:00:00+00:00 [queued]>
[2022-06-01 10:16:33,307] {taskinstance.py:1032} INFO - Dependencies all met for <TaskInstance: PostgresIngestionDAG.ingest scheduled__2022-05-11T16:00:00+00:00 [queued]>
[2022-06-01 10:16:33,386] {taskinstance.py:1238} INFO - 
--------------------------------------------------------------------------------
[2022-06-01 10:16:33,400] {taskinstance.py:1239} INFO - Starting attempt 1 of 1
[2022-06-01 10:16:33,428] {taskinstance.py:1240} INFO - 
--------------------------------------------------------------------------------
[2022-06-01 10:16:34,101] {taskinstance.py:1259} INFO - Executing <Task(BashOperator): ingest> on 2022-05-11 16:00:00+00:00
[2022-06-01 10:16:34,455] {standard_task_runner.py:52} INFO - Started process 779 to run task
[2022-06-01 10:16:34,753] {standard_task_runner.py:76} INFO - Running: ['***', 'tasks', 'run', 'PostgresIngestionDAG', 'ingest', 'scheduled__2022-05-11T16:00:00+00:00', '--job-id', '36', '--raw', '--subdir', 'DAGS_FOLDER/ingest_to_postgres.py', '--cfg-path', '/tmp/tmpezkqckq8', '--error-file', '/tmp/tmp_1ncm2uh']
[2022-06-01 10:16:34,795] {standard_task_runner.py:77} INFO - Job 36: Subtask ingest
[2022-06-01 10:16:39,538] {logging_mixin.py:109} INFO - Running <TaskInstance: PostgresIngestionDAG.ingest scheduled__2022-05-11T16:00:00+00:00 [running]> on host 5b72bd51239c
[2022-06-01 10:16:47,520] {taskinstance.py:1426} INFO - Exporting the following env vars:
AIRFLOW_CTX_DAG_OWNER=***
AIRFLOW_CTX_DAG_ID=PostgresIngestionDAG
AIRFLOW_CTX_TASK_ID=ingest
AIRFLOW_CTX_EXECUTION_DATE=2022-05-11T16:00:00+00:00
AIRFLOW_CTX_DAG_RUN_ID=scheduled__2022-05-11T16:00:00+00:00
[2022-06-01 10:16:47,522] {subprocess.py:62} INFO - Tmp dir root location: 
 /tmp
[2022-06-01 10:16:47,523] {subprocess.py:74} INFO - Running command: ['bash', '-c', 'pwd']
[2022-06-01 10:16:48,563] {subprocess.py:85} INFO - Output:
[2022-06-01 10:16:48,572] {subprocess.py:89} INFO - /tmp/***tmpcncub7vb
[2022-06-01 10:16:48,753] {subprocess.py:93} INFO - Command exited with return code 0
[2022-06-01 10:16:49,806] {taskinstance.py:1277} INFO - Marking task as SUCCESS. dag_id=PostgresIngestionDAG, task_id=ingest, execution_date=20220511T160000, start_date=20220601T101632, end_date=20220601T101649
[2022-06-01 10:16:51,625] {local_task_job.py:154} INFO - Task exited with return code 0
[2022-06-01 10:16:53,557] {local_task_job.py:264} INFO - 0 downstream tasks scheduled from follow-on schedule check
