[2022-06-01 10:15:34,673] {taskinstance.py:1032} INFO - Dependencies all met for <TaskInstance: PostgresIngestionDAG.wget scheduled__2022-05-07T16:00:00+00:00 [queued]>
[2022-06-01 10:15:35,816] {taskinstance.py:1032} INFO - Dependencies all met for <TaskInstance: PostgresIngestionDAG.wget scheduled__2022-05-07T16:00:00+00:00 [queued]>
[2022-06-01 10:15:35,822] {taskinstance.py:1238} INFO - 
--------------------------------------------------------------------------------
[2022-06-01 10:15:35,823] {taskinstance.py:1239} INFO - Starting attempt 1 of 1
[2022-06-01 10:15:35,823] {taskinstance.py:1240} INFO - 
--------------------------------------------------------------------------------
[2022-06-01 10:15:37,243] {taskinstance.py:1259} INFO - Executing <Task(BashOperator): wget> on 2022-05-07 16:00:00+00:00
[2022-06-01 10:15:37,726] {standard_task_runner.py:52} INFO - Started process 701 to run task
[2022-06-01 10:15:37,958] {standard_task_runner.py:76} INFO - Running: ['***', 'tasks', 'run', 'PostgresIngestionDAG', 'wget', 'scheduled__2022-05-07T16:00:00+00:00', '--job-id', '16', '--raw', '--subdir', 'DAGS_FOLDER/ingest_to_postgres.py', '--cfg-path', '/tmp/tmpovb613wp', '--error-file', '/tmp/tmp3mutr7x2']
[2022-06-01 10:15:38,240] {standard_task_runner.py:77} INFO - Job 16: Subtask wget
[2022-06-01 10:15:42,369] {logging_mixin.py:109} INFO - Running <TaskInstance: PostgresIngestionDAG.wget scheduled__2022-05-07T16:00:00+00:00 [running]> on host 5b72bd51239c
[2022-06-01 10:15:46,885] {taskinstance.py:1426} INFO - Exporting the following env vars:
AIRFLOW_CTX_DAG_OWNER=***
AIRFLOW_CTX_DAG_ID=PostgresIngestionDAG
AIRFLOW_CTX_TASK_ID=wget
AIRFLOW_CTX_EXECUTION_DATE=2022-05-07T16:00:00+00:00
AIRFLOW_CTX_DAG_RUN_ID=scheduled__2022-05-07T16:00:00+00:00
[2022-06-01 10:15:46,907] {subprocess.py:62} INFO - Tmp dir root location: 
 /tmp
[2022-06-01 10:15:46,983] {subprocess.py:74} INFO - Running command: ['bash', '-c', 'echo "hello world!"']
[2022-06-01 10:15:47,884] {subprocess.py:85} INFO - Output:
[2022-06-01 10:15:48,210] {subprocess.py:89} INFO - hello world!
[2022-06-01 10:15:48,585] {subprocess.py:93} INFO - Command exited with return code 0
[2022-06-01 10:15:50,312] {taskinstance.py:1277} INFO - Marking task as SUCCESS. dag_id=PostgresIngestionDAG, task_id=wget, execution_date=20220507T160000, start_date=20220601T101534, end_date=20220601T101550
[2022-06-01 10:15:52,797] {local_task_job.py:212} WARNING - State of this instance has been externally set to success. Terminating instance.
[2022-06-01 10:15:52,913] {process_utils.py:124} INFO - Sending Signals.SIGTERM to group 701. PIDs of all processes in the group: [701]
[2022-06-01 10:15:52,994] {process_utils.py:75} INFO - Sending the signal Signals.SIGTERM to group 701
[2022-06-01 10:15:53,001] {process_utils.py:70} INFO - Process psutil.Process(pid=701, status='terminated', exitcode=0, started='10:15:37') (701) terminated with exit code 0
