[2022-06-01 10:16:26,995] {taskinstance.py:1032} INFO - Dependencies all met for <TaskInstance: PostgresIngestionDAG.ingest scheduled__2022-05-07T16:00:00+00:00 [queued]>
[2022-06-01 10:16:28,437] {taskinstance.py:1032} INFO - Dependencies all met for <TaskInstance: PostgresIngestionDAG.ingest scheduled__2022-05-07T16:00:00+00:00 [queued]>
[2022-06-01 10:16:28,464] {taskinstance.py:1238} INFO - 
--------------------------------------------------------------------------------
[2022-06-01 10:16:28,488] {taskinstance.py:1239} INFO - Starting attempt 1 of 1
[2022-06-01 10:16:28,489] {taskinstance.py:1240} INFO - 
--------------------------------------------------------------------------------
[2022-06-01 10:16:29,303] {taskinstance.py:1259} INFO - Executing <Task(BashOperator): ingest> on 2022-05-07 16:00:00+00:00
[2022-06-01 10:16:29,728] {standard_task_runner.py:52} INFO - Started process 775 to run task
[2022-06-01 10:16:30,342] {standard_task_runner.py:76} INFO - Running: ['***', 'tasks', 'run', 'PostgresIngestionDAG', 'ingest', 'scheduled__2022-05-07T16:00:00+00:00', '--job-id', '33', '--raw', '--subdir', 'DAGS_FOLDER/ingest_to_postgres.py', '--cfg-path', '/tmp/tmpuoxssgzp', '--error-file', '/tmp/tmp_2iau5mx']
[2022-06-01 10:16:30,967] {standard_task_runner.py:77} INFO - Job 33: Subtask ingest
[2022-06-01 10:16:35,311] {logging_mixin.py:109} INFO - Running <TaskInstance: PostgresIngestionDAG.ingest scheduled__2022-05-07T16:00:00+00:00 [running]> on host 5b72bd51239c
[2022-06-01 10:16:40,749] {taskinstance.py:1426} INFO - Exporting the following env vars:
AIRFLOW_CTX_DAG_OWNER=***
AIRFLOW_CTX_DAG_ID=PostgresIngestionDAG
AIRFLOW_CTX_TASK_ID=ingest
AIRFLOW_CTX_EXECUTION_DATE=2022-05-07T16:00:00+00:00
AIRFLOW_CTX_DAG_RUN_ID=scheduled__2022-05-07T16:00:00+00:00
[2022-06-01 10:16:40,891] {subprocess.py:62} INFO - Tmp dir root location: 
 /tmp
[2022-06-01 10:16:40,917] {subprocess.py:74} INFO - Running command: ['bash', '-c', 'pwd']
[2022-06-01 10:16:41,577] {subprocess.py:85} INFO - Output:
[2022-06-01 10:16:41,588] {subprocess.py:89} INFO - /tmp/***tmpc8vvs8ay
[2022-06-01 10:16:41,853] {subprocess.py:93} INFO - Command exited with return code 0
[2022-06-01 10:16:44,158] {taskinstance.py:1277} INFO - Marking task as SUCCESS. dag_id=PostgresIngestionDAG, task_id=ingest, execution_date=20220507T160000, start_date=20220601T101626, end_date=20220601T101644
[2022-06-01 10:16:45,845] {local_task_job.py:154} INFO - Task exited with return code 0
[2022-06-01 10:16:47,760] {local_task_job.py:264} INFO - 0 downstream tasks scheduled from follow-on schedule check
