[2022-06-01 13:51:50,387] {taskinstance.py:1032} INFO - Dependencies all met for <TaskInstance: PostgresIngestionDAG.wget scheduled__2022-02-28T16:00:00+00:00 [queued]>
[2022-06-01 13:51:50,537] {taskinstance.py:1032} INFO - Dependencies all met for <TaskInstance: PostgresIngestionDAG.wget scheduled__2022-02-28T16:00:00+00:00 [queued]>
[2022-06-01 13:51:50,544] {taskinstance.py:1238} INFO - 
--------------------------------------------------------------------------------
[2022-06-01 13:51:50,568] {taskinstance.py:1239} INFO - Starting attempt 1 of 1
[2022-06-01 13:51:50,584] {taskinstance.py:1240} INFO - 
--------------------------------------------------------------------------------
[2022-06-01 13:51:50,739] {taskinstance.py:1259} INFO - Executing <Task(BashOperator): wget> on 2022-02-28 16:00:00+00:00
[2022-06-01 13:51:50,828] {standard_task_runner.py:52} INFO - Started process 1341 to run task
[2022-06-01 13:51:50,964] {standard_task_runner.py:76} INFO - Running: ['***', 'tasks', 'run', 'PostgresIngestionDAG', 'wget', 'scheduled__2022-02-28T16:00:00+00:00', '--job-id', '90', '--raw', '--subdir', 'DAGS_FOLDER/ingest_to_postgres.py', '--cfg-path', '/tmp/tmpsz7_4d6i', '--error-file', '/tmp/tmp8iwon18n']
[2022-06-01 13:51:50,968] {standard_task_runner.py:77} INFO - Job 90: Subtask wget
[2022-06-01 13:51:52,035] {logging_mixin.py:109} INFO - Running <TaskInstance: PostgresIngestionDAG.wget scheduled__2022-02-28T16:00:00+00:00 [running]> on host 73c8109fcc47
[2022-06-01 13:51:52,629] {warnings.py:110} WARNING - /home/***/.local/lib/python3.7/site-packages/***/utils/context.py:152: AirflowContextDeprecationWarning: Accessing 'execution_date' from the template is deprecated and will be removed in a future version. Please use 'data_interval_start' or 'logical_date' instead.
  warnings.warn(_create_deprecation_warning(key, self._deprecation_replacements[key]))

[2022-06-01 13:51:52,864] {taskinstance.py:1426} INFO - Exporting the following env vars:
AIRFLOW_CTX_DAG_OWNER=***
AIRFLOW_CTX_DAG_ID=PostgresIngestionDAG
AIRFLOW_CTX_TASK_ID=wget
AIRFLOW_CTX_EXECUTION_DATE=2022-02-28T16:00:00+00:00
AIRFLOW_CTX_DAG_RUN_ID=scheduled__2022-02-28T16:00:00+00:00
[2022-06-01 13:51:52,869] {subprocess.py:62} INFO - Tmp dir root location: 
 /tmp
[2022-06-01 13:51:52,881] {subprocess.py:74} INFO - Running command: ['bash', '-c', 'curl -sSL https://nyc-tlc.s3.amazonaws.com/trip+data/fhv_tripdata_2022-02.parquet > /opt/***/file_2022-02.parquet']
[2022-06-01 13:51:53,009] {subprocess.py:85} INFO - Output:
[2022-06-01 13:51:54,613] {subprocess.py:93} INFO - Command exited with return code 0
[2022-06-01 13:51:54,808] {taskinstance.py:1277} INFO - Marking task as SUCCESS. dag_id=PostgresIngestionDAG, task_id=wget, execution_date=20220228T160000, start_date=20220601T135150, end_date=20220601T135154
[2022-06-01 13:51:54,992] {local_task_job.py:154} INFO - Task exited with return code 0
[2022-06-01 13:51:55,247] {local_task_job.py:264} INFO - 1 downstream tasks scheduled from follow-on schedule check
[2022-06-01 19:06:52,932] {taskinstance.py:1032} INFO - Dependencies all met for <TaskInstance: PostgresIngestionDAG.wget scheduled__2022-02-28T16:00:00+00:00 [queued]>
[2022-06-01 19:06:53,120] {taskinstance.py:1032} INFO - Dependencies all met for <TaskInstance: PostgresIngestionDAG.wget scheduled__2022-02-28T16:00:00+00:00 [queued]>
[2022-06-01 19:06:53,139] {taskinstance.py:1238} INFO - 
--------------------------------------------------------------------------------
[2022-06-01 19:06:53,151] {taskinstance.py:1239} INFO - Starting attempt 1 of 1
[2022-06-01 19:06:53,151] {taskinstance.py:1240} INFO - 
--------------------------------------------------------------------------------
[2022-06-01 19:06:53,464] {taskinstance.py:1259} INFO - Executing <Task(BashOperator): wget> on 2022-02-28 16:00:00+00:00
[2022-06-01 19:06:53,557] {standard_task_runner.py:52} INFO - Started process 391 to run task
[2022-06-01 19:06:53,694] {standard_task_runner.py:76} INFO - Running: ['***', 'tasks', 'run', 'PostgresIngestionDAG', 'wget', 'scheduled__2022-02-28T16:00:00+00:00', '--job-id', '112', '--raw', '--subdir', 'DAGS_FOLDER/ingest_to_postgres.py', '--cfg-path', '/tmp/tmp8hfm767s', '--error-file', '/tmp/tmp2ogxlstc']
[2022-06-01 19:06:53,745] {standard_task_runner.py:77} INFO - Job 112: Subtask wget
[2022-06-01 19:06:54,866] {logging_mixin.py:109} INFO - Running <TaskInstance: PostgresIngestionDAG.wget scheduled__2022-02-28T16:00:00+00:00 [running]> on host 45f40c91492d
[2022-06-01 19:06:55,552] {warnings.py:110} WARNING - /home/***/.local/lib/python3.7/site-packages/***/utils/context.py:152: AirflowContextDeprecationWarning: Accessing 'execution_date' from the template is deprecated and will be removed in a future version. Please use 'data_interval_start' or 'logical_date' instead.
  warnings.warn(_create_deprecation_warning(key, self._deprecation_replacements[key]))

[2022-06-01 19:06:55,736] {taskinstance.py:1426} INFO - Exporting the following env vars:
AIRFLOW_CTX_DAG_OWNER=***
AIRFLOW_CTX_DAG_ID=PostgresIngestionDAG
AIRFLOW_CTX_TASK_ID=wget
AIRFLOW_CTX_EXECUTION_DATE=2022-02-28T16:00:00+00:00
AIRFLOW_CTX_DAG_RUN_ID=scheduled__2022-02-28T16:00:00+00:00
[2022-06-01 19:06:55,743] {subprocess.py:62} INFO - Tmp dir root location: 
 /tmp
[2022-06-01 19:06:55,756] {subprocess.py:74} INFO - Running command: ['bash', '-c', 'curl -sSL https://nyc-tlc.s3.amazonaws.com/trip+data/fhv_tripdata_2022-02.parquet > /opt/***/file_2022-02.parquet']
[2022-06-01 19:06:55,949] {subprocess.py:85} INFO - Output:
[2022-06-01 19:06:57,674] {subprocess.py:93} INFO - Command exited with return code 0
[2022-06-01 19:06:58,385] {taskinstance.py:1277} INFO - Marking task as SUCCESS. dag_id=PostgresIngestionDAG, task_id=wget, execution_date=20220228T160000, start_date=20220601T190652, end_date=20220601T190658
[2022-06-01 19:06:59,037] {local_task_job.py:154} INFO - Task exited with return code 0
[2022-06-01 19:06:59,499] {local_task_job.py:264} INFO - 1 downstream tasks scheduled from follow-on schedule check
