[2022-06-01 10:17:46,640] {taskinstance.py:1032} INFO - Dependencies all met for <TaskInstance: PostgresIngestionDAG.wget scheduled__2022-05-23T16:00:00+00:00 [queued]>
[2022-06-01 10:17:47,481] {taskinstance.py:1032} INFO - Dependencies all met for <TaskInstance: PostgresIngestionDAG.wget scheduled__2022-05-23T16:00:00+00:00 [queued]>
[2022-06-01 10:17:47,589] {taskinstance.py:1238} INFO - 
--------------------------------------------------------------------------------
[2022-06-01 10:17:47,626] {taskinstance.py:1239} INFO - Starting attempt 1 of 1
[2022-06-01 10:17:47,654] {taskinstance.py:1240} INFO - 
--------------------------------------------------------------------------------
[2022-06-01 10:17:48,507] {taskinstance.py:1259} INFO - Executing <Task(BashOperator): wget> on 2022-05-23 16:00:00+00:00
[2022-06-01 10:17:48,767] {standard_task_runner.py:52} INFO - Started process 863 to run task
[2022-06-01 10:17:49,222] {standard_task_runner.py:76} INFO - Running: ['***', 'tasks', 'run', 'PostgresIngestionDAG', 'wget', 'scheduled__2022-05-23T16:00:00+00:00', '--job-id', '50', '--raw', '--subdir', 'DAGS_FOLDER/ingest_to_postgres.py', '--cfg-path', '/tmp/tmpbnxadwqd', '--error-file', '/tmp/tmpbe7bnrkt']
[2022-06-01 10:17:49,444] {standard_task_runner.py:77} INFO - Job 50: Subtask wget
[2022-06-01 10:17:53,637] {logging_mixin.py:109} INFO - Running <TaskInstance: PostgresIngestionDAG.wget scheduled__2022-05-23T16:00:00+00:00 [running]> on host 5b72bd51239c
[2022-06-01 10:17:58,785] {taskinstance.py:1426} INFO - Exporting the following env vars:
AIRFLOW_CTX_DAG_OWNER=***
AIRFLOW_CTX_DAG_ID=PostgresIngestionDAG
AIRFLOW_CTX_TASK_ID=wget
AIRFLOW_CTX_EXECUTION_DATE=2022-05-23T16:00:00+00:00
AIRFLOW_CTX_DAG_RUN_ID=scheduled__2022-05-23T16:00:00+00:00
[2022-06-01 10:17:58,841] {subprocess.py:62} INFO - Tmp dir root location: 
 /tmp
[2022-06-01 10:17:58,897] {subprocess.py:74} INFO - Running command: ['bash', '-c', 'echo "hello world!"']
[2022-06-01 10:17:59,810] {subprocess.py:85} INFO - Output:
[2022-06-01 10:18:00,028] {subprocess.py:89} INFO - hello world!
[2022-06-01 10:18:00,084] {subprocess.py:93} INFO - Command exited with return code 0
[2022-06-01 10:18:04,930] {taskinstance.py:1277} INFO - Marking task as SUCCESS. dag_id=PostgresIngestionDAG, task_id=wget, execution_date=20220523T160000, start_date=20220601T101746, end_date=20220601T101804
[2022-06-01 10:18:06,895] {local_task_job.py:154} INFO - Task exited with return code 0
[2022-06-01 10:18:10,042] {local_task_job.py:264} INFO - 0 downstream tasks scheduled from follow-on schedule check
