[2022-06-01 10:15:12,781] {taskinstance.py:1032} INFO - Dependencies all met for <TaskInstance: PostgresIngestionDAG.wget scheduled__2022-05-01T16:00:00+00:00 [queued]>
[2022-06-01 10:15:12,957] {taskinstance.py:1032} INFO - Dependencies all met for <TaskInstance: PostgresIngestionDAG.wget scheduled__2022-05-01T16:00:00+00:00 [queued]>
[2022-06-01 10:15:12,972] {taskinstance.py:1238} INFO - 
--------------------------------------------------------------------------------
[2022-06-01 10:15:12,976] {taskinstance.py:1239} INFO - Starting attempt 1 of 1
[2022-06-01 10:15:12,980] {taskinstance.py:1240} INFO - 
--------------------------------------------------------------------------------
[2022-06-01 10:15:13,154] {taskinstance.py:1259} INFO - Executing <Task(BashOperator): wget> on 2022-05-01 16:00:00+00:00
[2022-06-01 10:15:13,233] {standard_task_runner.py:52} INFO - Started process 673 to run task
[2022-06-01 10:15:13,381] {standard_task_runner.py:76} INFO - Running: ['***', 'tasks', 'run', 'PostgresIngestionDAG', 'wget', 'scheduled__2022-05-01T16:00:00+00:00', '--job-id', '10', '--raw', '--subdir', 'DAGS_FOLDER/ingest_to_postgres.py', '--cfg-path', '/tmp/tmpt0kp2obb', '--error-file', '/tmp/tmpqb5ct39p']
[2022-06-01 10:15:13,393] {standard_task_runner.py:77} INFO - Job 10: Subtask wget
[2022-06-01 10:15:15,367] {logging_mixin.py:109} INFO - Running <TaskInstance: PostgresIngestionDAG.wget scheduled__2022-05-01T16:00:00+00:00 [running]> on host 5b72bd51239c
[2022-06-01 10:15:19,115] {taskinstance.py:1426} INFO - Exporting the following env vars:
AIRFLOW_CTX_DAG_OWNER=***
AIRFLOW_CTX_DAG_ID=PostgresIngestionDAG
AIRFLOW_CTX_TASK_ID=wget
AIRFLOW_CTX_EXECUTION_DATE=2022-05-01T16:00:00+00:00
AIRFLOW_CTX_DAG_RUN_ID=scheduled__2022-05-01T16:00:00+00:00
[2022-06-01 10:15:19,335] {subprocess.py:62} INFO - Tmp dir root location: 
 /tmp
[2022-06-01 10:15:19,469] {subprocess.py:74} INFO - Running command: ['bash', '-c', 'echo "hello world!"']
[2022-06-01 10:15:20,470] {subprocess.py:85} INFO - Output:
[2022-06-01 10:15:20,732] {subprocess.py:89} INFO - hello world!
[2022-06-01 10:15:20,937] {subprocess.py:93} INFO - Command exited with return code 0
[2022-06-01 10:15:22,694] {taskinstance.py:1277} INFO - Marking task as SUCCESS. dag_id=PostgresIngestionDAG, task_id=wget, execution_date=20220501T160000, start_date=20220601T101512, end_date=20220601T101522
[2022-06-01 10:15:24,315] {local_task_job.py:154} INFO - Task exited with return code 0
[2022-06-01 10:15:28,055] {local_task_job.py:264} INFO - 0 downstream tasks scheduled from follow-on schedule check
