[2022-06-01 10:19:11,596] {taskinstance.py:1032} INFO - Dependencies all met for <TaskInstance: PostgresIngestionDAG.wget scheduled__2022-05-29T16:00:00+00:00 [queued]>
[2022-06-01 10:19:12,621] {taskinstance.py:1032} INFO - Dependencies all met for <TaskInstance: PostgresIngestionDAG.wget scheduled__2022-05-29T16:00:00+00:00 [queued]>
[2022-06-01 10:19:12,622] {taskinstance.py:1238} INFO - 
--------------------------------------------------------------------------------
[2022-06-01 10:19:12,622] {taskinstance.py:1239} INFO - Starting attempt 1 of 1
[2022-06-01 10:19:12,622] {taskinstance.py:1240} INFO - 
--------------------------------------------------------------------------------
[2022-06-01 10:19:13,579] {taskinstance.py:1259} INFO - Executing <Task(BashOperator): wget> on 2022-05-29 16:00:00+00:00
[2022-06-01 10:19:13,721] {standard_task_runner.py:52} INFO - Started process 948 to run task
[2022-06-01 10:19:13,807] {standard_task_runner.py:76} INFO - Running: ['***', 'tasks', 'run', 'PostgresIngestionDAG', 'wget', 'scheduled__2022-05-29T16:00:00+00:00', '--job-id', '67', '--raw', '--subdir', 'DAGS_FOLDER/ingest_to_postgres.py', '--cfg-path', '/tmp/tmp9_bbnxz4', '--error-file', '/tmp/tmp_9jd5x73']
[2022-06-01 10:19:13,905] {standard_task_runner.py:77} INFO - Job 67: Subtask wget
[2022-06-01 10:19:15,792] {logging_mixin.py:109} INFO - Running <TaskInstance: PostgresIngestionDAG.wget scheduled__2022-05-29T16:00:00+00:00 [running]> on host 5b72bd51239c
[2022-06-01 10:19:18,433] {taskinstance.py:1426} INFO - Exporting the following env vars:
AIRFLOW_CTX_DAG_OWNER=***
AIRFLOW_CTX_DAG_ID=PostgresIngestionDAG
AIRFLOW_CTX_TASK_ID=wget
AIRFLOW_CTX_EXECUTION_DATE=2022-05-29T16:00:00+00:00
AIRFLOW_CTX_DAG_RUN_ID=scheduled__2022-05-29T16:00:00+00:00
[2022-06-01 10:19:18,493] {subprocess.py:62} INFO - Tmp dir root location: 
 /tmp
[2022-06-01 10:19:18,585] {subprocess.py:74} INFO - Running command: ['bash', '-c', 'echo "hello world!"']
[2022-06-01 10:19:19,268] {subprocess.py:85} INFO - Output:
[2022-06-01 10:19:19,400] {subprocess.py:89} INFO - hello world!
[2022-06-01 10:19:19,543] {subprocess.py:93} INFO - Command exited with return code 0
[2022-06-01 10:19:20,566] {taskinstance.py:1277} INFO - Marking task as SUCCESS. dag_id=PostgresIngestionDAG, task_id=wget, execution_date=20220529T160000, start_date=20220601T101911, end_date=20220601T101920
[2022-06-01 10:19:21,482] {local_task_job.py:154} INFO - Task exited with return code 0
[2022-06-01 10:19:22,626] {local_task_job.py:264} INFO - 1 downstream tasks scheduled from follow-on schedule check
