[2022-06-01 10:17:30,594] {taskinstance.py:1032} INFO - Dependencies all met for <TaskInstance: PostgresIngestionDAG.wget scheduled__2022-05-20T16:00:00+00:00 [queued]>
[2022-06-01 10:17:31,654] {taskinstance.py:1032} INFO - Dependencies all met for <TaskInstance: PostgresIngestionDAG.wget scheduled__2022-05-20T16:00:00+00:00 [queued]>
[2022-06-01 10:17:31,769] {taskinstance.py:1238} INFO - 
--------------------------------------------------------------------------------
[2022-06-01 10:17:31,775] {taskinstance.py:1239} INFO - Starting attempt 1 of 1
[2022-06-01 10:17:31,780] {taskinstance.py:1240} INFO - 
--------------------------------------------------------------------------------
[2022-06-01 10:17:32,231] {taskinstance.py:1259} INFO - Executing <Task(BashOperator): wget> on 2022-05-20 16:00:00+00:00
[2022-06-01 10:17:32,371] {standard_task_runner.py:52} INFO - Started process 843 to run task
[2022-06-01 10:17:32,578] {standard_task_runner.py:76} INFO - Running: ['***', 'tasks', 'run', 'PostgresIngestionDAG', 'wget', 'scheduled__2022-05-20T16:00:00+00:00', '--job-id', '46', '--raw', '--subdir', 'DAGS_FOLDER/ingest_to_postgres.py', '--cfg-path', '/tmp/tmpgfp_1rta', '--error-file', '/tmp/tmpu6eiiqta']
[2022-06-01 10:17:32,656] {standard_task_runner.py:77} INFO - Job 46: Subtask wget
[2022-06-01 10:17:36,630] {logging_mixin.py:109} INFO - Running <TaskInstance: PostgresIngestionDAG.wget scheduled__2022-05-20T16:00:00+00:00 [running]> on host 5b72bd51239c
[2022-06-01 10:17:40,797] {taskinstance.py:1426} INFO - Exporting the following env vars:
AIRFLOW_CTX_DAG_OWNER=***
AIRFLOW_CTX_DAG_ID=PostgresIngestionDAG
AIRFLOW_CTX_TASK_ID=wget
AIRFLOW_CTX_EXECUTION_DATE=2022-05-20T16:00:00+00:00
AIRFLOW_CTX_DAG_RUN_ID=scheduled__2022-05-20T16:00:00+00:00
[2022-06-01 10:17:40,935] {subprocess.py:62} INFO - Tmp dir root location: 
 /tmp
[2022-06-01 10:17:40,947] {subprocess.py:74} INFO - Running command: ['bash', '-c', 'echo "hello world!"']
[2022-06-01 10:17:41,855] {subprocess.py:85} INFO - Output:
[2022-06-01 10:17:42,002] {subprocess.py:89} INFO - hello world!
[2022-06-01 10:17:42,052] {subprocess.py:93} INFO - Command exited with return code 0
[2022-06-01 10:17:46,272] {taskinstance.py:1277} INFO - Marking task as SUCCESS. dag_id=PostgresIngestionDAG, task_id=wget, execution_date=20220520T160000, start_date=20220601T101730, end_date=20220601T101746
[2022-06-01 10:17:47,547] {local_task_job.py:154} INFO - Task exited with return code 0
[2022-06-01 10:17:52,524] {local_task_job.py:264} INFO - 0 downstream tasks scheduled from follow-on schedule check
