[2022-06-01 10:15:13,013] {taskinstance.py:1032} INFO - Dependencies all met for <TaskInstance: PostgresIngestionDAG.wget scheduled__2022-05-02T16:00:00+00:00 [queued]>
[2022-06-01 10:15:13,211] {taskinstance.py:1032} INFO - Dependencies all met for <TaskInstance: PostgresIngestionDAG.wget scheduled__2022-05-02T16:00:00+00:00 [queued]>
[2022-06-01 10:15:13,259] {taskinstance.py:1238} INFO - 
--------------------------------------------------------------------------------
[2022-06-01 10:15:13,260] {taskinstance.py:1239} INFO - Starting attempt 1 of 1
[2022-06-01 10:15:13,261] {taskinstance.py:1240} INFO - 
--------------------------------------------------------------------------------
[2022-06-01 10:15:13,625] {taskinstance.py:1259} INFO - Executing <Task(BashOperator): wget> on 2022-05-02 16:00:00+00:00
[2022-06-01 10:15:13,783] {standard_task_runner.py:52} INFO - Started process 674 to run task
[2022-06-01 10:15:14,020] {standard_task_runner.py:76} INFO - Running: ['***', 'tasks', 'run', 'PostgresIngestionDAG', 'wget', 'scheduled__2022-05-02T16:00:00+00:00', '--job-id', '11', '--raw', '--subdir', 'DAGS_FOLDER/ingest_to_postgres.py', '--cfg-path', '/tmp/tmpwbh41udo', '--error-file', '/tmp/tmp_kp5kn75']
[2022-06-01 10:15:14,058] {standard_task_runner.py:77} INFO - Job 11: Subtask wget
[2022-06-01 10:15:17,028] {logging_mixin.py:109} INFO - Running <TaskInstance: PostgresIngestionDAG.wget scheduled__2022-05-02T16:00:00+00:00 [running]> on host 5b72bd51239c
[2022-06-01 10:15:21,503] {taskinstance.py:1426} INFO - Exporting the following env vars:
AIRFLOW_CTX_DAG_OWNER=***
AIRFLOW_CTX_DAG_ID=PostgresIngestionDAG
AIRFLOW_CTX_TASK_ID=wget
AIRFLOW_CTX_EXECUTION_DATE=2022-05-02T16:00:00+00:00
AIRFLOW_CTX_DAG_RUN_ID=scheduled__2022-05-02T16:00:00+00:00
[2022-06-01 10:15:21,504] {subprocess.py:62} INFO - Tmp dir root location: 
 /tmp
[2022-06-01 10:15:21,657] {subprocess.py:74} INFO - Running command: ['bash', '-c', 'echo "hello world!"']
[2022-06-01 10:15:22,032] {subprocess.py:85} INFO - Output:
[2022-06-01 10:15:22,068] {subprocess.py:89} INFO - hello world!
[2022-06-01 10:15:22,100] {subprocess.py:93} INFO - Command exited with return code 0
[2022-06-01 10:15:22,942] {taskinstance.py:1277} INFO - Marking task as SUCCESS. dag_id=PostgresIngestionDAG, task_id=wget, execution_date=20220502T160000, start_date=20220601T101513, end_date=20220601T101522
[2022-06-01 10:15:24,494] {local_task_job.py:154} INFO - Task exited with return code 0
[2022-06-01 10:15:28,001] {local_task_job.py:264} INFO - 0 downstream tasks scheduled from follow-on schedule check
