[2022-06-01 10:15:19,370] {taskinstance.py:1032} INFO - Dependencies all met for <TaskInstance: PostgresIngestionDAG.wget scheduled__2022-05-03T16:00:00+00:00 [queued]>
[2022-06-01 10:15:20,658] {taskinstance.py:1032} INFO - Dependencies all met for <TaskInstance: PostgresIngestionDAG.wget scheduled__2022-05-03T16:00:00+00:00 [queued]>
[2022-06-01 10:15:20,658] {taskinstance.py:1238} INFO - 
--------------------------------------------------------------------------------
[2022-06-01 10:15:20,658] {taskinstance.py:1239} INFO - Starting attempt 1 of 1
[2022-06-01 10:15:20,659] {taskinstance.py:1240} INFO - 
--------------------------------------------------------------------------------
[2022-06-01 10:15:21,661] {taskinstance.py:1259} INFO - Executing <Task(BashOperator): wget> on 2022-05-03 16:00:00+00:00
[2022-06-01 10:15:21,790] {standard_task_runner.py:52} INFO - Started process 687 to run task
[2022-06-01 10:15:21,957] {standard_task_runner.py:76} INFO - Running: ['***', 'tasks', 'run', 'PostgresIngestionDAG', 'wget', 'scheduled__2022-05-03T16:00:00+00:00', '--job-id', '12', '--raw', '--subdir', 'DAGS_FOLDER/ingest_to_postgres.py', '--cfg-path', '/tmp/tmp9nmhzc7b', '--error-file', '/tmp/tmpe6lt6zxl']
[2022-06-01 10:15:21,987] {standard_task_runner.py:77} INFO - Job 12: Subtask wget
[2022-06-01 10:15:25,531] {logging_mixin.py:109} INFO - Running <TaskInstance: PostgresIngestionDAG.wget scheduled__2022-05-03T16:00:00+00:00 [running]> on host 5b72bd51239c
[2022-06-01 10:15:30,109] {taskinstance.py:1426} INFO - Exporting the following env vars:
AIRFLOW_CTX_DAG_OWNER=***
AIRFLOW_CTX_DAG_ID=PostgresIngestionDAG
AIRFLOW_CTX_TASK_ID=wget
AIRFLOW_CTX_EXECUTION_DATE=2022-05-03T16:00:00+00:00
AIRFLOW_CTX_DAG_RUN_ID=scheduled__2022-05-03T16:00:00+00:00
[2022-06-01 10:15:30,110] {subprocess.py:62} INFO - Tmp dir root location: 
 /tmp
[2022-06-01 10:15:30,111] {subprocess.py:74} INFO - Running command: ['bash', '-c', 'echo "hello world!"']
[2022-06-01 10:15:31,136] {subprocess.py:85} INFO - Output:
[2022-06-01 10:15:31,383] {subprocess.py:89} INFO - hello world!
[2022-06-01 10:15:31,553] {subprocess.py:93} INFO - Command exited with return code 0
[2022-06-01 10:15:34,346] {taskinstance.py:1277} INFO - Marking task as SUCCESS. dag_id=PostgresIngestionDAG, task_id=wget, execution_date=20220503T160000, start_date=20220601T101519, end_date=20220601T101534
[2022-06-01 10:15:35,955] {local_task_job.py:154} INFO - Task exited with return code 0
[2022-06-01 10:15:39,532] {local_task_job.py:264} INFO - 0 downstream tasks scheduled from follow-on schedule check
