[2022-06-01 10:18:41,230] {taskinstance.py:1032} INFO - Dependencies all met for <TaskInstance: PostgresIngestionDAG.ingest scheduled__2022-05-25T16:00:00+00:00 [queued]>
[2022-06-01 10:18:42,805] {taskinstance.py:1032} INFO - Dependencies all met for <TaskInstance: PostgresIngestionDAG.ingest scheduled__2022-05-25T16:00:00+00:00 [queued]>
[2022-06-01 10:18:42,806] {taskinstance.py:1238} INFO - 
--------------------------------------------------------------------------------
[2022-06-01 10:18:42,806] {taskinstance.py:1239} INFO - Starting attempt 1 of 1
[2022-06-01 10:18:42,806] {taskinstance.py:1240} INFO - 
--------------------------------------------------------------------------------
[2022-06-01 10:18:43,950] {taskinstance.py:1259} INFO - Executing <Task(BashOperator): ingest> on 2022-05-25 16:00:00+00:00
[2022-06-01 10:18:44,312] {standard_task_runner.py:52} INFO - Started process 924 to run task
[2022-06-01 10:18:44,771] {standard_task_runner.py:76} INFO - Running: ['***', 'tasks', 'run', 'PostgresIngestionDAG', 'ingest', 'scheduled__2022-05-25T16:00:00+00:00', '--job-id', '63', '--raw', '--subdir', 'DAGS_FOLDER/ingest_to_postgres.py', '--cfg-path', '/tmp/tmpeyd2_9pk', '--error-file', '/tmp/tmpzgmuvwh2']
[2022-06-01 10:18:44,936] {standard_task_runner.py:77} INFO - Job 63: Subtask ingest
[2022-06-01 10:18:50,904] {logging_mixin.py:109} INFO - Running <TaskInstance: PostgresIngestionDAG.ingest scheduled__2022-05-25T16:00:00+00:00 [running]> on host 5b72bd51239c
[2022-06-01 10:18:54,358] {taskinstance.py:1426} INFO - Exporting the following env vars:
AIRFLOW_CTX_DAG_OWNER=***
AIRFLOW_CTX_DAG_ID=PostgresIngestionDAG
AIRFLOW_CTX_TASK_ID=ingest
AIRFLOW_CTX_EXECUTION_DATE=2022-05-25T16:00:00+00:00
AIRFLOW_CTX_DAG_RUN_ID=scheduled__2022-05-25T16:00:00+00:00
[2022-06-01 10:18:54,359] {subprocess.py:62} INFO - Tmp dir root location: 
 /tmp
[2022-06-01 10:18:54,360] {subprocess.py:74} INFO - Running command: ['bash', '-c', 'pwd']
[2022-06-01 10:18:55,593] {subprocess.py:85} INFO - Output:
[2022-06-01 10:18:55,632] {subprocess.py:89} INFO - /tmp/***tmpb5iwz4ps
[2022-06-01 10:18:55,739] {subprocess.py:93} INFO - Command exited with return code 0
[2022-06-01 10:18:58,655] {taskinstance.py:1277} INFO - Marking task as SUCCESS. dag_id=PostgresIngestionDAG, task_id=ingest, execution_date=20220525T160000, start_date=20220601T101841, end_date=20220601T101858
[2022-06-01 10:18:59,806] {local_task_job.py:154} INFO - Task exited with return code 0
[2022-06-01 10:19:00,962] {local_task_job.py:264} INFO - 0 downstream tasks scheduled from follow-on schedule check
