[2022-06-01 10:18:09,563] {taskinstance.py:1032} INFO - Dependencies all met for <TaskInstance: PostgresIngestionDAG.ingest scheduled__2022-05-20T16:00:00+00:00 [queued]>
[2022-06-01 10:18:11,356] {taskinstance.py:1032} INFO - Dependencies all met for <TaskInstance: PostgresIngestionDAG.ingest scheduled__2022-05-20T16:00:00+00:00 [queued]>
[2022-06-01 10:18:11,508] {taskinstance.py:1238} INFO - 
--------------------------------------------------------------------------------
[2022-06-01 10:18:11,514] {taskinstance.py:1239} INFO - Starting attempt 1 of 1
[2022-06-01 10:18:11,519] {taskinstance.py:1240} INFO - 
--------------------------------------------------------------------------------
[2022-06-01 10:18:12,503] {taskinstance.py:1259} INFO - Executing <Task(BashOperator): ingest> on 2022-05-20 16:00:00+00:00
[2022-06-01 10:18:12,843] {standard_task_runner.py:52} INFO - Started process 887 to run task
[2022-06-01 10:18:13,206] {standard_task_runner.py:76} INFO - Running: ['***', 'tasks', 'run', 'PostgresIngestionDAG', 'ingest', 'scheduled__2022-05-20T16:00:00+00:00', '--job-id', '57', '--raw', '--subdir', 'DAGS_FOLDER/ingest_to_postgres.py', '--cfg-path', '/tmp/tmp8oozyfof', '--error-file', '/tmp/tmpgiap_eol']
[2022-06-01 10:18:13,289] {standard_task_runner.py:77} INFO - Job 57: Subtask ingest
[2022-06-01 10:18:18,673] {logging_mixin.py:109} INFO - Running <TaskInstance: PostgresIngestionDAG.ingest scheduled__2022-05-20T16:00:00+00:00 [running]> on host 5b72bd51239c
[2022-06-01 10:18:27,187] {taskinstance.py:1426} INFO - Exporting the following env vars:
AIRFLOW_CTX_DAG_OWNER=***
AIRFLOW_CTX_DAG_ID=PostgresIngestionDAG
AIRFLOW_CTX_TASK_ID=ingest
AIRFLOW_CTX_EXECUTION_DATE=2022-05-20T16:00:00+00:00
AIRFLOW_CTX_DAG_RUN_ID=scheduled__2022-05-20T16:00:00+00:00
[2022-06-01 10:18:27,329] {subprocess.py:62} INFO - Tmp dir root location: 
 /tmp
[2022-06-01 10:18:27,377] {subprocess.py:74} INFO - Running command: ['bash', '-c', 'pwd']
[2022-06-01 10:18:28,413] {subprocess.py:85} INFO - Output:
[2022-06-01 10:18:28,435] {subprocess.py:89} INFO - /tmp/***tmpe6sm1gwj
[2022-06-01 10:18:28,940] {subprocess.py:93} INFO - Command exited with return code 0
[2022-06-01 10:18:33,096] {taskinstance.py:1277} INFO - Marking task as SUCCESS. dag_id=PostgresIngestionDAG, task_id=ingest, execution_date=20220520T160000, start_date=20220601T101809, end_date=20220601T101833
[2022-06-01 10:18:34,101] {local_task_job.py:154} INFO - Task exited with return code 0
[2022-06-01 10:18:35,065] {local_task_job.py:264} INFO - 0 downstream tasks scheduled from follow-on schedule check
