[2022-06-01 10:16:35,178] {taskinstance.py:1032} INFO - Dependencies all met for <TaskInstance: PostgresIngestionDAG.ingest scheduled__2022-05-12T16:00:00+00:00 [queued]>
[2022-06-01 10:16:35,822] {taskinstance.py:1032} INFO - Dependencies all met for <TaskInstance: PostgresIngestionDAG.ingest scheduled__2022-05-12T16:00:00+00:00 [queued]>
[2022-06-01 10:16:35,941] {taskinstance.py:1238} INFO - 
--------------------------------------------------------------------------------
[2022-06-01 10:16:35,957] {taskinstance.py:1239} INFO - Starting attempt 1 of 1
[2022-06-01 10:16:35,985] {taskinstance.py:1240} INFO - 
--------------------------------------------------------------------------------
[2022-06-01 10:16:37,721] {taskinstance.py:1259} INFO - Executing <Task(BashOperator): ingest> on 2022-05-12 16:00:00+00:00
[2022-06-01 10:16:38,170] {standard_task_runner.py:52} INFO - Started process 782 to run task
[2022-06-01 10:16:38,678] {standard_task_runner.py:76} INFO - Running: ['***', 'tasks', 'run', 'PostgresIngestionDAG', 'ingest', 'scheduled__2022-05-12T16:00:00+00:00', '--job-id', '38', '--raw', '--subdir', 'DAGS_FOLDER/ingest_to_postgres.py', '--cfg-path', '/tmp/tmp3t9l3sxk', '--error-file', '/tmp/tmpwp5hqbbk']
[2022-06-01 10:16:38,805] {standard_task_runner.py:77} INFO - Job 38: Subtask ingest
[2022-06-01 10:16:42,770] {logging_mixin.py:109} INFO - Running <TaskInstance: PostgresIngestionDAG.ingest scheduled__2022-05-12T16:00:00+00:00 [running]> on host 5b72bd51239c
[2022-06-01 10:16:46,934] {taskinstance.py:1426} INFO - Exporting the following env vars:
AIRFLOW_CTX_DAG_OWNER=***
AIRFLOW_CTX_DAG_ID=PostgresIngestionDAG
AIRFLOW_CTX_TASK_ID=ingest
AIRFLOW_CTX_EXECUTION_DATE=2022-05-12T16:00:00+00:00
AIRFLOW_CTX_DAG_RUN_ID=scheduled__2022-05-12T16:00:00+00:00
[2022-06-01 10:16:47,011] {subprocess.py:62} INFO - Tmp dir root location: 
 /tmp
[2022-06-01 10:16:47,053] {subprocess.py:74} INFO - Running command: ['bash', '-c', 'pwd']
[2022-06-01 10:16:48,165] {subprocess.py:85} INFO - Output:
[2022-06-01 10:16:48,393] {subprocess.py:89} INFO - /tmp/***tmpxh7xfkcw
[2022-06-01 10:16:48,407] {subprocess.py:93} INFO - Command exited with return code 0
[2022-06-01 10:16:49,398] {taskinstance.py:1277} INFO - Marking task as SUCCESS. dag_id=PostgresIngestionDAG, task_id=ingest, execution_date=20220512T160000, start_date=20220601T101635, end_date=20220601T101649
[2022-06-01 10:16:51,669] {local_task_job.py:154} INFO - Task exited with return code 0
[2022-06-01 10:16:53,480] {local_task_job.py:264} INFO - 0 downstream tasks scheduled from follow-on schedule check
