[2022-06-01 10:18:30,405] {taskinstance.py:1032} INFO - Dependencies all met for <TaskInstance: PostgresIngestionDAG.ingest scheduled__2022-05-23T16:00:00+00:00 [queued]>
[2022-06-01 10:18:31,518] {taskinstance.py:1032} INFO - Dependencies all met for <TaskInstance: PostgresIngestionDAG.ingest scheduled__2022-05-23T16:00:00+00:00 [queued]>
[2022-06-01 10:18:31,643] {taskinstance.py:1238} INFO - 
--------------------------------------------------------------------------------
[2022-06-01 10:18:31,691] {taskinstance.py:1239} INFO - Starting attempt 1 of 1
[2022-06-01 10:18:31,735] {taskinstance.py:1240} INFO - 
--------------------------------------------------------------------------------
[2022-06-01 10:18:32,810] {taskinstance.py:1259} INFO - Executing <Task(BashOperator): ingest> on 2022-05-23 16:00:00+00:00
[2022-06-01 10:18:33,137] {standard_task_runner.py:52} INFO - Started process 912 to run task
[2022-06-01 10:18:33,459] {standard_task_runner.py:76} INFO - Running: ['***', 'tasks', 'run', 'PostgresIngestionDAG', 'ingest', 'scheduled__2022-05-23T16:00:00+00:00', '--job-id', '61', '--raw', '--subdir', 'DAGS_FOLDER/ingest_to_postgres.py', '--cfg-path', '/tmp/tmp4du83upz', '--error-file', '/tmp/tmpl1qxdv0t']
[2022-06-01 10:18:33,564] {standard_task_runner.py:77} INFO - Job 61: Subtask ingest
[2022-06-01 10:18:38,610] {logging_mixin.py:109} INFO - Running <TaskInstance: PostgresIngestionDAG.ingest scheduled__2022-05-23T16:00:00+00:00 [running]> on host 5b72bd51239c
[2022-06-01 10:18:43,779] {taskinstance.py:1426} INFO - Exporting the following env vars:
AIRFLOW_CTX_DAG_OWNER=***
AIRFLOW_CTX_DAG_ID=PostgresIngestionDAG
AIRFLOW_CTX_TASK_ID=ingest
AIRFLOW_CTX_EXECUTION_DATE=2022-05-23T16:00:00+00:00
AIRFLOW_CTX_DAG_RUN_ID=scheduled__2022-05-23T16:00:00+00:00
[2022-06-01 10:18:43,960] {subprocess.py:62} INFO - Tmp dir root location: 
 /tmp
[2022-06-01 10:18:44,001] {subprocess.py:74} INFO - Running command: ['bash', '-c', 'pwd']
[2022-06-01 10:18:44,981] {subprocess.py:85} INFO - Output:
[2022-06-01 10:18:44,988] {subprocess.py:89} INFO - /tmp/***tmpa0jdesst
[2022-06-01 10:18:45,254] {subprocess.py:93} INFO - Command exited with return code 0
[2022-06-01 10:18:48,342] {taskinstance.py:1277} INFO - Marking task as SUCCESS. dag_id=PostgresIngestionDAG, task_id=ingest, execution_date=20220523T160000, start_date=20220601T101830, end_date=20220601T101848
[2022-06-01 10:18:50,288] {local_task_job.py:154} INFO - Task exited with return code 0
[2022-06-01 10:18:51,553] {local_task_job.py:264} INFO - 0 downstream tasks scheduled from follow-on schedule check
