[2022-06-01 10:15:55,616] {taskinstance.py:1032} INFO - Dependencies all met for <TaskInstance: PostgresIngestionDAG.wget scheduled__2022-05-12T16:00:00+00:00 [queued]>
[2022-06-01 10:15:56,471] {taskinstance.py:1032} INFO - Dependencies all met for <TaskInstance: PostgresIngestionDAG.wget scheduled__2022-05-12T16:00:00+00:00 [queued]>
[2022-06-01 10:15:56,865] {taskinstance.py:1238} INFO - 
--------------------------------------------------------------------------------
[2022-06-01 10:15:56,865] {taskinstance.py:1239} INFO - Starting attempt 1 of 1
[2022-06-01 10:15:56,865] {taskinstance.py:1240} INFO - 
--------------------------------------------------------------------------------
[2022-06-01 10:15:58,856] {taskinstance.py:1259} INFO - Executing <Task(BashOperator): wget> on 2022-05-12 16:00:00+00:00
[2022-06-01 10:16:00,041] {standard_task_runner.py:52} INFO - Started process 728 to run task
[2022-06-01 10:16:00,875] {standard_task_runner.py:76} INFO - Running: ['***', 'tasks', 'run', 'PostgresIngestionDAG', 'wget', 'scheduled__2022-05-12T16:00:00+00:00', '--job-id', '24', '--raw', '--subdir', 'DAGS_FOLDER/ingest_to_postgres.py', '--cfg-path', '/tmp/tmprquaaj62', '--error-file', '/tmp/tmp61gcrhpe']
[2022-06-01 10:16:01,040] {standard_task_runner.py:77} INFO - Job 24: Subtask wget
[2022-06-01 10:16:04,046] {logging_mixin.py:109} INFO - Running <TaskInstance: PostgresIngestionDAG.wget scheduled__2022-05-12T16:00:00+00:00 [running]> on host 5b72bd51239c
[2022-06-01 10:16:08,575] {taskinstance.py:1426} INFO - Exporting the following env vars:
AIRFLOW_CTX_DAG_OWNER=***
AIRFLOW_CTX_DAG_ID=PostgresIngestionDAG
AIRFLOW_CTX_TASK_ID=wget
AIRFLOW_CTX_EXECUTION_DATE=2022-05-12T16:00:00+00:00
AIRFLOW_CTX_DAG_RUN_ID=scheduled__2022-05-12T16:00:00+00:00
[2022-06-01 10:16:08,637] {subprocess.py:62} INFO - Tmp dir root location: 
 /tmp
[2022-06-01 10:16:08,773] {subprocess.py:74} INFO - Running command: ['bash', '-c', 'echo "hello world!"']
[2022-06-01 10:16:09,422] {subprocess.py:85} INFO - Output:
[2022-06-01 10:16:09,654] {subprocess.py:89} INFO - hello world!
[2022-06-01 10:16:09,657] {subprocess.py:93} INFO - Command exited with return code 0
[2022-06-01 10:16:11,335] {taskinstance.py:1277} INFO - Marking task as SUCCESS. dag_id=PostgresIngestionDAG, task_id=wget, execution_date=20220512T160000, start_date=20220601T101555, end_date=20220601T101611
[2022-06-01 10:16:14,992] {local_task_job.py:154} INFO - Task exited with return code 0
[2022-06-01 10:16:17,970] {local_task_job.py:264} INFO - 0 downstream tasks scheduled from follow-on schedule check
