[2022-06-01 10:16:31,522] {taskinstance.py:1032} INFO - Dependencies all met for <TaskInstance: PostgresIngestionDAG.ingest scheduled__2022-05-10T16:00:00+00:00 [queued]>
[2022-06-01 10:16:33,022] {taskinstance.py:1032} INFO - Dependencies all met for <TaskInstance: PostgresIngestionDAG.ingest scheduled__2022-05-10T16:00:00+00:00 [queued]>
[2022-06-01 10:16:33,121] {taskinstance.py:1238} INFO - 
--------------------------------------------------------------------------------
[2022-06-01 10:16:33,127] {taskinstance.py:1239} INFO - Starting attempt 1 of 1
[2022-06-01 10:16:33,156] {taskinstance.py:1240} INFO - 
--------------------------------------------------------------------------------
[2022-06-01 10:16:33,876] {taskinstance.py:1259} INFO - Executing <Task(BashOperator): ingest> on 2022-05-10 16:00:00+00:00
[2022-06-01 10:16:34,088] {standard_task_runner.py:52} INFO - Started process 777 to run task
[2022-06-01 10:16:34,406] {standard_task_runner.py:76} INFO - Running: ['***', 'tasks', 'run', 'PostgresIngestionDAG', 'ingest', 'scheduled__2022-05-10T16:00:00+00:00', '--job-id', '34', '--raw', '--subdir', 'DAGS_FOLDER/ingest_to_postgres.py', '--cfg-path', '/tmp/tmprvox31em', '--error-file', '/tmp/tmpl39mpug7']
[2022-06-01 10:16:34,488] {standard_task_runner.py:77} INFO - Job 34: Subtask ingest
[2022-06-01 10:16:38,919] {logging_mixin.py:109} INFO - Running <TaskInstance: PostgresIngestionDAG.ingest scheduled__2022-05-10T16:00:00+00:00 [running]> on host 5b72bd51239c
[2022-06-01 10:16:42,975] {taskinstance.py:1426} INFO - Exporting the following env vars:
AIRFLOW_CTX_DAG_OWNER=***
AIRFLOW_CTX_DAG_ID=PostgresIngestionDAG
AIRFLOW_CTX_TASK_ID=ingest
AIRFLOW_CTX_EXECUTION_DATE=2022-05-10T16:00:00+00:00
AIRFLOW_CTX_DAG_RUN_ID=scheduled__2022-05-10T16:00:00+00:00
[2022-06-01 10:16:42,997] {subprocess.py:62} INFO - Tmp dir root location: 
 /tmp
[2022-06-01 10:16:43,047] {subprocess.py:74} INFO - Running command: ['bash', '-c', 'pwd']
[2022-06-01 10:16:43,494] {subprocess.py:85} INFO - Output:
[2022-06-01 10:16:43,703] {subprocess.py:89} INFO - /tmp/***tmpsxma8qov
[2022-06-01 10:16:43,734] {subprocess.py:93} INFO - Command exited with return code 0
[2022-06-01 10:16:45,130] {taskinstance.py:1277} INFO - Marking task as SUCCESS. dag_id=PostgresIngestionDAG, task_id=ingest, execution_date=20220510T160000, start_date=20220601T101631, end_date=20220601T101645
[2022-06-01 10:16:47,248] {local_task_job.py:154} INFO - Task exited with return code 0
[2022-06-01 10:16:49,317] {local_task_job.py:264} INFO - 0 downstream tasks scheduled from follow-on schedule check
