[2022-06-01 10:18:45,762] {taskinstance.py:1032} INFO - Dependencies all met for <TaskInstance: PostgresIngestionDAG.ingest scheduled__2022-05-26T16:00:00+00:00 [queued]>
[2022-06-01 10:18:47,519] {taskinstance.py:1032} INFO - Dependencies all met for <TaskInstance: PostgresIngestionDAG.ingest scheduled__2022-05-26T16:00:00+00:00 [queued]>
[2022-06-01 10:18:47,519] {taskinstance.py:1238} INFO - 
--------------------------------------------------------------------------------
[2022-06-01 10:18:47,520] {taskinstance.py:1239} INFO - Starting attempt 1 of 1
[2022-06-01 10:18:47,520] {taskinstance.py:1240} INFO - 
--------------------------------------------------------------------------------
[2022-06-01 10:18:48,782] {taskinstance.py:1259} INFO - Executing <Task(BashOperator): ingest> on 2022-05-26 16:00:00+00:00
[2022-06-01 10:18:49,626] {standard_task_runner.py:52} INFO - Started process 928 to run task
[2022-06-01 10:18:49,916] {standard_task_runner.py:76} INFO - Running: ['***', 'tasks', 'run', 'PostgresIngestionDAG', 'ingest', 'scheduled__2022-05-26T16:00:00+00:00', '--job-id', '64', '--raw', '--subdir', 'DAGS_FOLDER/ingest_to_postgres.py', '--cfg-path', '/tmp/tmp1jojw7jr', '--error-file', '/tmp/tmphtff5tnb']
[2022-06-01 10:18:50,220] {standard_task_runner.py:77} INFO - Job 64: Subtask ingest
[2022-06-01 10:18:53,322] {logging_mixin.py:109} INFO - Running <TaskInstance: PostgresIngestionDAG.ingest scheduled__2022-05-26T16:00:00+00:00 [running]> on host 5b72bd51239c
[2022-06-01 10:18:58,940] {taskinstance.py:1426} INFO - Exporting the following env vars:
AIRFLOW_CTX_DAG_OWNER=***
AIRFLOW_CTX_DAG_ID=PostgresIngestionDAG
AIRFLOW_CTX_TASK_ID=ingest
AIRFLOW_CTX_EXECUTION_DATE=2022-05-26T16:00:00+00:00
AIRFLOW_CTX_DAG_RUN_ID=scheduled__2022-05-26T16:00:00+00:00
[2022-06-01 10:18:58,953] {subprocess.py:62} INFO - Tmp dir root location: 
 /tmp
[2022-06-01 10:18:59,043] {subprocess.py:74} INFO - Running command: ['bash', '-c', 'pwd']
[2022-06-01 10:18:59,908] {subprocess.py:85} INFO - Output:
[2022-06-01 10:19:00,040] {subprocess.py:89} INFO - /tmp/***tmp7dt8abaj
[2022-06-01 10:19:00,132] {subprocess.py:93} INFO - Command exited with return code 0
[2022-06-01 10:19:01,220] {taskinstance.py:1277} INFO - Marking task as SUCCESS. dag_id=PostgresIngestionDAG, task_id=ingest, execution_date=20220526T160000, start_date=20220601T101845, end_date=20220601T101901
[2022-06-01 10:19:02,649] {local_task_job.py:154} INFO - Task exited with return code 0
[2022-06-01 10:19:03,859] {local_task_job.py:264} INFO - 0 downstream tasks scheduled from follow-on schedule check
