[2022-06-01 10:17:52,089] {taskinstance.py:1032} INFO - Dependencies all met for <TaskInstance: PostgresIngestionDAG.wget scheduled__2022-05-24T16:00:00+00:00 [queued]>
[2022-06-01 10:17:53,077] {taskinstance.py:1032} INFO - Dependencies all met for <TaskInstance: PostgresIngestionDAG.wget scheduled__2022-05-24T16:00:00+00:00 [queued]>
[2022-06-01 10:17:53,128] {taskinstance.py:1238} INFO - 
--------------------------------------------------------------------------------
[2022-06-01 10:17:53,137] {taskinstance.py:1239} INFO - Starting attempt 1 of 1
[2022-06-01 10:17:53,164] {taskinstance.py:1240} INFO - 
--------------------------------------------------------------------------------
[2022-06-01 10:17:53,750] {taskinstance.py:1259} INFO - Executing <Task(BashOperator): wget> on 2022-05-24 16:00:00+00:00
[2022-06-01 10:17:53,966] {standard_task_runner.py:52} INFO - Started process 869 to run task
[2022-06-01 10:17:54,213] {standard_task_runner.py:76} INFO - Running: ['***', 'tasks', 'run', 'PostgresIngestionDAG', 'wget', 'scheduled__2022-05-24T16:00:00+00:00', '--job-id', '51', '--raw', '--subdir', 'DAGS_FOLDER/ingest_to_postgres.py', '--cfg-path', '/tmp/tmp9ugsc3e5', '--error-file', '/tmp/tmpiynbzimj']
[2022-06-01 10:17:54,245] {standard_task_runner.py:77} INFO - Job 51: Subtask wget
[2022-06-01 10:18:00,109] {logging_mixin.py:109} INFO - Running <TaskInstance: PostgresIngestionDAG.wget scheduled__2022-05-24T16:00:00+00:00 [running]> on host 5b72bd51239c
[2022-06-01 10:18:08,067] {taskinstance.py:1426} INFO - Exporting the following env vars:
AIRFLOW_CTX_DAG_OWNER=***
AIRFLOW_CTX_DAG_ID=PostgresIngestionDAG
AIRFLOW_CTX_TASK_ID=wget
AIRFLOW_CTX_EXECUTION_DATE=2022-05-24T16:00:00+00:00
AIRFLOW_CTX_DAG_RUN_ID=scheduled__2022-05-24T16:00:00+00:00
[2022-06-01 10:18:08,113] {subprocess.py:62} INFO - Tmp dir root location: 
 /tmp
[2022-06-01 10:18:08,254] {subprocess.py:74} INFO - Running command: ['bash', '-c', 'echo "hello world!"']
[2022-06-01 10:18:09,833] {subprocess.py:85} INFO - Output:
[2022-06-01 10:18:10,549] {subprocess.py:89} INFO - hello world!
[2022-06-01 10:18:10,550] {subprocess.py:93} INFO - Command exited with return code 0
[2022-06-01 10:18:12,271] {taskinstance.py:1277} INFO - Marking task as SUCCESS. dag_id=PostgresIngestionDAG, task_id=wget, execution_date=20220524T160000, start_date=20220601T101752, end_date=20220601T101812
[2022-06-01 10:18:13,247] {local_task_job.py:212} WARNING - State of this instance has been externally set to success. Terminating instance.
