[2022-06-01 15:02:42,081] {taskinstance.py:1032} INFO - Dependencies all met for <TaskInstance: PostgresIngestionDAG.wget manual__2022-06-01T15:02:37.454465+00:00 [queued]>
[2022-06-01 15:02:42,092] {taskinstance.py:1032} INFO - Dependencies all met for <TaskInstance: PostgresIngestionDAG.wget manual__2022-06-01T15:02:37.454465+00:00 [queued]>
[2022-06-01 15:02:42,093] {taskinstance.py:1238} INFO - 
--------------------------------------------------------------------------------
[2022-06-01 15:02:42,093] {taskinstance.py:1239} INFO - Starting attempt 1 of 1
[2022-06-01 15:02:42,093] {taskinstance.py:1240} INFO - 
--------------------------------------------------------------------------------
[2022-06-01 15:02:42,107] {taskinstance.py:1259} INFO - Executing <Task(BashOperator): wget> on 2022-06-01 15:02:37.454465+00:00
[2022-06-01 15:02:42,122] {standard_task_runner.py:52} INFO - Started process 875 to run task
[2022-06-01 15:02:42,137] {standard_task_runner.py:76} INFO - Running: ['***', 'tasks', 'run', 'PostgresIngestionDAG', 'wget', 'manual__2022-06-01T15:02:37.454465+00:00', '--job-id', '102', '--raw', '--subdir', 'DAGS_FOLDER/ingest_to_postgres.py', '--cfg-path', '/tmp/tmpyx66hear', '--error-file', '/tmp/tmp9cvn9tth']
[2022-06-01 15:02:42,138] {standard_task_runner.py:77} INFO - Job 102: Subtask wget
[2022-06-01 15:02:42,216] {logging_mixin.py:109} INFO - Running <TaskInstance: PostgresIngestionDAG.wget manual__2022-06-01T15:02:37.454465+00:00 [running]> on host 81681d9bfead
[2022-06-01 15:02:42,270] {warnings.py:110} WARNING - /home/***/.local/lib/python3.7/site-packages/***/utils/context.py:152: AirflowContextDeprecationWarning: Accessing 'execution_date' from the template is deprecated and will be removed in a future version. Please use 'data_interval_start' or 'logical_date' instead.
  warnings.warn(_create_deprecation_warning(key, self._deprecation_replacements[key]))

[2022-06-01 15:02:42,301] {taskinstance.py:1426} INFO - Exporting the following env vars:
AIRFLOW_CTX_DAG_OWNER=***
AIRFLOW_CTX_DAG_ID=PostgresIngestionDAG
AIRFLOW_CTX_TASK_ID=wget
AIRFLOW_CTX_EXECUTION_DATE=2022-06-01T15:02:37.454465+00:00
AIRFLOW_CTX_DAG_RUN_ID=manual__2022-06-01T15:02:37.454465+00:00
[2022-06-01 15:02:42,302] {subprocess.py:62} INFO - Tmp dir root location: 
 /tmp
[2022-06-01 15:02:42,303] {subprocess.py:74} INFO - Running command: ['bash', '-c', 'curl -sSL https://nyc-tlc.s3.amazonaws.com/trip+data/fhv_tripdata_2022-06.parquet > /opt/***/file_2022-06.parquet']
[2022-06-01 15:02:42,317] {subprocess.py:85} INFO - Output:
[2022-06-01 15:02:42,708] {subprocess.py:93} INFO - Command exited with return code 0
[2022-06-01 15:02:42,741] {taskinstance.py:1277} INFO - Marking task as SUCCESS. dag_id=PostgresIngestionDAG, task_id=wget, execution_date=20220601T150237, start_date=20220601T150242, end_date=20220601T150242
[2022-06-01 15:02:42,797] {local_task_job.py:154} INFO - Task exited with return code 0
[2022-06-01 15:02:42,839] {local_task_job.py:264} INFO - 1 downstream tasks scheduled from follow-on schedule check
