[2022-06-01 10:19:27,834] {taskinstance.py:1032} INFO - Dependencies all met for <TaskInstance: PostgresIngestionDAG.wget scheduled__2022-05-30T16:00:00+00:00 [queued]>
[2022-06-01 10:19:29,061] {taskinstance.py:1032} INFO - Dependencies all met for <TaskInstance: PostgresIngestionDAG.wget scheduled__2022-05-30T16:00:00+00:00 [queued]>
[2022-06-01 10:19:29,172] {taskinstance.py:1238} INFO - 
--------------------------------------------------------------------------------
[2022-06-01 10:19:29,205] {taskinstance.py:1239} INFO - Starting attempt 1 of 1
[2022-06-01 10:19:29,240] {taskinstance.py:1240} INFO - 
--------------------------------------------------------------------------------
[2022-06-01 10:19:29,894] {taskinstance.py:1259} INFO - Executing <Task(BashOperator): wget> on 2022-05-30 16:00:00+00:00
[2022-06-01 10:19:30,068] {standard_task_runner.py:52} INFO - Started process 961 to run task
[2022-06-01 10:19:30,512] {standard_task_runner.py:76} INFO - Running: ['***', 'tasks', 'run', 'PostgresIngestionDAG', 'wget', 'scheduled__2022-05-30T16:00:00+00:00', '--job-id', '68', '--raw', '--subdir', 'DAGS_FOLDER/ingest_to_postgres.py', '--cfg-path', '/tmp/tmpespurnl0', '--error-file', '/tmp/tmp4qx670gp']
[2022-06-01 10:19:30,549] {standard_task_runner.py:77} INFO - Job 68: Subtask wget
[2022-06-01 10:19:32,672] {logging_mixin.py:109} INFO - Running <TaskInstance: PostgresIngestionDAG.wget scheduled__2022-05-30T16:00:00+00:00 [running]> on host 5b72bd51239c
[2022-06-01 10:19:35,653] {taskinstance.py:1426} INFO - Exporting the following env vars:
AIRFLOW_CTX_DAG_OWNER=***
AIRFLOW_CTX_DAG_ID=PostgresIngestionDAG
AIRFLOW_CTX_TASK_ID=wget
AIRFLOW_CTX_EXECUTION_DATE=2022-05-30T16:00:00+00:00
AIRFLOW_CTX_DAG_RUN_ID=scheduled__2022-05-30T16:00:00+00:00
[2022-06-01 10:19:35,678] {subprocess.py:62} INFO - Tmp dir root location: 
 /tmp
[2022-06-01 10:19:35,728] {subprocess.py:74} INFO - Running command: ['bash', '-c', 'echo "hello world!"']
[2022-06-01 10:19:36,729] {subprocess.py:85} INFO - Output:
[2022-06-01 10:19:36,830] {subprocess.py:89} INFO - hello world!
[2022-06-01 10:19:36,854] {subprocess.py:93} INFO - Command exited with return code 0
[2022-06-01 10:19:37,505] {taskinstance.py:1277} INFO - Marking task as SUCCESS. dag_id=PostgresIngestionDAG, task_id=wget, execution_date=20220530T160000, start_date=20220601T101927, end_date=20220601T101937
[2022-06-01 10:19:38,105] {local_task_job.py:154} INFO - Task exited with return code 0
[2022-06-01 10:19:38,834] {local_task_job.py:264} INFO - 1 downstream tasks scheduled from follow-on schedule check
