[2022-06-01 10:18:13,969] {taskinstance.py:1032} INFO - Dependencies all met for <TaskInstance: PostgresIngestionDAG.wget scheduled__2022-05-28T16:00:00+00:00 [queued]>
[2022-06-01 10:18:15,250] {taskinstance.py:1032} INFO - Dependencies all met for <TaskInstance: PostgresIngestionDAG.wget scheduled__2022-05-28T16:00:00+00:00 [queued]>
[2022-06-01 10:18:15,327] {taskinstance.py:1238} INFO - 
--------------------------------------------------------------------------------
[2022-06-01 10:18:15,346] {taskinstance.py:1239} INFO - Starting attempt 1 of 1
[2022-06-01 10:18:15,350] {taskinstance.py:1240} INFO - 
--------------------------------------------------------------------------------
[2022-06-01 10:18:15,855] {taskinstance.py:1259} INFO - Executing <Task(BashOperator): wget> on 2022-05-28 16:00:00+00:00
[2022-06-01 10:18:16,644] {standard_task_runner.py:52} INFO - Started process 892 to run task
[2022-06-01 10:18:17,076] {standard_task_runner.py:76} INFO - Running: ['***', 'tasks', 'run', 'PostgresIngestionDAG', 'wget', 'scheduled__2022-05-28T16:00:00+00:00', '--job-id', '59', '--raw', '--subdir', 'DAGS_FOLDER/ingest_to_postgres.py', '--cfg-path', '/tmp/tmp2m2ive6_', '--error-file', '/tmp/tmp4ck_k9va']
[2022-06-01 10:18:17,381] {standard_task_runner.py:77} INFO - Job 59: Subtask wget
[2022-06-01 10:18:24,908] {logging_mixin.py:109} INFO - Running <TaskInstance: PostgresIngestionDAG.wget scheduled__2022-05-28T16:00:00+00:00 [running]> on host 5b72bd51239c
[2022-06-01 10:18:32,349] {taskinstance.py:1426} INFO - Exporting the following env vars:
AIRFLOW_CTX_DAG_OWNER=***
AIRFLOW_CTX_DAG_ID=PostgresIngestionDAG
AIRFLOW_CTX_TASK_ID=wget
AIRFLOW_CTX_EXECUTION_DATE=2022-05-28T16:00:00+00:00
AIRFLOW_CTX_DAG_RUN_ID=scheduled__2022-05-28T16:00:00+00:00
[2022-06-01 10:18:32,467] {subprocess.py:62} INFO - Tmp dir root location: 
 /tmp
[2022-06-01 10:18:32,489] {subprocess.py:74} INFO - Running command: ['bash', '-c', 'echo "hello world!"']
[2022-06-01 10:18:33,408] {subprocess.py:85} INFO - Output:
[2022-06-01 10:18:33,414] {subprocess.py:89} INFO - hello world!
[2022-06-01 10:18:33,568] {subprocess.py:93} INFO - Command exited with return code 0
[2022-06-01 10:18:34,462] {taskinstance.py:1277} INFO - Marking task as SUCCESS. dag_id=PostgresIngestionDAG, task_id=wget, execution_date=20220528T160000, start_date=20220601T101813, end_date=20220601T101834
[2022-06-01 10:18:35,414] {local_task_job.py:154} INFO - Task exited with return code 0
[2022-06-01 10:18:38,690] {local_task_job.py:264} INFO - 1 downstream tasks scheduled from follow-on schedule check
