[2022-06-01 10:17:55,066] {taskinstance.py:1032} INFO - Dependencies all met for <TaskInstance: PostgresIngestionDAG.ingest scheduled__2022-05-18T16:00:00+00:00 [queued]>
[2022-06-01 10:17:56,973] {taskinstance.py:1032} INFO - Dependencies all met for <TaskInstance: PostgresIngestionDAG.ingest scheduled__2022-05-18T16:00:00+00:00 [queued]>
[2022-06-01 10:17:57,116] {taskinstance.py:1238} INFO - 
--------------------------------------------------------------------------------
[2022-06-01 10:17:57,117] {taskinstance.py:1239} INFO - Starting attempt 1 of 1
[2022-06-01 10:17:57,117] {taskinstance.py:1240} INFO - 
--------------------------------------------------------------------------------
[2022-06-01 10:17:58,327] {taskinstance.py:1259} INFO - Executing <Task(BashOperator): ingest> on 2022-05-18 16:00:00+00:00
[2022-06-01 10:17:58,797] {standard_task_runner.py:52} INFO - Started process 872 to run task
[2022-06-01 10:17:59,018] {standard_task_runner.py:76} INFO - Running: ['***', 'tasks', 'run', 'PostgresIngestionDAG', 'ingest', 'scheduled__2022-05-18T16:00:00+00:00', '--job-id', '53', '--raw', '--subdir', 'DAGS_FOLDER/ingest_to_postgres.py', '--cfg-path', '/tmp/tmp5om_z3u3', '--error-file', '/tmp/tmpph8spxem']
[2022-06-01 10:17:59,173] {standard_task_runner.py:77} INFO - Job 53: Subtask ingest
[2022-06-01 10:18:05,212] {logging_mixin.py:109} INFO - Running <TaskInstance: PostgresIngestionDAG.ingest scheduled__2022-05-18T16:00:00+00:00 [running]> on host 5b72bd51239c
[2022-06-01 10:18:12,553] {taskinstance.py:1426} INFO - Exporting the following env vars:
AIRFLOW_CTX_DAG_OWNER=***
AIRFLOW_CTX_DAG_ID=PostgresIngestionDAG
AIRFLOW_CTX_TASK_ID=ingest
AIRFLOW_CTX_EXECUTION_DATE=2022-05-18T16:00:00+00:00
AIRFLOW_CTX_DAG_RUN_ID=scheduled__2022-05-18T16:00:00+00:00
[2022-06-01 10:18:12,629] {subprocess.py:62} INFO - Tmp dir root location: 
 /tmp
[2022-06-01 10:18:12,676] {subprocess.py:74} INFO - Running command: ['bash', '-c', 'pwd']
[2022-06-01 10:18:13,425] {subprocess.py:85} INFO - Output:
[2022-06-01 10:18:13,431] {subprocess.py:89} INFO - /tmp/***tmphxm2xe68
[2022-06-01 10:18:13,705] {subprocess.py:93} INFO - Command exited with return code 0
[2022-06-01 10:18:15,992] {taskinstance.py:1277} INFO - Marking task as SUCCESS. dag_id=PostgresIngestionDAG, task_id=ingest, execution_date=20220518T160000, start_date=20220601T101755, end_date=20220601T101815
[2022-06-01 10:18:19,093] {local_task_job.py:154} INFO - Task exited with return code 0
[2022-06-01 10:18:21,521] {local_task_job.py:264} INFO - 0 downstream tasks scheduled from follow-on schedule check
