[2022-06-01 10:16:11,017] {taskinstance.py:1032} INFO - Dependencies all met for <TaskInstance: PostgresIngestionDAG.wget scheduled__2022-05-14T16:00:00+00:00 [queued]>
[2022-06-01 10:16:13,978] {taskinstance.py:1032} INFO - Dependencies all met for <TaskInstance: PostgresIngestionDAG.wget scheduled__2022-05-14T16:00:00+00:00 [queued]>
[2022-06-01 10:16:13,979] {taskinstance.py:1238} INFO - 
--------------------------------------------------------------------------------
[2022-06-01 10:16:13,979] {taskinstance.py:1239} INFO - Starting attempt 1 of 1
[2022-06-01 10:16:13,979] {taskinstance.py:1240} INFO - 
--------------------------------------------------------------------------------
[2022-06-01 10:16:15,074] {taskinstance.py:1259} INFO - Executing <Task(BashOperator): wget> on 2022-05-14 16:00:00+00:00
[2022-06-01 10:16:15,708] {standard_task_runner.py:52} INFO - Started process 753 to run task
[2022-06-01 10:16:16,099] {standard_task_runner.py:76} INFO - Running: ['***', 'tasks', 'run', 'PostgresIngestionDAG', 'wget', 'scheduled__2022-05-14T16:00:00+00:00', '--job-id', '28', '--raw', '--subdir', 'DAGS_FOLDER/ingest_to_postgres.py', '--cfg-path', '/tmp/tmpe7p_9tzv', '--error-file', '/tmp/tmpohw21gyt']
[2022-06-01 10:16:16,199] {standard_task_runner.py:77} INFO - Job 28: Subtask wget
[2022-06-01 10:16:19,648] {logging_mixin.py:109} INFO - Running <TaskInstance: PostgresIngestionDAG.wget scheduled__2022-05-14T16:00:00+00:00 [running]> on host 5b72bd51239c
[2022-06-01 10:16:24,972] {taskinstance.py:1426} INFO - Exporting the following env vars:
AIRFLOW_CTX_DAG_OWNER=***
AIRFLOW_CTX_DAG_ID=PostgresIngestionDAG
AIRFLOW_CTX_TASK_ID=wget
AIRFLOW_CTX_EXECUTION_DATE=2022-05-14T16:00:00+00:00
AIRFLOW_CTX_DAG_RUN_ID=scheduled__2022-05-14T16:00:00+00:00
[2022-06-01 10:16:25,046] {subprocess.py:62} INFO - Tmp dir root location: 
 /tmp
[2022-06-01 10:16:25,089] {subprocess.py:74} INFO - Running command: ['bash', '-c', 'echo "hello world!"']
[2022-06-01 10:16:27,073] {subprocess.py:85} INFO - Output:
[2022-06-01 10:16:27,397] {subprocess.py:89} INFO - hello world!
[2022-06-01 10:16:27,650] {subprocess.py:93} INFO - Command exited with return code 0
[2022-06-01 10:16:30,570] {taskinstance.py:1277} INFO - Marking task as SUCCESS. dag_id=PostgresIngestionDAG, task_id=wget, execution_date=20220514T160000, start_date=20220601T101611, end_date=20220601T101630
[2022-06-01 10:16:33,101] {local_task_job.py:154} INFO - Task exited with return code 0
[2022-06-01 10:16:35,037] {local_task_job.py:264} INFO - 0 downstream tasks scheduled from follow-on schedule check
