[2022-06-01 10:15:47,020] {taskinstance.py:1032} INFO - Dependencies all met for <TaskInstance: PostgresIngestionDAG.wget scheduled__2022-05-10T16:00:00+00:00 [queued]>
[2022-06-01 10:15:48,197] {taskinstance.py:1032} INFO - Dependencies all met for <TaskInstance: PostgresIngestionDAG.wget scheduled__2022-05-10T16:00:00+00:00 [queued]>
[2022-06-01 10:15:48,308] {taskinstance.py:1238} INFO - 
--------------------------------------------------------------------------------
[2022-06-01 10:15:48,309] {taskinstance.py:1239} INFO - Starting attempt 1 of 1
[2022-06-01 10:15:48,309] {taskinstance.py:1240} INFO - 
--------------------------------------------------------------------------------
[2022-06-01 10:15:50,182] {taskinstance.py:1259} INFO - Executing <Task(BashOperator): wget> on 2022-05-10 16:00:00+00:00
[2022-06-01 10:15:50,411] {standard_task_runner.py:52} INFO - Started process 719 to run task
[2022-06-01 10:15:50,900] {standard_task_runner.py:76} INFO - Running: ['***', 'tasks', 'run', 'PostgresIngestionDAG', 'wget', 'scheduled__2022-05-10T16:00:00+00:00', '--job-id', '19', '--raw', '--subdir', 'DAGS_FOLDER/ingest_to_postgres.py', '--cfg-path', '/tmp/tmppavgggmx', '--error-file', '/tmp/tmpoi843770']
[2022-06-01 10:15:51,328] {standard_task_runner.py:77} INFO - Job 19: Subtask wget
[2022-06-01 10:15:55,097] {logging_mixin.py:109} INFO - Running <TaskInstance: PostgresIngestionDAG.wget scheduled__2022-05-10T16:00:00+00:00 [running]> on host 5b72bd51239c
[2022-06-01 10:16:00,557] {taskinstance.py:1426} INFO - Exporting the following env vars:
AIRFLOW_CTX_DAG_OWNER=***
AIRFLOW_CTX_DAG_ID=PostgresIngestionDAG
AIRFLOW_CTX_TASK_ID=wget
AIRFLOW_CTX_EXECUTION_DATE=2022-05-10T16:00:00+00:00
AIRFLOW_CTX_DAG_RUN_ID=scheduled__2022-05-10T16:00:00+00:00
[2022-06-01 10:16:00,558] {subprocess.py:62} INFO - Tmp dir root location: 
 /tmp
[2022-06-01 10:16:00,558] {subprocess.py:74} INFO - Running command: ['bash', '-c', 'echo "hello world!"']
[2022-06-01 10:16:01,444] {subprocess.py:85} INFO - Output:
[2022-06-01 10:16:01,640] {subprocess.py:89} INFO - hello world!
[2022-06-01 10:16:01,694] {subprocess.py:93} INFO - Command exited with return code 0
[2022-06-01 10:16:04,928] {taskinstance.py:1277} INFO - Marking task as SUCCESS. dag_id=PostgresIngestionDAG, task_id=wget, execution_date=20220510T160000, start_date=20220601T101547, end_date=20220601T101604
[2022-06-01 10:16:06,816] {local_task_job.py:154} INFO - Task exited with return code 0
[2022-06-01 10:16:08,377] {local_task_job.py:264} INFO - 1 downstream tasks scheduled from follow-on schedule check
