[2022-06-01 13:51:50,385] {taskinstance.py:1032} INFO - Dependencies all met for <TaskInstance: PostgresIngestionDAG.wget scheduled__2022-04-28T16:00:00+00:00 [queued]>
[2022-06-01 13:51:50,535] {taskinstance.py:1032} INFO - Dependencies all met for <TaskInstance: PostgresIngestionDAG.wget scheduled__2022-04-28T16:00:00+00:00 [queued]>
[2022-06-01 13:51:50,539] {taskinstance.py:1238} INFO - 
--------------------------------------------------------------------------------
[2022-06-01 13:51:50,541] {taskinstance.py:1239} INFO - Starting attempt 1 of 1
[2022-06-01 13:51:50,548] {taskinstance.py:1240} INFO - 
--------------------------------------------------------------------------------
[2022-06-01 13:51:50,721] {taskinstance.py:1259} INFO - Executing <Task(BashOperator): wget> on 2022-04-28 16:00:00+00:00
[2022-06-01 13:51:50,815] {standard_task_runner.py:52} INFO - Started process 1340 to run task
[2022-06-01 13:51:50,852] {standard_task_runner.py:76} INFO - Running: ['***', 'tasks', 'run', 'PostgresIngestionDAG', 'wget', 'scheduled__2022-04-28T16:00:00+00:00', '--job-id', '92', '--raw', '--subdir', 'DAGS_FOLDER/ingest_to_postgres.py', '--cfg-path', '/tmp/tmp69p0f3h2', '--error-file', '/tmp/tmpam4gdtbj']
[2022-06-01 13:51:50,964] {standard_task_runner.py:77} INFO - Job 92: Subtask wget
[2022-06-01 13:51:52,051] {logging_mixin.py:109} INFO - Running <TaskInstance: PostgresIngestionDAG.wget scheduled__2022-04-28T16:00:00+00:00 [running]> on host 73c8109fcc47
[2022-06-01 13:51:52,606] {warnings.py:110} WARNING - /home/***/.local/lib/python3.7/site-packages/***/utils/context.py:152: AirflowContextDeprecationWarning: Accessing 'execution_date' from the template is deprecated and will be removed in a future version. Please use 'data_interval_start' or 'logical_date' instead.
  warnings.warn(_create_deprecation_warning(key, self._deprecation_replacements[key]))

[2022-06-01 13:51:52,829] {taskinstance.py:1426} INFO - Exporting the following env vars:
AIRFLOW_CTX_DAG_OWNER=***
AIRFLOW_CTX_DAG_ID=PostgresIngestionDAG
AIRFLOW_CTX_TASK_ID=wget
AIRFLOW_CTX_EXECUTION_DATE=2022-04-28T16:00:00+00:00
AIRFLOW_CTX_DAG_RUN_ID=scheduled__2022-04-28T16:00:00+00:00
[2022-06-01 13:51:52,839] {subprocess.py:62} INFO - Tmp dir root location: 
 /tmp
[2022-06-01 13:51:52,847] {subprocess.py:74} INFO - Running command: ['bash', '-c', 'curl -sSL https://nyc-tlc.s3.amazonaws.com/trip+data/fhv_tripdata_2022-04.parquet > /opt/***/file_2022-04.parquet']
[2022-06-01 13:51:52,986] {subprocess.py:85} INFO - Output:
[2022-06-01 13:51:53,509] {subprocess.py:93} INFO - Command exited with return code 0
[2022-06-01 13:51:53,609] {taskinstance.py:1277} INFO - Marking task as SUCCESS. dag_id=PostgresIngestionDAG, task_id=wget, execution_date=20220428T160000, start_date=20220601T135150, end_date=20220601T135153
[2022-06-01 13:51:53,726] {local_task_job.py:154} INFO - Task exited with return code 0
[2022-06-01 13:51:54,081] {local_task_job.py:264} INFO - 0 downstream tasks scheduled from follow-on schedule check
[2022-06-01 19:06:56,427] {taskinstance.py:1032} INFO - Dependencies all met for <TaskInstance: PostgresIngestionDAG.wget scheduled__2022-04-28T16:00:00+00:00 [queued]>
[2022-06-01 19:06:56,616] {taskinstance.py:1032} INFO - Dependencies all met for <TaskInstance: PostgresIngestionDAG.wget scheduled__2022-04-28T16:00:00+00:00 [queued]>
[2022-06-01 19:06:56,656] {taskinstance.py:1238} INFO - 
--------------------------------------------------------------------------------
[2022-06-01 19:06:56,657] {taskinstance.py:1239} INFO - Starting attempt 1 of 1
[2022-06-01 19:06:56,671] {taskinstance.py:1240} INFO - 
--------------------------------------------------------------------------------
[2022-06-01 19:06:56,805] {taskinstance.py:1259} INFO - Executing <Task(BashOperator): wget> on 2022-04-28 16:00:00+00:00
[2022-06-01 19:06:56,885] {standard_task_runner.py:52} INFO - Started process 398 to run task
[2022-06-01 19:06:56,925] {standard_task_runner.py:76} INFO - Running: ['***', 'tasks', 'run', 'PostgresIngestionDAG', 'wget', 'scheduled__2022-04-28T16:00:00+00:00', '--job-id', '114', '--raw', '--subdir', 'DAGS_FOLDER/ingest_to_postgres.py', '--cfg-path', '/tmp/tmp1jm83g66', '--error-file', '/tmp/tmpm7ixyh3o']
[2022-06-01 19:06:56,951] {standard_task_runner.py:77} INFO - Job 114: Subtask wget
[2022-06-01 19:06:58,146] {logging_mixin.py:109} INFO - Running <TaskInstance: PostgresIngestionDAG.wget scheduled__2022-04-28T16:00:00+00:00 [running]> on host 45f40c91492d
[2022-06-01 19:06:58,754] {warnings.py:110} WARNING - /home/***/.local/lib/python3.7/site-packages/***/utils/context.py:152: AirflowContextDeprecationWarning: Accessing 'execution_date' from the template is deprecated and will be removed in a future version. Please use 'data_interval_start' or 'logical_date' instead.
  warnings.warn(_create_deprecation_warning(key, self._deprecation_replacements[key]))

[2022-06-01 19:06:59,041] {taskinstance.py:1426} INFO - Exporting the following env vars:
AIRFLOW_CTX_DAG_OWNER=***
AIRFLOW_CTX_DAG_ID=PostgresIngestionDAG
AIRFLOW_CTX_TASK_ID=wget
AIRFLOW_CTX_EXECUTION_DATE=2022-04-28T16:00:00+00:00
AIRFLOW_CTX_DAG_RUN_ID=scheduled__2022-04-28T16:00:00+00:00
[2022-06-01 19:06:59,068] {subprocess.py:62} INFO - Tmp dir root location: 
 /tmp
[2022-06-01 19:06:59,074] {subprocess.py:74} INFO - Running command: ['bash', '-c', 'curl -sSL https://nyc-tlc.s3.amazonaws.com/trip+data/fhv_tripdata_2022-04.parquet > /opt/***/file_2022-04.parquet']
[2022-06-01 19:06:59,382] {subprocess.py:85} INFO - Output:
[2022-06-01 19:07:00,095] {subprocess.py:93} INFO - Command exited with return code 0
[2022-06-01 19:07:00,527] {taskinstance.py:1277} INFO - Marking task as SUCCESS. dag_id=PostgresIngestionDAG, task_id=wget, execution_date=20220428T160000, start_date=20220601T190656, end_date=20220601T190700
[2022-06-01 19:07:00,739] {local_task_job.py:154} INFO - Task exited with return code 0
[2022-06-01 19:07:01,146] {local_task_job.py:264} INFO - 1 downstream tasks scheduled from follow-on schedule check
