[2022-06-01 10:17:22,805] {taskinstance.py:1032} INFO - Dependencies all met for <TaskInstance: PostgresIngestionDAG.wget scheduled__2022-05-18T16:00:00+00:00 [queued]>
[2022-06-01 10:17:23,729] {taskinstance.py:1032} INFO - Dependencies all met for <TaskInstance: PostgresIngestionDAG.wget scheduled__2022-05-18T16:00:00+00:00 [queued]>
[2022-06-01 10:17:23,740] {taskinstance.py:1238} INFO - 
--------------------------------------------------------------------------------
[2022-06-01 10:17:23,755] {taskinstance.py:1239} INFO - Starting attempt 1 of 1
[2022-06-01 10:17:23,768] {taskinstance.py:1240} INFO - 
--------------------------------------------------------------------------------
[2022-06-01 10:17:24,498] {taskinstance.py:1259} INFO - Executing <Task(BashOperator): wget> on 2022-05-18 16:00:00+00:00
[2022-06-01 10:17:24,742] {standard_task_runner.py:52} INFO - Started process 838 to run task
[2022-06-01 10:17:24,943] {standard_task_runner.py:76} INFO - Running: ['***', 'tasks', 'run', 'PostgresIngestionDAG', 'wget', 'scheduled__2022-05-18T16:00:00+00:00', '--job-id', '44', '--raw', '--subdir', 'DAGS_FOLDER/ingest_to_postgres.py', '--cfg-path', '/tmp/tmpom6zsnel', '--error-file', '/tmp/tmpjys5zjgy']
[2022-06-01 10:17:25,110] {standard_task_runner.py:77} INFO - Job 44: Subtask wget
[2022-06-01 10:17:28,673] {logging_mixin.py:109} INFO - Running <TaskInstance: PostgresIngestionDAG.wget scheduled__2022-05-18T16:00:00+00:00 [running]> on host 5b72bd51239c
[2022-06-01 10:17:31,710] {taskinstance.py:1426} INFO - Exporting the following env vars:
AIRFLOW_CTX_DAG_OWNER=***
AIRFLOW_CTX_DAG_ID=PostgresIngestionDAG
AIRFLOW_CTX_TASK_ID=wget
AIRFLOW_CTX_EXECUTION_DATE=2022-05-18T16:00:00+00:00
AIRFLOW_CTX_DAG_RUN_ID=scheduled__2022-05-18T16:00:00+00:00
[2022-06-01 10:17:31,711] {subprocess.py:62} INFO - Tmp dir root location: 
 /tmp
[2022-06-01 10:17:31,712] {subprocess.py:74} INFO - Running command: ['bash', '-c', 'echo "hello world!"']
[2022-06-01 10:17:32,116] {subprocess.py:85} INFO - Output:
[2022-06-01 10:17:32,341] {subprocess.py:89} INFO - hello world!
[2022-06-01 10:17:32,342] {subprocess.py:93} INFO - Command exited with return code 0
[2022-06-01 10:17:34,519] {taskinstance.py:1277} INFO - Marking task as SUCCESS. dag_id=PostgresIngestionDAG, task_id=wget, execution_date=20220518T160000, start_date=20220601T101722, end_date=20220601T101734
[2022-06-01 10:17:36,093] {local_task_job.py:154} INFO - Task exited with return code 0
[2022-06-01 10:17:40,909] {local_task_job.py:264} INFO - 0 downstream tasks scheduled from follow-on schedule check
