[2022-06-01 10:16:56,283] {taskinstance.py:1032} INFO - Dependencies all met for <TaskInstance: PostgresIngestionDAG.ingest scheduled__2022-05-15T16:00:00+00:00 [queued]>
[2022-06-01 10:16:56,696] {taskinstance.py:1032} INFO - Dependencies all met for <TaskInstance: PostgresIngestionDAG.ingest scheduled__2022-05-15T16:00:00+00:00 [queued]>
[2022-06-01 10:16:56,737] {taskinstance.py:1238} INFO - 
--------------------------------------------------------------------------------
[2022-06-01 10:16:56,752] {taskinstance.py:1239} INFO - Starting attempt 1 of 1
[2022-06-01 10:16:56,762] {taskinstance.py:1240} INFO - 
--------------------------------------------------------------------------------
[2022-06-01 10:16:57,282] {taskinstance.py:1259} INFO - Executing <Task(BashOperator): ingest> on 2022-05-15 16:00:00+00:00
[2022-06-01 10:16:57,587] {standard_task_runner.py:52} INFO - Started process 808 to run task
[2022-06-01 10:16:57,899] {standard_task_runner.py:76} INFO - Running: ['***', 'tasks', 'run', 'PostgresIngestionDAG', 'ingest', 'scheduled__2022-05-15T16:00:00+00:00', '--job-id', '41', '--raw', '--subdir', 'DAGS_FOLDER/ingest_to_postgres.py', '--cfg-path', '/tmp/tmp5phxe1yl', '--error-file', '/tmp/tmpy7trvgmp']
[2022-06-01 10:16:57,970] {standard_task_runner.py:77} INFO - Job 41: Subtask ingest
[2022-06-01 10:17:01,115] {logging_mixin.py:109} INFO - Running <TaskInstance: PostgresIngestionDAG.ingest scheduled__2022-05-15T16:00:00+00:00 [running]> on host 5b72bd51239c
[2022-06-01 10:17:04,333] {taskinstance.py:1426} INFO - Exporting the following env vars:
AIRFLOW_CTX_DAG_OWNER=***
AIRFLOW_CTX_DAG_ID=PostgresIngestionDAG
AIRFLOW_CTX_TASK_ID=ingest
AIRFLOW_CTX_EXECUTION_DATE=2022-05-15T16:00:00+00:00
AIRFLOW_CTX_DAG_RUN_ID=scheduled__2022-05-15T16:00:00+00:00
[2022-06-01 10:17:04,392] {subprocess.py:62} INFO - Tmp dir root location: 
 /tmp
[2022-06-01 10:17:04,396] {subprocess.py:74} INFO - Running command: ['bash', '-c', 'pwd']
[2022-06-01 10:17:04,693] {subprocess.py:85} INFO - Output:
[2022-06-01 10:17:04,836] {subprocess.py:89} INFO - /tmp/***tmp9m0mj3pw
[2022-06-01 10:17:04,837] {subprocess.py:93} INFO - Command exited with return code 0
[2022-06-01 10:17:05,348] {taskinstance.py:1277} INFO - Marking task as SUCCESS. dag_id=PostgresIngestionDAG, task_id=ingest, execution_date=20220515T160000, start_date=20220601T101656, end_date=20220601T101705
[2022-06-01 10:17:05,880] {local_task_job.py:154} INFO - Task exited with return code 0
[2022-06-01 10:17:06,441] {local_task_job.py:264} INFO - 0 downstream tasks scheduled from follow-on schedule check
