[2022-06-01 10:16:45,905] {taskinstance.py:1032} INFO - Dependencies all met for <TaskInstance: PostgresIngestionDAG.ingest scheduled__2022-05-13T16:00:00+00:00 [queued]>
[2022-06-01 10:16:47,000] {taskinstance.py:1032} INFO - Dependencies all met for <TaskInstance: PostgresIngestionDAG.ingest scheduled__2022-05-13T16:00:00+00:00 [queued]>
[2022-06-01 10:16:47,106] {taskinstance.py:1238} INFO - 
--------------------------------------------------------------------------------
[2022-06-01 10:16:47,106] {taskinstance.py:1239} INFO - Starting attempt 1 of 1
[2022-06-01 10:16:47,106] {taskinstance.py:1240} INFO - 
--------------------------------------------------------------------------------
[2022-06-01 10:16:48,405] {taskinstance.py:1259} INFO - Executing <Task(BashOperator): ingest> on 2022-05-13 16:00:00+00:00
[2022-06-01 10:16:48,677] {standard_task_runner.py:52} INFO - Started process 800 to run task
[2022-06-01 10:16:48,995] {standard_task_runner.py:76} INFO - Running: ['***', 'tasks', 'run', 'PostgresIngestionDAG', 'ingest', 'scheduled__2022-05-13T16:00:00+00:00', '--job-id', '39', '--raw', '--subdir', 'DAGS_FOLDER/ingest_to_postgres.py', '--cfg-path', '/tmp/tmpj4nkc0r0', '--error-file', '/tmp/tmpw8lgit47']
[2022-06-01 10:16:49,056] {standard_task_runner.py:77} INFO - Job 39: Subtask ingest
[2022-06-01 10:16:52,440] {logging_mixin.py:109} INFO - Running <TaskInstance: PostgresIngestionDAG.ingest scheduled__2022-05-13T16:00:00+00:00 [running]> on host 5b72bd51239c
[2022-06-01 10:16:54,075] {taskinstance.py:1426} INFO - Exporting the following env vars:
AIRFLOW_CTX_DAG_OWNER=***
AIRFLOW_CTX_DAG_ID=PostgresIngestionDAG
AIRFLOW_CTX_TASK_ID=ingest
AIRFLOW_CTX_EXECUTION_DATE=2022-05-13T16:00:00+00:00
AIRFLOW_CTX_DAG_RUN_ID=scheduled__2022-05-13T16:00:00+00:00
[2022-06-01 10:16:54,128] {subprocess.py:62} INFO - Tmp dir root location: 
 /tmp
[2022-06-01 10:16:54,152] {subprocess.py:74} INFO - Running command: ['bash', '-c', 'pwd']
[2022-06-01 10:16:54,440] {subprocess.py:85} INFO - Output:
[2022-06-01 10:16:54,511] {subprocess.py:89} INFO - /tmp/***tmpizvybbqh
[2022-06-01 10:16:54,541] {subprocess.py:93} INFO - Command exited with return code 0
[2022-06-01 10:16:55,095] {taskinstance.py:1277} INFO - Marking task as SUCCESS. dag_id=PostgresIngestionDAG, task_id=ingest, execution_date=20220513T160000, start_date=20220601T101645, end_date=20220601T101655
[2022-06-01 10:16:55,617] {local_task_job.py:154} INFO - Task exited with return code 0
[2022-06-01 10:16:56,102] {local_task_job.py:264} INFO - 0 downstream tasks scheduled from follow-on schedule check
