[2022-06-01 13:51:50,437] {taskinstance.py:1032} INFO - Dependencies all met for <TaskInstance: PostgresIngestionDAG.wget scheduled__2022-03-28T16:00:00+00:00 [queued]>
[2022-06-01 13:51:50,598] {taskinstance.py:1032} INFO - Dependencies all met for <TaskInstance: PostgresIngestionDAG.wget scheduled__2022-03-28T16:00:00+00:00 [queued]>
[2022-06-01 13:51:50,610] {taskinstance.py:1238} INFO - 
--------------------------------------------------------------------------------
[2022-06-01 13:51:50,610] {taskinstance.py:1239} INFO - Starting attempt 1 of 1
[2022-06-01 13:51:50,611] {taskinstance.py:1240} INFO - 
--------------------------------------------------------------------------------
[2022-06-01 13:51:50,786] {taskinstance.py:1259} INFO - Executing <Task(BashOperator): wget> on 2022-03-28 16:00:00+00:00
[2022-06-01 13:51:50,902] {standard_task_runner.py:52} INFO - Started process 1342 to run task
[2022-06-01 13:51:50,977] {standard_task_runner.py:76} INFO - Running: ['***', 'tasks', 'run', 'PostgresIngestionDAG', 'wget', 'scheduled__2022-03-28T16:00:00+00:00', '--job-id', '91', '--raw', '--subdir', 'DAGS_FOLDER/ingest_to_postgres.py', '--cfg-path', '/tmp/tmpxohb_epw', '--error-file', '/tmp/tmp6bo_5h6h']
[2022-06-01 13:51:51,005] {standard_task_runner.py:77} INFO - Job 91: Subtask wget
[2022-06-01 13:51:52,100] {logging_mixin.py:109} INFO - Running <TaskInstance: PostgresIngestionDAG.wget scheduled__2022-03-28T16:00:00+00:00 [running]> on host 73c8109fcc47
[2022-06-01 13:51:52,660] {warnings.py:110} WARNING - /home/***/.local/lib/python3.7/site-packages/***/utils/context.py:152: AirflowContextDeprecationWarning: Accessing 'execution_date' from the template is deprecated and will be removed in a future version. Please use 'data_interval_start' or 'logical_date' instead.
  warnings.warn(_create_deprecation_warning(key, self._deprecation_replacements[key]))

[2022-06-01 13:51:52,867] {taskinstance.py:1426} INFO - Exporting the following env vars:
AIRFLOW_CTX_DAG_OWNER=***
AIRFLOW_CTX_DAG_ID=PostgresIngestionDAG
AIRFLOW_CTX_TASK_ID=wget
AIRFLOW_CTX_EXECUTION_DATE=2022-03-28T16:00:00+00:00
AIRFLOW_CTX_DAG_RUN_ID=scheduled__2022-03-28T16:00:00+00:00
[2022-06-01 13:51:52,880] {subprocess.py:62} INFO - Tmp dir root location: 
 /tmp
[2022-06-01 13:51:52,882] {subprocess.py:74} INFO - Running command: ['bash', '-c', 'curl -sSL https://nyc-tlc.s3.amazonaws.com/trip+data/fhv_tripdata_2022-03.parquet > /opt/***/file_2022-03.parquet']
[2022-06-01 13:51:53,006] {subprocess.py:85} INFO - Output:
[2022-06-01 13:51:54,690] {subprocess.py:93} INFO - Command exited with return code 0
[2022-06-01 13:51:54,865] {taskinstance.py:1277} INFO - Marking task as SUCCESS. dag_id=PostgresIngestionDAG, task_id=wget, execution_date=20220328T160000, start_date=20220601T135150, end_date=20220601T135154
[2022-06-01 13:51:55,077] {local_task_job.py:154} INFO - Task exited with return code 0
[2022-06-01 13:51:55,347] {local_task_job.py:264} INFO - 1 downstream tasks scheduled from follow-on schedule check
[2022-06-01 19:06:55,184] {taskinstance.py:1032} INFO - Dependencies all met for <TaskInstance: PostgresIngestionDAG.wget scheduled__2022-03-28T16:00:00+00:00 [queued]>
[2022-06-01 19:06:55,458] {taskinstance.py:1032} INFO - Dependencies all met for <TaskInstance: PostgresIngestionDAG.wget scheduled__2022-03-28T16:00:00+00:00 [queued]>
[2022-06-01 19:06:55,471] {taskinstance.py:1238} INFO - 
--------------------------------------------------------------------------------
[2022-06-01 19:06:55,471] {taskinstance.py:1239} INFO - Starting attempt 1 of 1
[2022-06-01 19:06:55,471] {taskinstance.py:1240} INFO - 
--------------------------------------------------------------------------------
[2022-06-01 19:06:55,610] {taskinstance.py:1259} INFO - Executing <Task(BashOperator): wget> on 2022-03-28 16:00:00+00:00
[2022-06-01 19:06:55,660] {standard_task_runner.py:52} INFO - Started process 392 to run task
[2022-06-01 19:06:55,714] {standard_task_runner.py:76} INFO - Running: ['***', 'tasks', 'run', 'PostgresIngestionDAG', 'wget', 'scheduled__2022-03-28T16:00:00+00:00', '--job-id', '113', '--raw', '--subdir', 'DAGS_FOLDER/ingest_to_postgres.py', '--cfg-path', '/tmp/tmpcn7_7qan', '--error-file', '/tmp/tmpns7seix5']
[2022-06-01 19:06:55,777] {standard_task_runner.py:77} INFO - Job 113: Subtask wget
[2022-06-01 19:06:56,609] {logging_mixin.py:109} INFO - Running <TaskInstance: PostgresIngestionDAG.wget scheduled__2022-03-28T16:00:00+00:00 [running]> on host 45f40c91492d
[2022-06-01 19:06:57,152] {warnings.py:110} WARNING - /home/***/.local/lib/python3.7/site-packages/***/utils/context.py:152: AirflowContextDeprecationWarning: Accessing 'execution_date' from the template is deprecated and will be removed in a future version. Please use 'data_interval_start' or 'logical_date' instead.
  warnings.warn(_create_deprecation_warning(key, self._deprecation_replacements[key]))

[2022-06-01 19:06:57,443] {taskinstance.py:1426} INFO - Exporting the following env vars:
AIRFLOW_CTX_DAG_OWNER=***
AIRFLOW_CTX_DAG_ID=PostgresIngestionDAG
AIRFLOW_CTX_TASK_ID=wget
AIRFLOW_CTX_EXECUTION_DATE=2022-03-28T16:00:00+00:00
AIRFLOW_CTX_DAG_RUN_ID=scheduled__2022-03-28T16:00:00+00:00
[2022-06-01 19:06:57,474] {subprocess.py:62} INFO - Tmp dir root location: 
 /tmp
[2022-06-01 19:06:57,488] {subprocess.py:74} INFO - Running command: ['bash', '-c', 'curl -sSL https://nyc-tlc.s3.amazonaws.com/trip+data/fhv_tripdata_2022-03.parquet > /opt/***/file_2022-03.parquet']
[2022-06-01 19:06:57,772] {subprocess.py:85} INFO - Output:
[2022-06-01 19:06:59,660] {subprocess.py:93} INFO - Command exited with return code 0
[2022-06-01 19:07:00,517] {taskinstance.py:1277} INFO - Marking task as SUCCESS. dag_id=PostgresIngestionDAG, task_id=wget, execution_date=20220328T160000, start_date=20220601T190655, end_date=20220601T190700
[2022-06-01 19:07:01,062] {local_task_job.py:154} INFO - Task exited with return code 0
[2022-06-01 19:07:01,720] {local_task_job.py:264} INFO - 0 downstream tasks scheduled from follow-on schedule check
