[2022-06-01 10:16:35,196] {taskinstance.py:1032} INFO - Dependencies all met for <TaskInstance: PostgresIngestionDAG.wget scheduled__2022-05-16T16:00:00+00:00 [queued]>
[2022-06-01 10:16:35,791] {taskinstance.py:1032} INFO - Dependencies all met for <TaskInstance: PostgresIngestionDAG.wget scheduled__2022-05-16T16:00:00+00:00 [queued]>
[2022-06-01 10:16:35,831] {taskinstance.py:1238} INFO - 
--------------------------------------------------------------------------------
[2022-06-01 10:16:35,851] {taskinstance.py:1239} INFO - Starting attempt 1 of 1
[2022-06-01 10:16:35,921] {taskinstance.py:1240} INFO - 
--------------------------------------------------------------------------------
[2022-06-01 10:16:37,476] {taskinstance.py:1259} INFO - Executing <Task(BashOperator): wget> on 2022-05-16 16:00:00+00:00
[2022-06-01 10:16:38,135] {standard_task_runner.py:52} INFO - Started process 781 to run task
[2022-06-01 10:16:38,633] {standard_task_runner.py:76} INFO - Running: ['***', 'tasks', 'run', 'PostgresIngestionDAG', 'wget', 'scheduled__2022-05-16T16:00:00+00:00', '--job-id', '37', '--raw', '--subdir', 'DAGS_FOLDER/ingest_to_postgres.py', '--cfg-path', '/tmp/tmp84r16963', '--error-file', '/tmp/tmpzjski402']
[2022-06-01 10:16:38,733] {standard_task_runner.py:77} INFO - Job 37: Subtask wget
[2022-06-01 10:16:42,668] {logging_mixin.py:109} INFO - Running <TaskInstance: PostgresIngestionDAG.wget scheduled__2022-05-16T16:00:00+00:00 [running]> on host 5b72bd51239c
[2022-06-01 10:16:46,927] {taskinstance.py:1426} INFO - Exporting the following env vars:
AIRFLOW_CTX_DAG_OWNER=***
AIRFLOW_CTX_DAG_ID=PostgresIngestionDAG
AIRFLOW_CTX_TASK_ID=wget
AIRFLOW_CTX_EXECUTION_DATE=2022-05-16T16:00:00+00:00
AIRFLOW_CTX_DAG_RUN_ID=scheduled__2022-05-16T16:00:00+00:00
[2022-06-01 10:16:46,984] {subprocess.py:62} INFO - Tmp dir root location: 
 /tmp
[2022-06-01 10:16:47,043] {subprocess.py:74} INFO - Running command: ['bash', '-c', 'echo "hello world!"']
[2022-06-01 10:16:48,075] {subprocess.py:85} INFO - Output:
[2022-06-01 10:16:48,441] {subprocess.py:89} INFO - hello world!
[2022-06-01 10:16:48,445] {subprocess.py:93} INFO - Command exited with return code 0
[2022-06-01 10:16:49,279] {taskinstance.py:1277} INFO - Marking task as SUCCESS. dag_id=PostgresIngestionDAG, task_id=wget, execution_date=20220516T160000, start_date=20220601T101635, end_date=20220601T101649
[2022-06-01 10:16:51,270] {local_task_job.py:154} INFO - Task exited with return code 0
[2022-06-01 10:16:52,225] {local_task_job.py:264} INFO - 1 downstream tasks scheduled from follow-on schedule check
