[2022-06-01 10:17:01,310] {taskinstance.py:1032} INFO - Dependencies all met for <TaskInstance: PostgresIngestionDAG.ingest scheduled__2022-05-16T16:00:00+00:00 [queued]>
[2022-06-01 10:17:02,359] {taskinstance.py:1032} INFO - Dependencies all met for <TaskInstance: PostgresIngestionDAG.ingest scheduled__2022-05-16T16:00:00+00:00 [queued]>
[2022-06-01 10:17:02,359] {taskinstance.py:1238} INFO - 
--------------------------------------------------------------------------------
[2022-06-01 10:17:02,360] {taskinstance.py:1239} INFO - Starting attempt 1 of 1
[2022-06-01 10:17:02,360] {taskinstance.py:1240} INFO - 
--------------------------------------------------------------------------------
[2022-06-01 10:17:03,153] {taskinstance.py:1259} INFO - Executing <Task(BashOperator): ingest> on 2022-05-16 16:00:00+00:00
[2022-06-01 10:17:03,450] {standard_task_runner.py:52} INFO - Started process 816 to run task
[2022-06-01 10:17:03,918] {standard_task_runner.py:76} INFO - Running: ['***', 'tasks', 'run', 'PostgresIngestionDAG', 'ingest', 'scheduled__2022-05-16T16:00:00+00:00', '--job-id', '42', '--raw', '--subdir', 'DAGS_FOLDER/ingest_to_postgres.py', '--cfg-path', '/tmp/tmpv3e655ma', '--error-file', '/tmp/tmpduspu0uk']
[2022-06-01 10:17:03,992] {standard_task_runner.py:77} INFO - Job 42: Subtask ingest
[2022-06-01 10:17:05,749] {logging_mixin.py:109} INFO - Running <TaskInstance: PostgresIngestionDAG.ingest scheduled__2022-05-16T16:00:00+00:00 [running]> on host 5b72bd51239c
[2022-06-01 10:17:07,341] {taskinstance.py:1426} INFO - Exporting the following env vars:
AIRFLOW_CTX_DAG_OWNER=***
AIRFLOW_CTX_DAG_ID=PostgresIngestionDAG
AIRFLOW_CTX_TASK_ID=ingest
AIRFLOW_CTX_EXECUTION_DATE=2022-05-16T16:00:00+00:00
AIRFLOW_CTX_DAG_RUN_ID=scheduled__2022-05-16T16:00:00+00:00
[2022-06-01 10:17:07,361] {subprocess.py:62} INFO - Tmp dir root location: 
 /tmp
[2022-06-01 10:17:07,377] {subprocess.py:74} INFO - Running command: ['bash', '-c', 'pwd']
[2022-06-01 10:17:07,637] {subprocess.py:85} INFO - Output:
[2022-06-01 10:17:07,764] {subprocess.py:89} INFO - /tmp/***tmp8ohj43h2
[2022-06-01 10:17:07,765] {subprocess.py:93} INFO - Command exited with return code 0
[2022-06-01 10:17:08,955] {taskinstance.py:1277} INFO - Marking task as SUCCESS. dag_id=PostgresIngestionDAG, task_id=ingest, execution_date=20220516T160000, start_date=20220601T101701, end_date=20220601T101708
[2022-06-01 10:17:09,626] {local_task_job.py:154} INFO - Task exited with return code 0
[2022-06-01 10:17:10,195] {local_task_job.py:264} INFO - 0 downstream tasks scheduled from follow-on schedule check
