[2022-06-01 10:47:19,539] {taskinstance.py:1032} INFO - Dependencies all met for <TaskInstance: PostgresIngestionDAG.wget manual__2022-06-01T10:41:09.901077+00:00 [queued]>
[2022-06-01 10:47:19,620] {taskinstance.py:1032} INFO - Dependencies all met for <TaskInstance: PostgresIngestionDAG.wget manual__2022-06-01T10:41:09.901077+00:00 [queued]>
[2022-06-01 10:47:19,624] {taskinstance.py:1238} INFO - 
--------------------------------------------------------------------------------
[2022-06-01 10:47:19,637] {taskinstance.py:1239} INFO - Starting attempt 2 of 2
[2022-06-01 10:47:19,637] {taskinstance.py:1240} INFO - 
--------------------------------------------------------------------------------
[2022-06-01 10:47:19,703] {taskinstance.py:1259} INFO - Executing <Task(BashOperator): wget> on 2022-06-01 10:41:09.901077+00:00
[2022-06-01 10:47:19,747] {standard_task_runner.py:52} INFO - Started process 1755 to run task
[2022-06-01 10:47:19,783] {standard_task_runner.py:76} INFO - Running: ['***', 'tasks', 'run', 'PostgresIngestionDAG', 'wget', 'manual__2022-06-01T10:41:09.901077+00:00', '--job-id', '74', '--raw', '--subdir', 'DAGS_FOLDER/ingest_to_postgres.py', '--cfg-path', '/tmp/tmpir5lxtk6', '--error-file', '/tmp/tmp6u94d70l']
[2022-06-01 10:47:19,794] {standard_task_runner.py:77} INFO - Job 74: Subtask wget
[2022-06-01 10:47:20,068] {logging_mixin.py:109} INFO - Running <TaskInstance: PostgresIngestionDAG.wget manual__2022-06-01T10:41:09.901077+00:00 [running]> on host 5b72bd51239c
[2022-06-01 10:47:20,535] {taskinstance.py:1426} INFO - Exporting the following env vars:
AIRFLOW_CTX_DAG_OWNER=***
AIRFLOW_CTX_DAG_ID=PostgresIngestionDAG
AIRFLOW_CTX_TASK_ID=wget
AIRFLOW_CTX_EXECUTION_DATE=2022-06-01T10:41:09.901077+00:00
AIRFLOW_CTX_DAG_RUN_ID=manual__2022-06-01T10:41:09.901077+00:00
[2022-06-01 10:47:20,538] {subprocess.py:62} INFO - Tmp dir root location: 
 /tmp
[2022-06-01 10:47:20,544] {subprocess.py:74} INFO - Running command: ['bash', '-c', 'curl -sSL https://nyc-tlc.s3.amazonaws.com/trip+data/fhv_tripdata_2019-01.parquet > /opt/***/file.parquet']
[2022-06-01 10:47:20,620] {subprocess.py:85} INFO - Output:
[2022-06-01 10:47:27,523] {subprocess.py:93} INFO - Command exited with return code 0
[2022-06-01 10:47:27,558] {taskinstance.py:1277} INFO - Marking task as SUCCESS. dag_id=PostgresIngestionDAG, task_id=wget, execution_date=20220601T104109, start_date=20220601T104719, end_date=20220601T104727
[2022-06-01 10:47:27,604] {local_task_job.py:154} INFO - Task exited with return code 0
[2022-06-01 10:47:27,646] {local_task_job.py:264} INFO - 1 downstream tasks scheduled from follow-on schedule check
