[2022-06-01 11:13:00,893] {taskinstance.py:1032} INFO - Dependencies all met for <TaskInstance: PostgresIngestionDAG.wget manual__2022-06-01T10:41:09.901077+00:00 [queued]>
[2022-06-01 11:13:00,921] {taskinstance.py:1032} INFO - Dependencies all met for <TaskInstance: PostgresIngestionDAG.wget manual__2022-06-01T10:41:09.901077+00:00 [queued]>
[2022-06-01 11:13:00,926] {taskinstance.py:1238} INFO - 
--------------------------------------------------------------------------------
[2022-06-01 11:13:00,926] {taskinstance.py:1239} INFO - Starting attempt 7 of 7
[2022-06-01 11:13:00,926] {taskinstance.py:1240} INFO - 
--------------------------------------------------------------------------------
[2022-06-01 11:13:00,958] {taskinstance.py:1259} INFO - Executing <Task(BashOperator): wget> on 2022-06-01 10:41:09.901077+00:00
[2022-06-01 11:13:00,969] {standard_task_runner.py:52} INFO - Started process 2622 to run task
[2022-06-01 11:13:00,991] {standard_task_runner.py:76} INFO - Running: ['***', 'tasks', 'run', 'PostgresIngestionDAG', 'wget', 'manual__2022-06-01T10:41:09.901077+00:00', '--job-id', '84', '--raw', '--subdir', 'DAGS_FOLDER/ingest_to_postgres.py', '--cfg-path', '/tmp/tmpzw4ak8vl', '--error-file', '/tmp/tmpfszqqu0z']
[2022-06-01 11:13:00,996] {standard_task_runner.py:77} INFO - Job 84: Subtask wget
[2022-06-01 11:13:01,128] {logging_mixin.py:109} INFO - Running <TaskInstance: PostgresIngestionDAG.wget manual__2022-06-01T10:41:09.901077+00:00 [running]> on host 5b72bd51239c
[2022-06-01 11:13:01,225] {warnings.py:110} WARNING - /home/***/.local/lib/python3.7/site-packages/***/utils/context.py:152: AirflowContextDeprecationWarning: Accessing 'execution_date' from the template is deprecated and will be removed in a future version. Please use 'data_interval_start' or 'logical_date' instead.
  warnings.warn(_create_deprecation_warning(key, self._deprecation_replacements[key]))

[2022-06-01 11:13:01,254] {taskinstance.py:1426} INFO - Exporting the following env vars:
AIRFLOW_CTX_DAG_OWNER=***
AIRFLOW_CTX_DAG_ID=PostgresIngestionDAG
AIRFLOW_CTX_TASK_ID=wget
AIRFLOW_CTX_EXECUTION_DATE=2022-06-01T10:41:09.901077+00:00
AIRFLOW_CTX_DAG_RUN_ID=manual__2022-06-01T10:41:09.901077+00:00
[2022-06-01 11:13:01,257] {subprocess.py:62} INFO - Tmp dir root location: 
 /tmp
[2022-06-01 11:13:01,258] {subprocess.py:74} INFO - Running command: ['bash', '-c', 'curl -sSL https://nyc-tlc.s3.amazonaws.com/trip+data/fhv_tripdata_2022-06.parquet > /opt/***/file_2022-06.parquet']
[2022-06-01 11:13:01,271] {subprocess.py:85} INFO - Output:
[2022-06-01 11:13:01,644] {subprocess.py:93} INFO - Command exited with return code 0
[2022-06-01 11:13:01,679] {taskinstance.py:1277} INFO - Marking task as SUCCESS. dag_id=PostgresIngestionDAG, task_id=wget, execution_date=20220601T104109, start_date=20220601T111300, end_date=20220601T111301
[2022-06-01 11:13:01,742] {local_task_job.py:154} INFO - Task exited with return code 0
[2022-06-01 11:13:01,814] {local_task_job.py:264} INFO - 0 downstream tasks scheduled from follow-on schedule check
