[2022-06-01 10:16:05,298] {taskinstance.py:1032} INFO - Dependencies all met for <TaskInstance: PostgresIngestionDAG.ingest scheduled__2022-05-04T16:00:00+00:00 [queued]>
[2022-06-01 10:16:07,007] {taskinstance.py:1032} INFO - Dependencies all met for <TaskInstance: PostgresIngestionDAG.ingest scheduled__2022-05-04T16:00:00+00:00 [queued]>
[2022-06-01 10:16:07,075] {taskinstance.py:1238} INFO - 
--------------------------------------------------------------------------------
[2022-06-01 10:16:07,105] {taskinstance.py:1239} INFO - Starting attempt 1 of 1
[2022-06-01 10:16:07,125] {taskinstance.py:1240} INFO - 
--------------------------------------------------------------------------------
[2022-06-01 10:16:08,147] {taskinstance.py:1259} INFO - Executing <Task(BashOperator): ingest> on 2022-05-04 16:00:00+00:00
[2022-06-01 10:16:08,557] {standard_task_runner.py:52} INFO - Started process 745 to run task
[2022-06-01 10:16:08,863] {standard_task_runner.py:76} INFO - Running: ['***', 'tasks', 'run', 'PostgresIngestionDAG', 'ingest', 'scheduled__2022-05-04T16:00:00+00:00', '--job-id', '27', '--raw', '--subdir', 'DAGS_FOLDER/ingest_to_postgres.py', '--cfg-path', '/tmp/tmpewpuhtyi', '--error-file', '/tmp/tmpn6jq2wao']
[2022-06-01 10:16:08,961] {standard_task_runner.py:77} INFO - Job 27: Subtask ingest
[2022-06-01 10:16:15,546] {logging_mixin.py:109} INFO - Running <TaskInstance: PostgresIngestionDAG.ingest scheduled__2022-05-04T16:00:00+00:00 [running]> on host 5b72bd51239c
[2022-06-01 10:16:18,992] {taskinstance.py:1426} INFO - Exporting the following env vars:
AIRFLOW_CTX_DAG_OWNER=***
AIRFLOW_CTX_DAG_ID=PostgresIngestionDAG
AIRFLOW_CTX_TASK_ID=ingest
AIRFLOW_CTX_EXECUTION_DATE=2022-05-04T16:00:00+00:00
AIRFLOW_CTX_DAG_RUN_ID=scheduled__2022-05-04T16:00:00+00:00
[2022-06-01 10:16:19,131] {subprocess.py:62} INFO - Tmp dir root location: 
 /tmp
[2022-06-01 10:16:19,155] {subprocess.py:74} INFO - Running command: ['bash', '-c', 'pwd']
[2022-06-01 10:16:19,994] {subprocess.py:85} INFO - Output:
[2022-06-01 10:16:20,004] {subprocess.py:89} INFO - /tmp/***tmpmm_yqc3j
[2022-06-01 10:16:20,233] {subprocess.py:93} INFO - Command exited with return code 0
[2022-06-01 10:16:24,022] {taskinstance.py:1277} INFO - Marking task as SUCCESS. dag_id=PostgresIngestionDAG, task_id=ingest, execution_date=20220504T160000, start_date=20220601T101605, end_date=20220601T101624
[2022-06-01 10:16:25,706] {local_task_job.py:154} INFO - Task exited with return code 0
[2022-06-01 10:16:31,643] {local_task_job.py:264} INFO - 0 downstream tasks scheduled from follow-on schedule check
