[2022-06-01 10:57:24,177] {taskinstance.py:1032} INFO - Dependencies all met for <TaskInstance: PostgresIngestionDAG.ingest manual__2022-06-01T10:41:09.901077+00:00 [queued]>
[2022-06-01 10:57:24,230] {taskinstance.py:1032} INFO - Dependencies all met for <TaskInstance: PostgresIngestionDAG.ingest manual__2022-06-01T10:41:09.901077+00:00 [queued]>
[2022-06-01 10:57:24,267] {taskinstance.py:1238} INFO - 
--------------------------------------------------------------------------------
[2022-06-01 10:57:24,267] {taskinstance.py:1239} INFO - Starting attempt 2 of 2
[2022-06-01 10:57:24,267] {taskinstance.py:1240} INFO - 
--------------------------------------------------------------------------------
[2022-06-01 10:57:24,416] {taskinstance.py:1259} INFO - Executing <Task(BashOperator): ingest> on 2022-06-01 10:41:09.901077+00:00
[2022-06-01 10:57:24,483] {standard_task_runner.py:52} INFO - Started process 2108 to run task
[2022-06-01 10:57:24,590] {standard_task_runner.py:76} INFO - Running: ['***', 'tasks', 'run', 'PostgresIngestionDAG', 'ingest', 'manual__2022-06-01T10:41:09.901077+00:00', '--job-id', '77', '--raw', '--subdir', 'DAGS_FOLDER/ingest_to_postgres.py', '--cfg-path', '/tmp/tmpdf9bno90', '--error-file', '/tmp/tmprowq__x7']
[2022-06-01 10:57:24,601] {standard_task_runner.py:77} INFO - Job 77: Subtask ingest
[2022-06-01 10:57:25,197] {logging_mixin.py:109} INFO - Running <TaskInstance: PostgresIngestionDAG.ingest manual__2022-06-01T10:41:09.901077+00:00 [running]> on host 5b72bd51239c
[2022-06-01 10:57:25,478] {taskinstance.py:1426} INFO - Exporting the following env vars:
AIRFLOW_CTX_DAG_OWNER=***
AIRFLOW_CTX_DAG_ID=PostgresIngestionDAG
AIRFLOW_CTX_TASK_ID=ingest
AIRFLOW_CTX_EXECUTION_DATE=2022-06-01T10:41:09.901077+00:00
AIRFLOW_CTX_DAG_RUN_ID=manual__2022-06-01T10:41:09.901077+00:00
[2022-06-01 10:57:25,481] {subprocess.py:62} INFO - Tmp dir root location: 
 /tmp
[2022-06-01 10:57:25,485] {subprocess.py:74} INFO - Running command: ['bash', '-c', 'ls /opt/***']
[2022-06-01 10:57:25,545] {subprocess.py:85} INFO - Output:
[2022-06-01 10:57:25,584] {subprocess.py:89} INFO - ***-worker.pid
[2022-06-01 10:57:25,597] {subprocess.py:89} INFO - ***.cfg
[2022-06-01 10:57:25,597] {subprocess.py:89} INFO - dags
[2022-06-01 10:57:25,597] {subprocess.py:89} INFO - file.parquet
[2022-06-01 10:57:25,598] {subprocess.py:89} INFO - google_credentials.json
[2022-06-01 10:57:25,598] {subprocess.py:89} INFO - logs
[2022-06-01 10:57:25,598] {subprocess.py:89} INFO - plugins
[2022-06-01 10:57:25,598] {subprocess.py:89} INFO - requirements.txt
[2022-06-01 10:57:25,599] {subprocess.py:89} INFO - webserver_config.py
[2022-06-01 10:57:25,606] {subprocess.py:93} INFO - Command exited with return code 0
[2022-06-01 10:57:25,800] {taskinstance.py:1277} INFO - Marking task as SUCCESS. dag_id=PostgresIngestionDAG, task_id=ingest, execution_date=20220601T104109, start_date=20220601T105724, end_date=20220601T105725
[2022-06-01 10:57:25,905] {local_task_job.py:154} INFO - Task exited with return code 0
[2022-06-01 10:57:25,969] {local_task_job.py:264} INFO - 0 downstream tasks scheduled from follow-on schedule check
