[2022-06-01 11:02:43,819] {taskinstance.py:1032} INFO - Dependencies all met for <TaskInstance: PostgresIngestionDAG.ingest manual__2022-06-01T10:41:09.901077+00:00 [queued]>
[2022-06-01 11:02:43,833] {taskinstance.py:1032} INFO - Dependencies all met for <TaskInstance: PostgresIngestionDAG.ingest manual__2022-06-01T10:41:09.901077+00:00 [queued]>
[2022-06-01 11:02:43,833] {taskinstance.py:1238} INFO - 
--------------------------------------------------------------------------------
[2022-06-01 11:02:43,833] {taskinstance.py:1239} INFO - Starting attempt 3 of 3
[2022-06-01 11:02:43,833] {taskinstance.py:1240} INFO - 
--------------------------------------------------------------------------------
[2022-06-01 11:02:43,850] {taskinstance.py:1259} INFO - Executing <Task(BashOperator): ingest> on 2022-06-01 10:41:09.901077+00:00
[2022-06-01 11:02:43,855] {standard_task_runner.py:52} INFO - Started process 2273 to run task
[2022-06-01 11:02:43,865] {standard_task_runner.py:76} INFO - Running: ['***', 'tasks', 'run', 'PostgresIngestionDAG', 'ingest', 'manual__2022-06-01T10:41:09.901077+00:00', '--job-id', '79', '--raw', '--subdir', 'DAGS_FOLDER/ingest_to_postgres.py', '--cfg-path', '/tmp/tmps02wa1mv', '--error-file', '/tmp/tmpzxozfq0g']
[2022-06-01 11:02:43,866] {standard_task_runner.py:77} INFO - Job 79: Subtask ingest
[2022-06-01 11:02:43,998] {logging_mixin.py:109} INFO - Running <TaskInstance: PostgresIngestionDAG.ingest manual__2022-06-01T10:41:09.901077+00:00 [running]> on host 5b72bd51239c
[2022-06-01 11:02:44,078] {taskinstance.py:1426} INFO - Exporting the following env vars:
AIRFLOW_CTX_DAG_OWNER=***
AIRFLOW_CTX_DAG_ID=PostgresIngestionDAG
AIRFLOW_CTX_TASK_ID=ingest
AIRFLOW_CTX_EXECUTION_DATE=2022-06-01T10:41:09.901077+00:00
AIRFLOW_CTX_DAG_RUN_ID=manual__2022-06-01T10:41:09.901077+00:00
[2022-06-01 11:02:44,081] {subprocess.py:62} INFO - Tmp dir root location: 
 /tmp
[2022-06-01 11:02:44,083] {subprocess.py:74} INFO - Running command: ['bash', '-c', 'ls /opt/***']
[2022-06-01 11:02:44,096] {subprocess.py:85} INFO - Output:
[2022-06-01 11:02:44,102] {subprocess.py:89} INFO - ***-worker.pid
[2022-06-01 11:02:44,102] {subprocess.py:89} INFO - ***.cfg
[2022-06-01 11:02:44,103] {subprocess.py:89} INFO - dags
[2022-06-01 11:02:44,103] {subprocess.py:89} INFO - file.parquet
[2022-06-01 11:02:44,103] {subprocess.py:89} INFO - google_credentials.json
[2022-06-01 11:02:44,103] {subprocess.py:89} INFO - logs
[2022-06-01 11:02:44,103] {subprocess.py:89} INFO - plugins
[2022-06-01 11:02:44,103] {subprocess.py:89} INFO - requirements.txt
[2022-06-01 11:02:44,103] {subprocess.py:89} INFO - webserver_config.py
[2022-06-01 11:02:44,104] {subprocess.py:93} INFO - Command exited with return code 0
[2022-06-01 11:02:44,144] {taskinstance.py:1277} INFO - Marking task as SUCCESS. dag_id=PostgresIngestionDAG, task_id=ingest, execution_date=20220601T104109, start_date=20220601T110243, end_date=20220601T110244
[2022-06-01 11:02:44,203] {local_task_job.py:154} INFO - Task exited with return code 0
[2022-06-01 11:02:44,289] {local_task_job.py:264} INFO - 0 downstream tasks scheduled from follow-on schedule check
