[2022-06-01 11:10:04,301] {taskinstance.py:1032} INFO - Dependencies all met for <TaskInstance: PostgresIngestionDAG.ingest manual__2022-06-01T10:41:09.901077+00:00 [queued]>
[2022-06-01 11:10:04,360] {taskinstance.py:1032} INFO - Dependencies all met for <TaskInstance: PostgresIngestionDAG.ingest manual__2022-06-01T10:41:09.901077+00:00 [queued]>
[2022-06-01 11:10:04,363] {taskinstance.py:1238} INFO - 
--------------------------------------------------------------------------------
[2022-06-01 11:10:04,364] {taskinstance.py:1239} INFO - Starting attempt 4 of 4
[2022-06-01 11:10:04,368] {taskinstance.py:1240} INFO - 
--------------------------------------------------------------------------------
[2022-06-01 11:10:04,425] {taskinstance.py:1259} INFO - Executing <Task(BashOperator): ingest> on 2022-06-01 10:41:09.901077+00:00
[2022-06-01 11:10:04,443] {standard_task_runner.py:52} INFO - Started process 2536 to run task
[2022-06-01 11:10:04,478] {standard_task_runner.py:76} INFO - Running: ['***', 'tasks', 'run', 'PostgresIngestionDAG', 'ingest', 'manual__2022-06-01T10:41:09.901077+00:00', '--job-id', '81', '--raw', '--subdir', 'DAGS_FOLDER/ingest_to_postgres.py', '--cfg-path', '/tmp/tmpk2mdi6ib', '--error-file', '/tmp/tmpk2vf2ff1']
[2022-06-01 11:10:04,482] {standard_task_runner.py:77} INFO - Job 81: Subtask ingest
[2022-06-01 11:10:04,717] {logging_mixin.py:109} INFO - Running <TaskInstance: PostgresIngestionDAG.ingest manual__2022-06-01T10:41:09.901077+00:00 [running]> on host 5b72bd51239c
[2022-06-01 11:10:05,070] {taskinstance.py:1426} INFO - Exporting the following env vars:
AIRFLOW_CTX_DAG_OWNER=***
AIRFLOW_CTX_DAG_ID=PostgresIngestionDAG
AIRFLOW_CTX_TASK_ID=ingest
AIRFLOW_CTX_EXECUTION_DATE=2022-06-01T10:41:09.901077+00:00
AIRFLOW_CTX_DAG_RUN_ID=manual__2022-06-01T10:41:09.901077+00:00
[2022-06-01 11:10:05,073] {subprocess.py:62} INFO - Tmp dir root location: 
 /tmp
[2022-06-01 11:10:05,092] {subprocess.py:74} INFO - Running command: ['bash', '-c', 'ls /opt/***']
[2022-06-01 11:10:05,164] {subprocess.py:85} INFO - Output:
[2022-06-01 11:10:05,206] {subprocess.py:89} INFO - ***-worker.pid
[2022-06-01 11:10:05,212] {subprocess.py:89} INFO - ***.cfg
[2022-06-01 11:10:05,213] {subprocess.py:89} INFO - dags
[2022-06-01 11:10:05,213] {subprocess.py:89} INFO - file.parquet
[2022-06-01 11:10:05,213] {subprocess.py:89} INFO - file_2022-06.parquet
[2022-06-01 11:10:05,213] {subprocess.py:89} INFO - google_credentials.json
[2022-06-01 11:10:05,213] {subprocess.py:89} INFO - logs
[2022-06-01 11:10:05,213] {subprocess.py:89} INFO - plugins
[2022-06-01 11:10:05,213] {subprocess.py:89} INFO - requirements.txt
[2022-06-01 11:10:05,213] {subprocess.py:89} INFO - webserver_config.py
[2022-06-01 11:10:05,214] {subprocess.py:93} INFO - Command exited with return code 0
[2022-06-01 11:10:05,370] {taskinstance.py:1277} INFO - Marking task as SUCCESS. dag_id=PostgresIngestionDAG, task_id=ingest, execution_date=20220601T104109, start_date=20220601T111004, end_date=20220601T111005
[2022-06-01 11:10:05,580] {local_task_job.py:154} INFO - Task exited with return code 0
[2022-06-01 11:10:05,743] {local_task_job.py:264} INFO - 0 downstream tasks scheduled from follow-on schedule check
