[2022-06-01 10:17:26,891] {taskinstance.py:1032} INFO - Dependencies all met for <TaskInstance: PostgresIngestionDAG.wget scheduled__2022-05-19T16:00:00+00:00 [queued]>
[2022-06-01 10:17:27,599] {taskinstance.py:1032} INFO - Dependencies all met for <TaskInstance: PostgresIngestionDAG.wget scheduled__2022-05-19T16:00:00+00:00 [queued]>
[2022-06-01 10:17:27,600] {taskinstance.py:1238} INFO - 
--------------------------------------------------------------------------------
[2022-06-01 10:17:27,600] {taskinstance.py:1239} INFO - Starting attempt 1 of 1
[2022-06-01 10:17:27,600] {taskinstance.py:1240} INFO - 
--------------------------------------------------------------------------------
[2022-06-01 10:17:28,609] {taskinstance.py:1259} INFO - Executing <Task(BashOperator): wget> on 2022-05-19 16:00:00+00:00
[2022-06-01 10:17:28,843] {standard_task_runner.py:52} INFO - Started process 840 to run task
[2022-06-01 10:17:29,069] {standard_task_runner.py:76} INFO - Running: ['***', 'tasks', 'run', 'PostgresIngestionDAG', 'wget', 'scheduled__2022-05-19T16:00:00+00:00', '--job-id', '45', '--raw', '--subdir', 'DAGS_FOLDER/ingest_to_postgres.py', '--cfg-path', '/tmp/tmpllakwrlk', '--error-file', '/tmp/tmpgiyglhrp']
[2022-06-01 10:17:29,155] {standard_task_runner.py:77} INFO - Job 45: Subtask wget
[2022-06-01 10:17:32,319] {logging_mixin.py:109} INFO - Running <TaskInstance: PostgresIngestionDAG.wget scheduled__2022-05-19T16:00:00+00:00 [running]> on host 5b72bd51239c
[2022-06-01 10:17:35,681] {taskinstance.py:1426} INFO - Exporting the following env vars:
AIRFLOW_CTX_DAG_OWNER=***
AIRFLOW_CTX_DAG_ID=PostgresIngestionDAG
AIRFLOW_CTX_TASK_ID=wget
AIRFLOW_CTX_EXECUTION_DATE=2022-05-19T16:00:00+00:00
AIRFLOW_CTX_DAG_RUN_ID=scheduled__2022-05-19T16:00:00+00:00
[2022-06-01 10:17:35,765] {subprocess.py:62} INFO - Tmp dir root location: 
 /tmp
[2022-06-01 10:17:35,766] {subprocess.py:74} INFO - Running command: ['bash', '-c', 'echo "hello world!"']
[2022-06-01 10:17:36,567] {subprocess.py:85} INFO - Output:
[2022-06-01 10:17:36,743] {subprocess.py:89} INFO - hello world!
[2022-06-01 10:17:36,744] {subprocess.py:93} INFO - Command exited with return code 0
[2022-06-01 10:17:40,320] {taskinstance.py:1277} INFO - Marking task as SUCCESS. dag_id=PostgresIngestionDAG, task_id=wget, execution_date=20220519T160000, start_date=20220601T101726, end_date=20220601T101740
[2022-06-01 10:17:42,125] {local_task_job.py:154} INFO - Task exited with return code 0
[2022-06-01 10:17:46,765] {local_task_job.py:264} INFO - 0 downstream tasks scheduled from follow-on schedule check
