[2022-06-01 10:16:05,356] {taskinstance.py:1032} INFO - Dependencies all met for <TaskInstance: PostgresIngestionDAG.wget scheduled__2022-05-13T16:00:00+00:00 [queued]>
[2022-06-01 10:16:06,894] {taskinstance.py:1032} INFO - Dependencies all met for <TaskInstance: PostgresIngestionDAG.wget scheduled__2022-05-13T16:00:00+00:00 [queued]>
[2022-06-01 10:16:07,020] {taskinstance.py:1238} INFO - 
--------------------------------------------------------------------------------
[2022-06-01 10:16:07,065] {taskinstance.py:1239} INFO - Starting attempt 1 of 1
[2022-06-01 10:16:07,092] {taskinstance.py:1240} INFO - 
--------------------------------------------------------------------------------
[2022-06-01 10:16:08,158] {taskinstance.py:1259} INFO - Executing <Task(BashOperator): wget> on 2022-05-13 16:00:00+00:00
[2022-06-01 10:16:08,514] {standard_task_runner.py:52} INFO - Started process 746 to run task
[2022-06-01 10:16:08,743] {standard_task_runner.py:76} INFO - Running: ['***', 'tasks', 'run', 'PostgresIngestionDAG', 'wget', 'scheduled__2022-05-13T16:00:00+00:00', '--job-id', '26', '--raw', '--subdir', 'DAGS_FOLDER/ingest_to_postgres.py', '--cfg-path', '/tmp/tmp5l3re9je', '--error-file', '/tmp/tmpat3tkfby']
[2022-06-01 10:16:08,953] {standard_task_runner.py:77} INFO - Job 26: Subtask wget
[2022-06-01 10:16:15,787] {logging_mixin.py:109} INFO - Running <TaskInstance: PostgresIngestionDAG.wget scheduled__2022-05-13T16:00:00+00:00 [running]> on host 5b72bd51239c
[2022-06-01 10:16:19,135] {taskinstance.py:1426} INFO - Exporting the following env vars:
AIRFLOW_CTX_DAG_OWNER=***
AIRFLOW_CTX_DAG_ID=PostgresIngestionDAG
AIRFLOW_CTX_TASK_ID=wget
AIRFLOW_CTX_EXECUTION_DATE=2022-05-13T16:00:00+00:00
AIRFLOW_CTX_DAG_RUN_ID=scheduled__2022-05-13T16:00:00+00:00
[2022-06-01 10:16:19,201] {subprocess.py:62} INFO - Tmp dir root location: 
 /tmp
[2022-06-01 10:16:19,247] {subprocess.py:74} INFO - Running command: ['bash', '-c', 'echo "hello world!"']
[2022-06-01 10:16:20,137] {subprocess.py:85} INFO - Output:
[2022-06-01 10:16:20,228] {subprocess.py:89} INFO - hello world!
[2022-06-01 10:16:20,353] {subprocess.py:93} INFO - Command exited with return code 0
[2022-06-01 10:16:24,010] {taskinstance.py:1277} INFO - Marking task as SUCCESS. dag_id=PostgresIngestionDAG, task_id=wget, execution_date=20220513T160000, start_date=20220601T101605, end_date=20220601T101624
[2022-06-01 10:16:26,192] {local_task_job.py:154} INFO - Task exited with return code 0
[2022-06-01 10:16:31,865] {local_task_job.py:264} INFO - 0 downstream tasks scheduled from follow-on schedule check
