[2022-06-01 10:15:27,926] {taskinstance.py:1032} INFO - Dependencies all met for <TaskInstance: PostgresIngestionDAG.wget scheduled__2022-05-05T16:00:00+00:00 [queued]>
[2022-06-01 10:15:29,404] {taskinstance.py:1032} INFO - Dependencies all met for <TaskInstance: PostgresIngestionDAG.wget scheduled__2022-05-05T16:00:00+00:00 [queued]>
[2022-06-01 10:15:29,404] {taskinstance.py:1238} INFO - 
--------------------------------------------------------------------------------
[2022-06-01 10:15:29,404] {taskinstance.py:1239} INFO - Starting attempt 1 of 1
[2022-06-01 10:15:29,404] {taskinstance.py:1240} INFO - 
--------------------------------------------------------------------------------
[2022-06-01 10:15:30,837] {taskinstance.py:1259} INFO - Executing <Task(BashOperator): wget> on 2022-05-05 16:00:00+00:00
[2022-06-01 10:15:31,396] {standard_task_runner.py:52} INFO - Started process 694 to run task
[2022-06-01 10:15:32,041] {standard_task_runner.py:76} INFO - Running: ['***', 'tasks', 'run', 'PostgresIngestionDAG', 'wget', 'scheduled__2022-05-05T16:00:00+00:00', '--job-id', '14', '--raw', '--subdir', 'DAGS_FOLDER/ingest_to_postgres.py', '--cfg-path', '/tmp/tmp26sborzg', '--error-file', '/tmp/tmpndt7w9fl']
[2022-06-01 10:15:32,041] {standard_task_runner.py:77} INFO - Job 14: Subtask wget
[2022-06-01 10:15:36,815] {logging_mixin.py:109} INFO - Running <TaskInstance: PostgresIngestionDAG.wget scheduled__2022-05-05T16:00:00+00:00 [running]> on host 5b72bd51239c
[2022-06-01 10:15:40,497] {taskinstance.py:1426} INFO - Exporting the following env vars:
AIRFLOW_CTX_DAG_OWNER=***
AIRFLOW_CTX_DAG_ID=PostgresIngestionDAG
AIRFLOW_CTX_TASK_ID=wget
AIRFLOW_CTX_EXECUTION_DATE=2022-05-05T16:00:00+00:00
AIRFLOW_CTX_DAG_RUN_ID=scheduled__2022-05-05T16:00:00+00:00
[2022-06-01 10:15:40,537] {subprocess.py:62} INFO - Tmp dir root location: 
 /tmp
[2022-06-01 10:15:40,585] {subprocess.py:74} INFO - Running command: ['bash', '-c', 'echo "hello world!"']
[2022-06-01 10:15:41,132] {subprocess.py:85} INFO - Output:
[2022-06-01 10:15:41,753] {subprocess.py:89} INFO - hello world!
[2022-06-01 10:15:41,764] {subprocess.py:93} INFO - Command exited with return code 0
[2022-06-01 10:15:46,759] {taskinstance.py:1277} INFO - Marking task as SUCCESS. dag_id=PostgresIngestionDAG, task_id=wget, execution_date=20220505T160000, start_date=20220601T101527, end_date=20220601T101546
[2022-06-01 10:15:48,245] {local_task_job.py:154} INFO - Task exited with return code 0
[2022-06-01 10:15:50,860] {local_task_job.py:264} INFO - 1 downstream tasks scheduled from follow-on schedule check
