[2022-06-01 10:15:30,002] {taskinstance.py:1032} INFO - Dependencies all met for <TaskInstance: PostgresIngestionDAG.wget scheduled__2022-05-06T16:00:00+00:00 [queued]>
[2022-06-01 10:15:31,057] {taskinstance.py:1032} INFO - Dependencies all met for <TaskInstance: PostgresIngestionDAG.wget scheduled__2022-05-06T16:00:00+00:00 [queued]>
[2022-06-01 10:15:31,156] {taskinstance.py:1238} INFO - 
--------------------------------------------------------------------------------
[2022-06-01 10:15:31,157] {taskinstance.py:1239} INFO - Starting attempt 1 of 1
[2022-06-01 10:15:31,157] {taskinstance.py:1240} INFO - 
--------------------------------------------------------------------------------
[2022-06-01 10:15:32,772] {taskinstance.py:1259} INFO - Executing <Task(BashOperator): wget> on 2022-05-06 16:00:00+00:00
[2022-06-01 10:15:33,395] {standard_task_runner.py:52} INFO - Started process 697 to run task
[2022-06-01 10:15:33,987] {standard_task_runner.py:76} INFO - Running: ['***', 'tasks', 'run', 'PostgresIngestionDAG', 'wget', 'scheduled__2022-05-06T16:00:00+00:00', '--job-id', '15', '--raw', '--subdir', 'DAGS_FOLDER/ingest_to_postgres.py', '--cfg-path', '/tmp/tmp9jxrpoxp', '--error-file', '/tmp/tmp3pq5avw7']
[2022-06-01 10:15:33,988] {standard_task_runner.py:77} INFO - Job 15: Subtask wget
[2022-06-01 10:15:38,413] {logging_mixin.py:109} INFO - Running <TaskInstance: PostgresIngestionDAG.wget scheduled__2022-05-06T16:00:00+00:00 [running]> on host 5b72bd51239c
[2022-06-01 10:15:42,116] {taskinstance.py:1426} INFO - Exporting the following env vars:
AIRFLOW_CTX_DAG_OWNER=***
AIRFLOW_CTX_DAG_ID=PostgresIngestionDAG
AIRFLOW_CTX_TASK_ID=wget
AIRFLOW_CTX_EXECUTION_DATE=2022-05-06T16:00:00+00:00
AIRFLOW_CTX_DAG_RUN_ID=scheduled__2022-05-06T16:00:00+00:00
[2022-06-01 10:15:42,159] {subprocess.py:62} INFO - Tmp dir root location: 
 /tmp
[2022-06-01 10:15:42,395] {subprocess.py:74} INFO - Running command: ['bash', '-c', 'echo "hello world!"']
[2022-06-01 10:15:43,819] {subprocess.py:85} INFO - Output:
[2022-06-01 10:15:44,224] {subprocess.py:89} INFO - hello world!
[2022-06-01 10:15:44,442] {subprocess.py:93} INFO - Command exited with return code 0
[2022-06-01 10:15:46,779] {taskinstance.py:1277} INFO - Marking task as SUCCESS. dag_id=PostgresIngestionDAG, task_id=wget, execution_date=20220506T160000, start_date=20220601T101530, end_date=20220601T101546
[2022-06-01 10:15:47,664] {local_task_job.py:154} INFO - Task exited with return code 0
[2022-06-01 10:15:50,293] {local_task_job.py:264} INFO - 1 downstream tasks scheduled from follow-on schedule check
