[2022-06-01 10:17:34,962] {taskinstance.py:1032} INFO - Dependencies all met for <TaskInstance: PostgresIngestionDAG.wget scheduled__2022-05-21T16:00:00+00:00 [queued]>
[2022-06-01 10:17:36,146] {taskinstance.py:1032} INFO - Dependencies all met for <TaskInstance: PostgresIngestionDAG.wget scheduled__2022-05-21T16:00:00+00:00 [queued]>
[2022-06-01 10:17:36,226] {taskinstance.py:1238} INFO - 
--------------------------------------------------------------------------------
[2022-06-01 10:17:36,236] {taskinstance.py:1239} INFO - Starting attempt 1 of 1
[2022-06-01 10:17:36,236] {taskinstance.py:1240} INFO - 
--------------------------------------------------------------------------------
[2022-06-01 10:17:36,853] {taskinstance.py:1259} INFO - Executing <Task(BashOperator): wget> on 2022-05-21 16:00:00+00:00
[2022-06-01 10:17:37,523] {standard_task_runner.py:76} INFO - Running: ['***', 'tasks', 'run', 'PostgresIngestionDAG', 'wget', 'scheduled__2022-05-21T16:00:00+00:00', '--job-id', '47', '--raw', '--subdir', 'DAGS_FOLDER/ingest_to_postgres.py', '--cfg-path', '/tmp/tmp519qi3ld', '--error-file', '/tmp/tmpv0w8jxqv']
[2022-06-01 10:17:37,524] {standard_task_runner.py:77} INFO - Job 47: Subtask wget
[2022-06-01 10:17:37,111] {standard_task_runner.py:52} INFO - Started process 846 to run task
[2022-06-01 10:17:42,131] {logging_mixin.py:109} INFO - Running <TaskInstance: PostgresIngestionDAG.wget scheduled__2022-05-21T16:00:00+00:00 [running]> on host 5b72bd51239c
[2022-06-01 10:17:47,197] {taskinstance.py:1426} INFO - Exporting the following env vars:
AIRFLOW_CTX_DAG_OWNER=***
AIRFLOW_CTX_DAG_ID=PostgresIngestionDAG
AIRFLOW_CTX_TASK_ID=wget
AIRFLOW_CTX_EXECUTION_DATE=2022-05-21T16:00:00+00:00
AIRFLOW_CTX_DAG_RUN_ID=scheduled__2022-05-21T16:00:00+00:00
[2022-06-01 10:17:47,213] {subprocess.py:62} INFO - Tmp dir root location: 
 /tmp
[2022-06-01 10:17:47,293] {subprocess.py:74} INFO - Running command: ['bash', '-c', 'echo "hello world!"']
[2022-06-01 10:17:48,240] {subprocess.py:85} INFO - Output:
[2022-06-01 10:17:48,295] {subprocess.py:89} INFO - hello world!
[2022-06-01 10:17:48,472] {subprocess.py:93} INFO - Command exited with return code 0
[2022-06-01 10:17:51,794] {taskinstance.py:1277} INFO - Marking task as SUCCESS. dag_id=PostgresIngestionDAG, task_id=wget, execution_date=20220521T160000, start_date=20220601T101734, end_date=20220601T101751
[2022-06-01 10:17:53,090] {local_task_job.py:154} INFO - Task exited with return code 0
[2022-06-01 10:17:55,248] {local_task_job.py:264} INFO - 0 downstream tasks scheduled from follow-on schedule check
