[2022-06-01 10:18:09,800] {taskinstance.py:1032} INFO - Dependencies all met for <TaskInstance: PostgresIngestionDAG.wget scheduled__2022-05-27T16:00:00+00:00 [queued]>
[2022-06-01 10:18:11,471] {taskinstance.py:1032} INFO - Dependencies all met for <TaskInstance: PostgresIngestionDAG.wget scheduled__2022-05-27T16:00:00+00:00 [queued]>
[2022-06-01 10:18:11,471] {taskinstance.py:1238} INFO - 
--------------------------------------------------------------------------------
[2022-06-01 10:18:11,471] {taskinstance.py:1239} INFO - Starting attempt 1 of 1
[2022-06-01 10:18:11,471] {taskinstance.py:1240} INFO - 
--------------------------------------------------------------------------------
[2022-06-01 10:18:12,483] {taskinstance.py:1259} INFO - Executing <Task(BashOperator): wget> on 2022-05-27 16:00:00+00:00
[2022-06-01 10:18:12,849] {standard_task_runner.py:52} INFO - Started process 888 to run task
[2022-06-01 10:18:13,178] {standard_task_runner.py:76} INFO - Running: ['***', 'tasks', 'run', 'PostgresIngestionDAG', 'wget', 'scheduled__2022-05-27T16:00:00+00:00', '--job-id', '56', '--raw', '--subdir', 'DAGS_FOLDER/ingest_to_postgres.py', '--cfg-path', '/tmp/tmp0qedo3p0', '--error-file', '/tmp/tmpj0q1jory']
[2022-06-01 10:18:13,288] {standard_task_runner.py:77} INFO - Job 56: Subtask wget
[2022-06-01 10:18:18,530] {logging_mixin.py:109} INFO - Running <TaskInstance: PostgresIngestionDAG.wget scheduled__2022-05-27T16:00:00+00:00 [running]> on host 5b72bd51239c
[2022-06-01 10:18:27,357] {taskinstance.py:1426} INFO - Exporting the following env vars:
AIRFLOW_CTX_DAG_OWNER=***
AIRFLOW_CTX_DAG_ID=PostgresIngestionDAG
AIRFLOW_CTX_TASK_ID=wget
AIRFLOW_CTX_EXECUTION_DATE=2022-05-27T16:00:00+00:00
AIRFLOW_CTX_DAG_RUN_ID=scheduled__2022-05-27T16:00:00+00:00
[2022-06-01 10:18:27,422] {subprocess.py:62} INFO - Tmp dir root location: 
 /tmp
[2022-06-01 10:18:27,513] {subprocess.py:74} INFO - Running command: ['bash', '-c', 'echo "hello world!"']
[2022-06-01 10:18:28,713] {subprocess.py:85} INFO - Output:
[2022-06-01 10:18:29,277] {subprocess.py:89} INFO - hello world!
[2022-06-01 10:18:29,337] {subprocess.py:93} INFO - Command exited with return code 0
[2022-06-01 10:18:33,092] {taskinstance.py:1277} INFO - Marking task as SUCCESS. dag_id=PostgresIngestionDAG, task_id=wget, execution_date=20220527T160000, start_date=20220601T101810, end_date=20220601T101833
[2022-06-01 10:18:34,155] {local_task_job.py:154} INFO - Task exited with return code 0
[2022-06-01 10:18:35,233] {local_task_job.py:264} INFO - 1 downstream tasks scheduled from follow-on schedule check
